ivandrozd@Dr0ozdik ~ % multipass shell Ubuntu-GUI
Welcome to Ubuntu 24.04.2 LTS (GNU/Linux 6.8.0-60-generic aarch64)

 * Documentation:  https://help.ubuntu.com
 * Management:     https://landscape.canonical.com
 * Support:        https://ubuntu.com/pro

 System information as of Sat May 24 12:07:31 MSK 2025

  System load:             0.0
  Usage of /:              61.3% of 18.33GB
  Memory usage:            10%
  Swap usage:              0%
  Processes:               144
  Users logged in:         0

 * Strictly confined Kubernetes makes edge and IoT secure. Learn how MicroK8s
   just raised the bar for easy, resilient and secure K8s cluster deployment.

   https://ubuntu.com/engage/secure-kubernetes-at-the-edge

Expanded Security Maintenance for Applications is not enabled.

80 updates can be applied immediately.
To see these additional updates run: apt list --upgradable

Enable ESM Apps to receive additional future security updates.
See https://ubuntu.com/esm or run: sudo pro status

ubuntu@Ubuntu-GUI:~$ export GITHUB_USERNAME=Dr0-ozdik777
ubuntu@Ubuntu-GUI:~$ alias gsed=sed
ubuntu@Ubuntu-GUI:~$ cd Dr0-ozdik777/workspace
ubuntu@Ubuntu-GUI:~/Dr0-ozdik777/workspace$ pushd .
~/Dr0-ozdik777/workspace ~/Dr0-ozdik777/workspace
ubuntu@Ubuntu-GUI:~/Dr0-ozdik777/workspace$ source scripts/activate
ubuntu@Ubuntu-GUI:~/Dr0-ozdik777/workspace$ git clone https://github.com/Dr0-ozdik777/lab06 projects/lab07
Cloning into 'projects/lab07'...
remote: Enumerating objects: 52, done.
remote: Counting objects: 100% (52/52), done.
remote: Compressing objects: 100% (33/33), done.
remote: Total 52 (delta 13), reused 43 (delta 9), pack-reused 0 (from 0)
Receiving objects: 100% (52/52), 29.47 KiB | 2.27 MiB/s, done.
Resolving deltas: 100% (13/13), done.
ubuntu@Ubuntu-GUI:~/Dr0-ozdik777/workspace$ cd projects/lab07
ubuntu@Ubuntu-GUI:~/Dr0-ozdik777/workspace/projects/lab07$ git remote remove origin
ubuntu@Ubuntu-GUI:~/Dr0-ozdik777/workspace/projects/lab07$ git remote add origin https://github.com/Dr0-ozdik777/lab07

ubuntu@Ubuntu-GUI:~/Dr0-ozdik777/workspace/projects/lab07$ mkdir -p cmake
ubuntu@Ubuntu-GUI:~/Dr0-ozdik777/workspace/projects/lab07$ wget https://raw.githubusercontent.com/cpp-pm/gate/master/cmake/HunterGate.cmake -O cmake/HunterGate.cmake
--2025-05-24 12:09:46--  https://raw.githubusercontent.com/cpp-pm/gate/master/cmake/HunterGate.cmake
Resolving raw.githubusercontent.com (raw.githubusercontent.com)... 185.199.110.133, 185.199.109.133, 185.199.111.133, ...
Connecting to raw.githubusercontent.com (raw.githubusercontent.com)|185.199.110.133|:443... connected.
HTTP request sent, awaiting response... 200 OK
Length: 17231 (17K) [text/plain]
Saving to: ‘cmake/HunterGate.cmake’

cmake/HunterGate.cmake    100%[=====================================>]  16.83K  --.-KB/s    in 0.005s  

2025-05-24 12:09:46 (3.26 MB/s) - ‘cmake/HunterGate.cmake’ saved [17231/17231]

ubuntu@Ubuntu-GUI:~/Dr0-ozdik777/workspace/projects/lab07$ git rm -rf third-party/gtest
rm 'third-party/gtest'

ubuntu@Ubuntu-GUI:~/Dr0-ozdik777/workspace/projects/lab07$ cat <<EOF > CMakeLists.txt
cmake_minimum_required(VERSION 3.10)
include("cmake/HunterGate.cmake")
HunterGate(
    URL "https://github.com/cpp-pm/hunter/archive/v0.23.251.tar.gz"
    SHA1 "5659b15dc0884d4b03dbd95710e6a1fa0fc3258d"
)

project(print VERSION 0.1.0)
set(PRINT_VERSION_MAJOR 0)
set(PRINT_VERSION_MINOR 1)
set(PRINT_VERSION_PATCH 0)
set(PRINT_VERSION_TWEAK 0)
set(PRINT_VERSION "\${PRINT_VERSION_MAJOR}.\${PRINT_VERSION_MINOR}.\${PRINT_VERSION_PATCH}.\${PRINT_VERSION_TWEAK}")
set(PRINT_VERSION_STRING "v\${PRINT_VERSION}")

add_library(print STATIC tests/print.cpp)
target_include_directories(print PUBLIC \${CMAKE_CURRENT_SOURCE_DIR}/tests)

option(BUILD_TESTS "Build tests" ON)
if(BUILD_TESTS)
  enable_testing()
  hunter_add_package(GTest)
  find_package(GTest CONFIG REQUIRED)
  file(GLOB TEST_SOURCES tests/*.cpp)
  add_executable(check \${TEST_SOURCES})
  target_link_libraries(check print GTest::main)
  add_test(NAME check COMMAND check)
endif()

include(InstallRequiredSystemLibraries)
set(CPACK_PACKAGE_NAME "print")
set(CPACK_PACKAGE_VENDOR "Dr0-ozdik777")
set(CPACK_PACKAGE_CONTACT "i.drozd0509@gmail.com")
set(CPACK_PACKAGE_VERSION \${PRINT_VERSION})
set(CPACK_PACKAGE_DESCRIPTION_SUMMARY "Static print library")
set(CPACK_RESOURCE_FILE_LICENSE "\${CMAKE_CURRENT_SOURCE_DIR}/LICENSE")
include(CPack)
EOF
ubuntu@Ubuntu-GUI:~/Dr0-ozdik777/workspace/projects/lab07$ nano CMakeLists.txt
ubuntu@Ubuntu-GUI:~/Dr0-ozdik777/workspace/projects/lab07$ git rm -rf third-party/gtest
fatal: pathspec 'third-party/gtest' did not match any files
ubuntu@Ubuntu-GUI:~/Dr0-ozdik777/workspace/projects/lab07$ sed -i '/set(PRINT_VERSION_STRING "v\${PRINT_VERSION}")/a\

hunter_add_package(GTest)
find_package(GTest CONFIG REQUIRED)
' CMakeLists.txt
sed: -e expression #1, char 54: extra characters after command
ubuntu@Ubuntu-GUI:~/Dr0-ozdik777/workspace/projects/lab07$ cmake -H. -B_builds -DBUILD_TESTS=ON
-- [hunter] Initializing Hunter workspace (5659b15dc0884d4b03dbd95710e6a1fa0fc3258d)
-- [hunter]   https://github.com/cpp-pm/hunter/archive/v0.23.251.tar.gz
-- [hunter]   -> /home/ubuntu/.hunter/_Base/Download/Hunter/0.23.251/5659b15
CMake Deprecation Warning at /home/ubuntu/.hunter/_Base/Download/Hunter/0.23.251/5659b15/Unpacked/cmake/modules/hunter_apply_gate_settings.cmake:4 (cmake_minimum_required):
  Compatibility with CMake < 3.5 will be removed from a future version of
  CMake.

  Update the VERSION argument <min> value or use a ...<max> suffix to tell
  CMake that the project does not need compatibility with older versions.
Call Stack (most recent call first):
  /home/ubuntu/.hunter/_Base/Download/Hunter/0.23.251/5659b15/Unpacked/cmake/modules/hunter_finalize.cmake:5 (include)
  /home/ubuntu/.hunter/_Base/Download/Hunter/0.23.251/5659b15/Unpacked/cmake/modules/hunter_add_package.cmake:7 (include)
  /home/ubuntu/.hunter/_Base/Download/Hunter/0.23.251/5659b15/Unpacked/cmake/Hunter:34 (include)
  cmake/HunterGate.cmake:540 (include)
  CMakeLists.txt:3 (HunterGate)


CMake Deprecation Warning at /home/ubuntu/.hunter/_Base/Download/Hunter/0.23.251/5659b15/Unpacked/cmake/modules/hunter_calculate_config_sha1.cmake:4 (cmake_minimum_required):
  Compatibility with CMake < 3.5 will be removed from a future version of
  CMake.

  Update the VERSION argument <min> value or use a ...<max> suffix to tell
  CMake that the project does not need compatibility with older versions.
Call Stack (most recent call first):
  /home/ubuntu/.hunter/_Base/Download/Hunter/0.23.251/5659b15/Unpacked/cmake/modules/hunter_apply_gate_settings.cmake:8 (include)
  /home/ubuntu/.hunter/_Base/Download/Hunter/0.23.251/5659b15/Unpacked/cmake/modules/hunter_finalize.cmake:5 (include)
  /home/ubuntu/.hunter/_Base/Download/Hunter/0.23.251/5659b15/Unpacked/cmake/modules/hunter_add_package.cmake:7 (include)
  /home/ubuntu/.hunter/_Base/Download/Hunter/0.23.251/5659b15/Unpacked/cmake/Hunter:34 (include)
  cmake/HunterGate.cmake:540 (include)
  CMakeLists.txt:3 (HunterGate)


CMake Deprecation Warning at /home/ubuntu/.hunter/_Base/Download/Hunter/0.23.251/5659b15/Unpacked/cmake/modules/hunter_lock_directory.cmake:4 (cmake_minimum_required):
  Compatibility with CMake < 3.5 will be removed from a future version of
  CMake.

  Update the VERSION argument <min> value or use a ...<max> suffix to tell
  CMake that the project does not need compatibility with older versions.
Call Stack (most recent call first):
  /home/ubuntu/.hunter/_Base/Download/Hunter/0.23.251/5659b15/Unpacked/cmake/modules/hunter_calculate_config_sha1.cmake:9 (include)
  /home/ubuntu/.hunter/_Base/Download/Hunter/0.23.251/5659b15/Unpacked/cmake/modules/hunter_apply_gate_settings.cmake:8 (include)
  /home/ubuntu/.hunter/_Base/Download/Hunter/0.23.251/5659b15/Unpacked/cmake/modules/hunter_finalize.cmake:5 (include)
  /home/ubuntu/.hunter/_Base/Download/Hunter/0.23.251/5659b15/Unpacked/cmake/modules/hunter_add_package.cmake:7 (include)
  /home/ubuntu/.hunter/_Base/Download/Hunter/0.23.251/5659b15/Unpacked/cmake/Hunter:34 (include)
  cmake/HunterGate.cmake:540 (include)
  CMakeLists.txt:3 (HunterGate)


CMake Deprecation Warning at /home/ubuntu/.hunter/_Base/Download/Hunter/0.23.251/5659b15/Unpacked/cmake/modules/hunter_make_directory.cmake:4 (cmake_minimum_required):
  Compatibility with CMake < 3.5 will be removed from a future version of
  CMake.

  Update the VERSION argument <min> value or use a ...<max> suffix to tell
  CMake that the project does not need compatibility with older versions.
Call Stack (most recent call first):
  /home/ubuntu/.hunter/_Base/Download/Hunter/0.23.251/5659b15/Unpacked/cmake/modules/hunter_calculate_config_sha1.cmake:10 (include)
  /home/ubuntu/.hunter/_Base/Download/Hunter/0.23.251/5659b15/Unpacked/cmake/modules/hunter_apply_gate_settings.cmake:8 (include)
  /home/ubuntu/.hunter/_Base/Download/Hunter/0.23.251/5659b15/Unpacked/cmake/modules/hunter_finalize.cmake:5 (include)
  /home/ubuntu/.hunter/_Base/Download/Hunter/0.23.251/5659b15/Unpacked/cmake/modules/hunter_add_package.cmake:7 (include)
  /home/ubuntu/.hunter/_Base/Download/Hunter/0.23.251/5659b15/Unpacked/cmake/Hunter:34 (include)
  cmake/HunterGate.cmake:540 (include)
  CMakeLists.txt:3 (HunterGate)


CMake Deprecation Warning at /home/ubuntu/.hunter/_Base/Download/Hunter/0.23.251/5659b15/Unpacked/cmake/modules/hunter_lock_directory.cmake:4 (cmake_minimum_required):
  Compatibility with CMake < 3.5 will be removed from a future version of
  CMake.

  Update the VERSION argument <min> value or use a ...<max> suffix to tell
  CMake that the project does not need compatibility with older versions.
Call Stack (most recent call first):
  /home/ubuntu/.hunter/_Base/Download/Hunter/0.23.251/5659b15/Unpacked/cmake/modules/hunter_make_directory.cmake:7 (include)
  /home/ubuntu/.hunter/_Base/Download/Hunter/0.23.251/5659b15/Unpacked/cmake/modules/hunter_calculate_config_sha1.cmake:10 (include)
  /home/ubuntu/.hunter/_Base/Download/Hunter/0.23.251/5659b15/Unpacked/cmake/modules/hunter_apply_gate_settings.cmake:8 (include)
  /home/ubuntu/.hunter/_Base/Download/Hunter/0.23.251/5659b15/Unpacked/cmake/modules/hunter_finalize.cmake:5 (include)
  /home/ubuntu/.hunter/_Base/Download/Hunter/0.23.251/5659b15/Unpacked/cmake/modules/hunter_add_package.cmake:7 (include)
  /home/ubuntu/.hunter/_Base/Download/Hunter/0.23.251/5659b15/Unpacked/cmake/Hunter:34 (include)
  cmake/HunterGate.cmake:540 (include)
  CMakeLists.txt:3 (HunterGate)


CMake Deprecation Warning at /home/ubuntu/.hunter/_Base/Download/Hunter/0.23.251/5659b15/Unpacked/cmake/modules/hunter_calculate_self.cmake:4 (cmake_minimum_required):
  Compatibility with CMake < 3.5 will be removed from a future version of
  CMake.

  Update the VERSION argument <min> value or use a ...<max> suffix to tell
  CMake that the project does not need compatibility with older versions.
Call Stack (most recent call first):
  /home/ubuntu/.hunter/_Base/Download/Hunter/0.23.251/5659b15/Unpacked/cmake/modules/hunter_apply_gate_settings.cmake:9 (include)
  /home/ubuntu/.hunter/_Base/Download/Hunter/0.23.251/5659b15/Unpacked/cmake/modules/hunter_finalize.cmake:5 (include)
  /home/ubuntu/.hunter/_Base/Download/Hunter/0.23.251/5659b15/Unpacked/cmake/modules/hunter_add_package.cmake:7 (include)
  /home/ubuntu/.hunter/_Base/Download/Hunter/0.23.251/5659b15/Unpacked/cmake/Hunter:34 (include)
  cmake/HunterGate.cmake:540 (include)
  CMakeLists.txt:3 (HunterGate)


CMake Deprecation Warning at /home/ubuntu/.hunter/_Base/Download/Hunter/0.23.251/5659b15/Unpacked/cmake/modules/hunter_lock_directory.cmake:4 (cmake_minimum_required):
  Compatibility with CMake < 3.5 will be removed from a future version of
  CMake.

  Update the VERSION argument <min> value or use a ...<max> suffix to tell
  CMake that the project does not need compatibility with older versions.
Call Stack (most recent call first):
  /home/ubuntu/.hunter/_Base/Download/Hunter/0.23.251/5659b15/Unpacked/cmake/modules/hunter_calculate_toolchain_sha1.cmake:5 (include)
  /home/ubuntu/.hunter/_Base/Download/Hunter/0.23.251/5659b15/Unpacked/cmake/modules/hunter_apply_gate_settings.cmake:10 (include)
  /home/ubuntu/.hunter/_Base/Download/Hunter/0.23.251/5659b15/Unpacked/cmake/modules/hunter_finalize.cmake:5 (include)
  /home/ubuntu/.hunter/_Base/Download/Hunter/0.23.251/5659b15/Unpacked/cmake/modules/hunter_add_package.cmake:7 (include)
  /home/ubuntu/.hunter/_Base/Download/Hunter/0.23.251/5659b15/Unpacked/cmake/Hunter:34 (include)
  cmake/HunterGate.cmake:540 (include)
  CMakeLists.txt:3 (HunterGate)


CMake Deprecation Warning at /home/ubuntu/.hunter/_Base/Download/Hunter/0.23.251/5659b15/Unpacked/cmake/modules/hunter_make_directory.cmake:4 (cmake_minimum_required):
  Compatibility with CMake < 3.5 will be removed from a future version of
  CMake.

  Update the VERSION argument <min> value or use a ...<max> suffix to tell
  CMake that the project does not need compatibility with older versions.
Call Stack (most recent call first):
  /home/ubuntu/.hunter/_Base/Download/Hunter/0.23.251/5659b15/Unpacked/cmake/modules/hunter_calculate_toolchain_sha1.cmake:6 (include)
  /home/ubuntu/.hunter/_Base/Download/Hunter/0.23.251/5659b15/Unpacked/cmake/modules/hunter_apply_gate_settings.cmake:10 (include)
  /home/ubuntu/.hunter/_Base/Download/Hunter/0.23.251/5659b15/Unpacked/cmake/modules/hunter_finalize.cmake:5 (include)
  /home/ubuntu/.hunter/_Base/Download/Hunter/0.23.251/5659b15/Unpacked/cmake/modules/hunter_add_package.cmake:7 (include)
  /home/ubuntu/.hunter/_Base/Download/Hunter/0.23.251/5659b15/Unpacked/cmake/Hunter:34 (include)
  cmake/HunterGate.cmake:540 (include)
  CMakeLists.txt:3 (HunterGate)


CMake Deprecation Warning at /home/ubuntu/.hunter/_Base/Download/Hunter/0.23.251/5659b15/Unpacked/cmake/modules/hunter_lock_directory.cmake:4 (cmake_minimum_required):
  Compatibility with CMake < 3.5 will be removed from a future version of
  CMake.

  Update the VERSION argument <min> value or use a ...<max> suffix to tell
  CMake that the project does not need compatibility with older versions.
Call Stack (most recent call first):
  /home/ubuntu/.hunter/_Base/Download/Hunter/0.23.251/5659b15/Unpacked/cmake/modules/hunter_make_directory.cmake:7 (include)
  /home/ubuntu/.hunter/_Base/Download/Hunter/0.23.251/5659b15/Unpacked/cmake/modules/hunter_calculate_toolchain_sha1.cmake:6 (include)
  /home/ubuntu/.hunter/_Base/Download/Hunter/0.23.251/5659b15/Unpacked/cmake/modules/hunter_apply_gate_settings.cmake:10 (include)
  /home/ubuntu/.hunter/_Base/Download/Hunter/0.23.251/5659b15/Unpacked/cmake/modules/hunter_finalize.cmake:5 (include)
  /home/ubuntu/.hunter/_Base/Download/Hunter/0.23.251/5659b15/Unpacked/cmake/modules/hunter_add_package.cmake:7 (include)
  /home/ubuntu/.hunter/_Base/Download/Hunter/0.23.251/5659b15/Unpacked/cmake/Hunter:34 (include)
  cmake/HunterGate.cmake:540 (include)
  CMakeLists.txt:3 (HunterGate)


CMake Deprecation Warning at /home/ubuntu/.hunter/_Base/Download/Hunter/0.23.251/5659b15/Unpacked/cmake/modules/hunter_set_config_location.cmake:4 (cmake_minimum_required):
  Compatibility with CMake < 3.5 will be removed from a future version of
  CMake.

  Update the VERSION argument <min> value or use a ...<max> suffix to tell
  CMake that the project does not need compatibility with older versions.
Call Stack (most recent call first):
  /home/ubuntu/.hunter/_Base/Download/Hunter/0.23.251/5659b15/Unpacked/cmake/modules/hunter_apply_gate_settings.cmake:13 (include)
  /home/ubuntu/.hunter/_Base/Download/Hunter/0.23.251/5659b15/Unpacked/cmake/modules/hunter_finalize.cmake:5 (include)
  /home/ubuntu/.hunter/_Base/Download/Hunter/0.23.251/5659b15/Unpacked/cmake/modules/hunter_add_package.cmake:7 (include)
  /home/ubuntu/.hunter/_Base/Download/Hunter/0.23.251/5659b15/Unpacked/cmake/Hunter:34 (include)
  cmake/HunterGate.cmake:540 (include)
  CMakeLists.txt:3 (HunterGate)


CMake Deprecation Warning at /home/ubuntu/.hunter/_Base/Download/Hunter/0.23.251/5659b15/Unpacked/cmake/modules/hunter_calculate_self.cmake:4 (cmake_minimum_required):
  Compatibility with CMake < 3.5 will be removed from a future version of
  CMake.

  Update the VERSION argument <min> value or use a ...<max> suffix to tell
  CMake that the project does not need compatibility with older versions.
Call Stack (most recent call first):
  /home/ubuntu/.hunter/_Base/Download/Hunter/0.23.251/5659b15/Unpacked/cmake/modules/hunter_finalize.cmake:6 (include)
  /home/ubuntu/.hunter/_Base/Download/Hunter/0.23.251/5659b15/Unpacked/cmake/modules/hunter_add_package.cmake:7 (include)
  /home/ubuntu/.hunter/_Base/Download/Hunter/0.23.251/5659b15/Unpacked/cmake/Hunter:34 (include)
  cmake/HunterGate.cmake:540 (include)
  CMakeLists.txt:3 (HunterGate)


CMake Deprecation Warning at /home/ubuntu/.hunter/_Base/Download/Hunter/0.23.251/5659b15/Unpacked/cmake/modules/hunter_lock_directory.cmake:4 (cmake_minimum_required):
  Compatibility with CMake < 3.5 will be removed from a future version of
  CMake.

  Update the VERSION argument <min> value or use a ...<max> suffix to tell
  CMake that the project does not need compatibility with older versions.
Call Stack (most recent call first):
  /home/ubuntu/.hunter/_Base/Download/Hunter/0.23.251/5659b15/Unpacked/cmake/modules/hunter_private_data.cmake:12 (include)
  /home/ubuntu/.hunter/_Base/Download/Hunter/0.23.251/5659b15/Unpacked/cmake/Hunter:35 (include)
  cmake/HunterGate.cmake:540 (include)
  CMakeLists.txt:3 (HunterGate)


CMake Deprecation Warning at /home/ubuntu/.hunter/_Base/Download/Hunter/0.23.251/5659b15/Unpacked/cmake/modules/hunter_calculate_self.cmake:4 (cmake_minimum_required):
  Compatibility with CMake < 3.5 will be removed from a future version of
  CMake.

  Update the VERSION argument <min> value or use a ...<max> suffix to tell
  CMake that the project does not need compatibility with older versions.
Call Stack (most recent call first):
  /home/ubuntu/.hunter/_Base/Download/Hunter/0.23.251/5659b15/Unpacked/cmake/modules/hunter_initialize.cmake:4 (include)
  /home/ubuntu/.hunter/_Base/Download/Hunter/0.23.251/5659b15/Unpacked/cmake/Hunter:36 (include)
  cmake/HunterGate.cmake:540 (include)
  CMakeLists.txt:3 (HunterGate)


-- The C compiler identification is GNU 13.3.0
-- The CXX compiler identification is GNU 13.3.0
-- Detecting C compiler ABI info
-- Detecting C compiler ABI info - done
-- Check for working C compiler: /usr/bin/cc - skipped
-- Detecting C compile features
-- Detecting C compile features - done
-- Detecting CXX compiler ABI info
-- Detecting CXX compiler ABI info - done
-- Check for working CXX compiler: /usr/bin/c++ - skipped
-- Detecting CXX compile features
-- Detecting CXX compile features - done
-- [hunter] Calculating Toolchain-SHA1
CMake Deprecation Warning at CMakeLists.txt:1 (cmake_minimum_required):
  Compatibility with CMake < 3.5 will be removed from a future version of
  CMake.

  Update the VERSION argument <min> value or use a ...<max> suffix to tell
  CMake that the project does not need compatibility with older versions.


-- [hunter] Calculating Config-SHA1
-- [hunter] HUNTER_ROOT: /home/ubuntu/.hunter
-- [hunter] [ Hunter-ID: 5659b15 | Toolchain-ID: b7eb55c | Config-ID: 8a1641b ]
CMake Deprecation Warning at /home/ubuntu/.hunter/_Base/Download/Hunter/0.23.251/5659b15/Unpacked/cmake/modules/hunter_apply_gate_settings.cmake:4 (cmake_minimum_required):
  Compatibility with CMake < 3.5 will be removed from a future version of
  CMake.

  Update the VERSION argument <min> value or use a ...<max> suffix to tell
  CMake that the project does not need compatibility with older versions.
Call Stack (most recent call first):
  /home/ubuntu/.hunter/_Base/Download/Hunter/0.23.251/5659b15/Unpacked/cmake/modules/hunter_finalize.cmake:5 (include)
  /home/ubuntu/.hunter/_Base/Download/Hunter/0.23.251/5659b15/Unpacked/cmake/modules/hunter_add_package.cmake:7 (include)
  /home/ubuntu/.hunter/_Base/Download/Hunter/0.23.251/5659b15/Unpacked/cmake/modules/hunter_load_from_cache.cmake:4 (include)
  /home/ubuntu/.hunter/_Base/Download/Hunter/0.23.251/5659b15/Unpacked/cmake/modules/hunter_download.cmake:22 (include)
  /home/ubuntu/.hunter/_Base/Download/Hunter/0.23.251/5659b15/Unpacked/cmake/projects/GTest/hunter.cmake:8 (include)
  /home/ubuntu/.hunter/_Base/Download/Hunter/0.23.251/5659b15/Unpacked/cmake/modules/hunter_add_package.cmake:62 (include)
  CMakeLists.txt:22 (hunter_add_package)


CMake Deprecation Warning at /home/ubuntu/.hunter/_Base/Download/Hunter/0.23.251/5659b15/Unpacked/cmake/modules/hunter_calculate_config_sha1.cmake:4 (cmake_minimum_required):
  Compatibility with CMake < 3.5 will be removed from a future version of
  CMake.

  Update the VERSION argument <min> value or use a ...<max> suffix to tell
  CMake that the project does not need compatibility with older versions.
Call Stack (most recent call first):
  /home/ubuntu/.hunter/_Base/Download/Hunter/0.23.251/5659b15/Unpacked/cmake/modules/hunter_apply_gate_settings.cmake:8 (include)
  /home/ubuntu/.hunter/_Base/Download/Hunter/0.23.251/5659b15/Unpacked/cmake/modules/hunter_finalize.cmake:5 (include)
  /home/ubuntu/.hunter/_Base/Download/Hunter/0.23.251/5659b15/Unpacked/cmake/modules/hunter_add_package.cmake:7 (include)
  /home/ubuntu/.hunter/_Base/Download/Hunter/0.23.251/5659b15/Unpacked/cmake/modules/hunter_load_from_cache.cmake:4 (include)
  /home/ubuntu/.hunter/_Base/Download/Hunter/0.23.251/5659b15/Unpacked/cmake/modules/hunter_download.cmake:22 (include)
  /home/ubuntu/.hunter/_Base/Download/Hunter/0.23.251/5659b15/Unpacked/cmake/projects/GTest/hunter.cmake:8 (include)
  /home/ubuntu/.hunter/_Base/Download/Hunter/0.23.251/5659b15/Unpacked/cmake/modules/hunter_add_package.cmake:62 (include)
  CMakeLists.txt:22 (hunter_add_package)


CMake Deprecation Warning at /home/ubuntu/.hunter/_Base/Download/Hunter/0.23.251/5659b15/Unpacked/cmake/modules/hunter_lock_directory.cmake:4 (cmake_minimum_required):
  Compatibility with CMake < 3.5 will be removed from a future version of
  CMake.

  Update the VERSION argument <min> value or use a ...<max> suffix to tell
  CMake that the project does not need compatibility with older versions.
Call Stack (most recent call first):
  /home/ubuntu/.hunter/_Base/Download/Hunter/0.23.251/5659b15/Unpacked/cmake/modules/hunter_calculate_config_sha1.cmake:9 (include)
  /home/ubuntu/.hunter/_Base/Download/Hunter/0.23.251/5659b15/Unpacked/cmake/modules/hunter_apply_gate_settings.cmake:8 (include)
  /home/ubuntu/.hunter/_Base/Download/Hunter/0.23.251/5659b15/Unpacked/cmake/modules/hunter_finalize.cmake:5 (include)
  /home/ubuntu/.hunter/_Base/Download/Hunter/0.23.251/5659b15/Unpacked/cmake/modules/hunter_add_package.cmake:7 (include)
  /home/ubuntu/.hunter/_Base/Download/Hunter/0.23.251/5659b15/Unpacked/cmake/modules/hunter_load_from_cache.cmake:4 (include)
  /home/ubuntu/.hunter/_Base/Download/Hunter/0.23.251/5659b15/Unpacked/cmake/modules/hunter_download.cmake:22 (include)
  /home/ubuntu/.hunter/_Base/Download/Hunter/0.23.251/5659b15/Unpacked/cmake/projects/GTest/hunter.cmake:8 (include)
  /home/ubuntu/.hunter/_Base/Download/Hunter/0.23.251/5659b15/Unpacked/cmake/modules/hunter_add_package.cmake:62 (include)
  CMakeLists.txt:22 (hunter_add_package)


CMake Deprecation Warning at /home/ubuntu/.hunter/_Base/Download/Hunter/0.23.251/5659b15/Unpacked/cmake/modules/hunter_make_directory.cmake:4 (cmake_minimum_required):
  Compatibility with CMake < 3.5 will be removed from a future version of
  CMake.

  Update the VERSION argument <min> value or use a ...<max> suffix to tell
  CMake that the project does not need compatibility with older versions.
Call Stack (most recent call first):
  /home/ubuntu/.hunter/_Base/Download/Hunter/0.23.251/5659b15/Unpacked/cmake/modules/hunter_calculate_config_sha1.cmake:10 (include)
  /home/ubuntu/.hunter/_Base/Download/Hunter/0.23.251/5659b15/Unpacked/cmake/modules/hunter_apply_gate_settings.cmake:8 (include)
  /home/ubuntu/.hunter/_Base/Download/Hunter/0.23.251/5659b15/Unpacked/cmake/modules/hunter_finalize.cmake:5 (include)
  /home/ubuntu/.hunter/_Base/Download/Hunter/0.23.251/5659b15/Unpacked/cmake/modules/hunter_add_package.cmake:7 (include)
  /home/ubuntu/.hunter/_Base/Download/Hunter/0.23.251/5659b15/Unpacked/cmake/modules/hunter_load_from_cache.cmake:4 (include)
  /home/ubuntu/.hunter/_Base/Download/Hunter/0.23.251/5659b15/Unpacked/cmake/modules/hunter_download.cmake:22 (include)
  /home/ubuntu/.hunter/_Base/Download/Hunter/0.23.251/5659b15/Unpacked/cmake/projects/GTest/hunter.cmake:8 (include)
  /home/ubuntu/.hunter/_Base/Download/Hunter/0.23.251/5659b15/Unpacked/cmake/modules/hunter_add_package.cmake:62 (include)
  CMakeLists.txt:22 (hunter_add_package)


CMake Deprecation Warning at /home/ubuntu/.hunter/_Base/Download/Hunter/0.23.251/5659b15/Unpacked/cmake/modules/hunter_lock_directory.cmake:4 (cmake_minimum_required):
  Compatibility with CMake < 3.5 will be removed from a future version of
  CMake.

  Update the VERSION argument <min> value or use a ...<max> suffix to tell
  CMake that the project does not need compatibility with older versions.
Call Stack (most recent call first):
  /home/ubuntu/.hunter/_Base/Download/Hunter/0.23.251/5659b15/Unpacked/cmake/modules/hunter_make_directory.cmake:7 (include)
  /home/ubuntu/.hunter/_Base/Download/Hunter/0.23.251/5659b15/Unpacked/cmake/modules/hunter_calculate_config_sha1.cmake:10 (include)
  /home/ubuntu/.hunter/_Base/Download/Hunter/0.23.251/5659b15/Unpacked/cmake/modules/hunter_apply_gate_settings.cmake:8 (include)
  /home/ubuntu/.hunter/_Base/Download/Hunter/0.23.251/5659b15/Unpacked/cmake/modules/hunter_finalize.cmake:5 (include)
  /home/ubuntu/.hunter/_Base/Download/Hunter/0.23.251/5659b15/Unpacked/cmake/modules/hunter_add_package.cmake:7 (include)
  /home/ubuntu/.hunter/_Base/Download/Hunter/0.23.251/5659b15/Unpacked/cmake/modules/hunter_load_from_cache.cmake:4 (include)
  /home/ubuntu/.hunter/_Base/Download/Hunter/0.23.251/5659b15/Unpacked/cmake/modules/hunter_download.cmake:22 (include)
  /home/ubuntu/.hunter/_Base/Download/Hunter/0.23.251/5659b15/Unpacked/cmake/projects/GTest/hunter.cmake:8 (include)
  /home/ubuntu/.hunter/_Base/Download/Hunter/0.23.251/5659b15/Unpacked/cmake/modules/hunter_add_package.cmake:62 (include)
  CMakeLists.txt:22 (hunter_add_package)


CMake Deprecation Warning at /home/ubuntu/.hunter/_Base/Download/Hunter/0.23.251/5659b15/Unpacked/cmake/modules/hunter_calculate_self.cmake:4 (cmake_minimum_required):
  Compatibility with CMake < 3.5 will be removed from a future version of
  CMake.

  Update the VERSION argument <min> value or use a ...<max> suffix to tell
  CMake that the project does not need compatibility with older versions.
Call Stack (most recent call first):
  /home/ubuntu/.hunter/_Base/Download/Hunter/0.23.251/5659b15/Unpacked/cmake/modules/hunter_apply_gate_settings.cmake:9 (include)
  /home/ubuntu/.hunter/_Base/Download/Hunter/0.23.251/5659b15/Unpacked/cmake/modules/hunter_finalize.cmake:5 (include)
  /home/ubuntu/.hunter/_Base/Download/Hunter/0.23.251/5659b15/Unpacked/cmake/modules/hunter_add_package.cmake:7 (include)
  /home/ubuntu/.hunter/_Base/Download/Hunter/0.23.251/5659b15/Unpacked/cmake/modules/hunter_load_from_cache.cmake:4 (include)
  /home/ubuntu/.hunter/_Base/Download/Hunter/0.23.251/5659b15/Unpacked/cmake/modules/hunter_download.cmake:22 (include)
  /home/ubuntu/.hunter/_Base/Download/Hunter/0.23.251/5659b15/Unpacked/cmake/projects/GTest/hunter.cmake:8 (include)
  /home/ubuntu/.hunter/_Base/Download/Hunter/0.23.251/5659b15/Unpacked/cmake/modules/hunter_add_package.cmake:62 (include)
  CMakeLists.txt:22 (hunter_add_package)


CMake Deprecation Warning at /home/ubuntu/.hunter/_Base/Download/Hunter/0.23.251/5659b15/Unpacked/cmake/modules/hunter_lock_directory.cmake:4 (cmake_minimum_required):
  Compatibility with CMake < 3.5 will be removed from a future version of
  CMake.

  Update the VERSION argument <min> value or use a ...<max> suffix to tell
  CMake that the project does not need compatibility with older versions.
Call Stack (most recent call first):
  /home/ubuntu/.hunter/_Base/Download/Hunter/0.23.251/5659b15/Unpacked/cmake/modules/hunter_calculate_toolchain_sha1.cmake:5 (include)
  /home/ubuntu/.hunter/_Base/Download/Hunter/0.23.251/5659b15/Unpacked/cmake/modules/hunter_apply_gate_settings.cmake:10 (include)
  /home/ubuntu/.hunter/_Base/Download/Hunter/0.23.251/5659b15/Unpacked/cmake/modules/hunter_finalize.cmake:5 (include)
  /home/ubuntu/.hunter/_Base/Download/Hunter/0.23.251/5659b15/Unpacked/cmake/modules/hunter_add_package.cmake:7 (include)
  /home/ubuntu/.hunter/_Base/Download/Hunter/0.23.251/5659b15/Unpacked/cmake/modules/hunter_load_from_cache.cmake:4 (include)
  /home/ubuntu/.hunter/_Base/Download/Hunter/0.23.251/5659b15/Unpacked/cmake/modules/hunter_download.cmake:22 (include)
  /home/ubuntu/.hunter/_Base/Download/Hunter/0.23.251/5659b15/Unpacked/cmake/projects/GTest/hunter.cmake:8 (include)
  /home/ubuntu/.hunter/_Base/Download/Hunter/0.23.251/5659b15/Unpacked/cmake/modules/hunter_add_package.cmake:62 (include)
  CMakeLists.txt:22 (hunter_add_package)


CMake Deprecation Warning at /home/ubuntu/.hunter/_Base/Download/Hunter/0.23.251/5659b15/Unpacked/cmake/modules/hunter_make_directory.cmake:4 (cmake_minimum_required):
  Compatibility with CMake < 3.5 will be removed from a future version of
  CMake.

  Update the VERSION argument <min> value or use a ...<max> suffix to tell
  CMake that the project does not need compatibility with older versions.
Call Stack (most recent call first):
  /home/ubuntu/.hunter/_Base/Download/Hunter/0.23.251/5659b15/Unpacked/cmake/modules/hunter_calculate_toolchain_sha1.cmake:6 (include)
  /home/ubuntu/.hunter/_Base/Download/Hunter/0.23.251/5659b15/Unpacked/cmake/modules/hunter_apply_gate_settings.cmake:10 (include)
  /home/ubuntu/.hunter/_Base/Download/Hunter/0.23.251/5659b15/Unpacked/cmake/modules/hunter_finalize.cmake:5 (include)
  /home/ubuntu/.hunter/_Base/Download/Hunter/0.23.251/5659b15/Unpacked/cmake/modules/hunter_add_package.cmake:7 (include)
  /home/ubuntu/.hunter/_Base/Download/Hunter/0.23.251/5659b15/Unpacked/cmake/modules/hunter_load_from_cache.cmake:4 (include)
  /home/ubuntu/.hunter/_Base/Download/Hunter/0.23.251/5659b15/Unpacked/cmake/modules/hunter_download.cmake:22 (include)
  /home/ubuntu/.hunter/_Base/Download/Hunter/0.23.251/5659b15/Unpacked/cmake/projects/GTest/hunter.cmake:8 (include)
  /home/ubuntu/.hunter/_Base/Download/Hunter/0.23.251/5659b15/Unpacked/cmake/modules/hunter_add_package.cmake:62 (include)
  CMakeLists.txt:22 (hunter_add_package)


CMake Deprecation Warning at /home/ubuntu/.hunter/_Base/Download/Hunter/0.23.251/5659b15/Unpacked/cmake/modules/hunter_lock_directory.cmake:4 (cmake_minimum_required):
  Compatibility with CMake < 3.5 will be removed from a future version of
  CMake.

  Update the VERSION argument <min> value or use a ...<max> suffix to tell
  CMake that the project does not need compatibility with older versions.
Call Stack (most recent call first):
  /home/ubuntu/.hunter/_Base/Download/Hunter/0.23.251/5659b15/Unpacked/cmake/modules/hunter_make_directory.cmake:7 (include)
  /home/ubuntu/.hunter/_Base/Download/Hunter/0.23.251/5659b15/Unpacked/cmake/modules/hunter_calculate_toolchain_sha1.cmake:6 (include)
  /home/ubuntu/.hunter/_Base/Download/Hunter/0.23.251/5659b15/Unpacked/cmake/modules/hunter_apply_gate_settings.cmake:10 (include)
  /home/ubuntu/.hunter/_Base/Download/Hunter/0.23.251/5659b15/Unpacked/cmake/modules/hunter_finalize.cmake:5 (include)
  /home/ubuntu/.hunter/_Base/Download/Hunter/0.23.251/5659b15/Unpacked/cmake/modules/hunter_add_package.cmake:7 (include)
  /home/ubuntu/.hunter/_Base/Download/Hunter/0.23.251/5659b15/Unpacked/cmake/modules/hunter_load_from_cache.cmake:4 (include)
  /home/ubuntu/.hunter/_Base/Download/Hunter/0.23.251/5659b15/Unpacked/cmake/modules/hunter_download.cmake:22 (include)
  /home/ubuntu/.hunter/_Base/Download/Hunter/0.23.251/5659b15/Unpacked/cmake/projects/GTest/hunter.cmake:8 (include)
  /home/ubuntu/.hunter/_Base/Download/Hunter/0.23.251/5659b15/Unpacked/cmake/modules/hunter_add_package.cmake:62 (include)
  CMakeLists.txt:22 (hunter_add_package)


CMake Deprecation Warning at /home/ubuntu/.hunter/_Base/Download/Hunter/0.23.251/5659b15/Unpacked/cmake/modules/hunter_set_config_location.cmake:4 (cmake_minimum_required):
  Compatibility with CMake < 3.5 will be removed from a future version of
  CMake.

  Update the VERSION argument <min> value or use a ...<max> suffix to tell
  CMake that the project does not need compatibility with older versions.
Call Stack (most recent call first):
  /home/ubuntu/.hunter/_Base/Download/Hunter/0.23.251/5659b15/Unpacked/cmake/modules/hunter_apply_gate_settings.cmake:13 (include)
  /home/ubuntu/.hunter/_Base/Download/Hunter/0.23.251/5659b15/Unpacked/cmake/modules/hunter_finalize.cmake:5 (include)
  /home/ubuntu/.hunter/_Base/Download/Hunter/0.23.251/5659b15/Unpacked/cmake/modules/hunter_add_package.cmake:7 (include)
  /home/ubuntu/.hunter/_Base/Download/Hunter/0.23.251/5659b15/Unpacked/cmake/modules/hunter_load_from_cache.cmake:4 (include)
  /home/ubuntu/.hunter/_Base/Download/Hunter/0.23.251/5659b15/Unpacked/cmake/modules/hunter_download.cmake:22 (include)
  /home/ubuntu/.hunter/_Base/Download/Hunter/0.23.251/5659b15/Unpacked/cmake/projects/GTest/hunter.cmake:8 (include)
  /home/ubuntu/.hunter/_Base/Download/Hunter/0.23.251/5659b15/Unpacked/cmake/modules/hunter_add_package.cmake:62 (include)
  CMakeLists.txt:22 (hunter_add_package)


CMake Deprecation Warning at /home/ubuntu/.hunter/_Base/Download/Hunter/0.23.251/5659b15/Unpacked/cmake/modules/hunter_calculate_self.cmake:4 (cmake_minimum_required):
  Compatibility with CMake < 3.5 will be removed from a future version of
  CMake.

  Update the VERSION argument <min> value or use a ...<max> suffix to tell
  CMake that the project does not need compatibility with older versions.
Call Stack (most recent call first):
  /home/ubuntu/.hunter/_Base/Download/Hunter/0.23.251/5659b15/Unpacked/cmake/modules/hunter_finalize.cmake:6 (include)
  /home/ubuntu/.hunter/_Base/Download/Hunter/0.23.251/5659b15/Unpacked/cmake/modules/hunter_add_package.cmake:7 (include)
  /home/ubuntu/.hunter/_Base/Download/Hunter/0.23.251/5659b15/Unpacked/cmake/modules/hunter_load_from_cache.cmake:4 (include)
  /home/ubuntu/.hunter/_Base/Download/Hunter/0.23.251/5659b15/Unpacked/cmake/modules/hunter_download.cmake:22 (include)
  /home/ubuntu/.hunter/_Base/Download/Hunter/0.23.251/5659b15/Unpacked/cmake/projects/GTest/hunter.cmake:8 (include)
  /home/ubuntu/.hunter/_Base/Download/Hunter/0.23.251/5659b15/Unpacked/cmake/modules/hunter_add_package.cmake:62 (include)
  CMakeLists.txt:22 (hunter_add_package)


CMake Deprecation Warning at /home/ubuntu/.hunter/_Base/Download/Hunter/0.23.251/5659b15/Unpacked/cmake/modules/hunter_apply_gate_settings.cmake:4 (cmake_minimum_required):
  Compatibility with CMake < 3.5 will be removed from a future version of
  CMake.

  Update the VERSION argument <min> value or use a ...<max> suffix to tell
  CMake that the project does not need compatibility with older versions.
Call Stack (most recent call first):
  /home/ubuntu/.hunter/_Base/Download/Hunter/0.23.251/5659b15/Unpacked/cmake/modules/hunter_finalize.cmake:5 (include)
  /home/ubuntu/.hunter/_Base/Download/Hunter/0.23.251/5659b15/Unpacked/cmake/modules/hunter_add_package.cmake:7 (include)
  /home/ubuntu/.hunter/_Base/Download/Hunter/0.23.251/5659b15/Unpacked/cmake/modules/hunter_cache_run.cmake:6 (include)
  /home/ubuntu/.hunter/_Base/Download/Hunter/0.23.251/5659b15/Unpacked/cmake/modules/hunter_load_from_cache.cmake:5 (include)
  /home/ubuntu/.hunter/_Base/Download/Hunter/0.23.251/5659b15/Unpacked/cmake/modules/hunter_download.cmake:22 (include)
  /home/ubuntu/.hunter/_Base/Download/Hunter/0.23.251/5659b15/Unpacked/cmake/projects/GTest/hunter.cmake:8 (include)
  /home/ubuntu/.hunter/_Base/Download/Hunter/0.23.251/5659b15/Unpacked/cmake/modules/hunter_add_package.cmake:62 (include)
  CMakeLists.txt:22 (hunter_add_package)


CMake Deprecation Warning at /home/ubuntu/.hunter/_Base/Download/Hunter/0.23.251/5659b15/Unpacked/cmake/modules/hunter_calculate_config_sha1.cmake:4 (cmake_minimum_required):
  Compatibility with CMake < 3.5 will be removed from a future version of
  CMake.

  Update the VERSION argument <min> value or use a ...<max> suffix to tell
  CMake that the project does not need compatibility with older versions.
Call Stack (most recent call first):
  /home/ubuntu/.hunter/_Base/Download/Hunter/0.23.251/5659b15/Unpacked/cmake/modules/hunter_apply_gate_settings.cmake:8 (include)
  /home/ubuntu/.hunter/_Base/Download/Hunter/0.23.251/5659b15/Unpacked/cmake/modules/hunter_finalize.cmake:5 (include)
  /home/ubuntu/.hunter/_Base/Download/Hunter/0.23.251/5659b15/Unpacked/cmake/modules/hunter_add_package.cmake:7 (include)
  /home/ubuntu/.hunter/_Base/Download/Hunter/0.23.251/5659b15/Unpacked/cmake/modules/hunter_cache_run.cmake:6 (include)
  /home/ubuntu/.hunter/_Base/Download/Hunter/0.23.251/5659b15/Unpacked/cmake/modules/hunter_load_from_cache.cmake:5 (include)
  /home/ubuntu/.hunter/_Base/Download/Hunter/0.23.251/5659b15/Unpacked/cmake/modules/hunter_download.cmake:22 (include)
  /home/ubuntu/.hunter/_Base/Download/Hunter/0.23.251/5659b15/Unpacked/cmake/projects/GTest/hunter.cmake:8 (include)
  /home/ubuntu/.hunter/_Base/Download/Hunter/0.23.251/5659b15/Unpacked/cmake/modules/hunter_add_package.cmake:62 (include)
  CMakeLists.txt:22 (hunter_add_package)


CMake Deprecation Warning at /home/ubuntu/.hunter/_Base/Download/Hunter/0.23.251/5659b15/Unpacked/cmake/modules/hunter_lock_directory.cmake:4 (cmake_minimum_required):
  Compatibility with CMake < 3.5 will be removed from a future version of
  CMake.

  Update the VERSION argument <min> value or use a ...<max> suffix to tell
  CMake that the project does not need compatibility with older versions.
Call Stack (most recent call first):
  /home/ubuntu/.hunter/_Base/Download/Hunter/0.23.251/5659b15/Unpacked/cmake/modules/hunter_calculate_config_sha1.cmake:9 (include)
  /home/ubuntu/.hunter/_Base/Download/Hunter/0.23.251/5659b15/Unpacked/cmake/modules/hunter_apply_gate_settings.cmake:8 (include)
  /home/ubuntu/.hunter/_Base/Download/Hunter/0.23.251/5659b15/Unpacked/cmake/modules/hunter_finalize.cmake:5 (include)
  /home/ubuntu/.hunter/_Base/Download/Hunter/0.23.251/5659b15/Unpacked/cmake/modules/hunter_add_package.cmake:7 (include)
  /home/ubuntu/.hunter/_Base/Download/Hunter/0.23.251/5659b15/Unpacked/cmake/modules/hunter_cache_run.cmake:6 (include)
  /home/ubuntu/.hunter/_Base/Download/Hunter/0.23.251/5659b15/Unpacked/cmake/modules/hunter_load_from_cache.cmake:5 (include)
  /home/ubuntu/.hunter/_Base/Download/Hunter/0.23.251/5659b15/Unpacked/cmake/modules/hunter_download.cmake:22 (include)
  /home/ubuntu/.hunter/_Base/Download/Hunter/0.23.251/5659b15/Unpacked/cmake/projects/GTest/hunter.cmake:8 (include)
  /home/ubuntu/.hunter/_Base/Download/Hunter/0.23.251/5659b15/Unpacked/cmake/modules/hunter_add_package.cmake:62 (include)
  CMakeLists.txt:22 (hunter_add_package)


CMake Deprecation Warning at /home/ubuntu/.hunter/_Base/Download/Hunter/0.23.251/5659b15/Unpacked/cmake/modules/hunter_make_directory.cmake:4 (cmake_minimum_required):
  Compatibility with CMake < 3.5 will be removed from a future version of
  CMake.

  Update the VERSION argument <min> value or use a ...<max> suffix to tell
  CMake that the project does not need compatibility with older versions.
Call Stack (most recent call first):
  /home/ubuntu/.hunter/_Base/Download/Hunter/0.23.251/5659b15/Unpacked/cmake/modules/hunter_calculate_config_sha1.cmake:10 (include)
  /home/ubuntu/.hunter/_Base/Download/Hunter/0.23.251/5659b15/Unpacked/cmake/modules/hunter_apply_gate_settings.cmake:8 (include)
  /home/ubuntu/.hunter/_Base/Download/Hunter/0.23.251/5659b15/Unpacked/cmake/modules/hunter_finalize.cmake:5 (include)
  /home/ubuntu/.hunter/_Base/Download/Hunter/0.23.251/5659b15/Unpacked/cmake/modules/hunter_add_package.cmake:7 (include)
  /home/ubuntu/.hunter/_Base/Download/Hunter/0.23.251/5659b15/Unpacked/cmake/modules/hunter_cache_run.cmake:6 (include)
  /home/ubuntu/.hunter/_Base/Download/Hunter/0.23.251/5659b15/Unpacked/cmake/modules/hunter_load_from_cache.cmake:5 (include)
  /home/ubuntu/.hunter/_Base/Download/Hunter/0.23.251/5659b15/Unpacked/cmake/modules/hunter_download.cmake:22 (include)
  /home/ubuntu/.hunter/_Base/Download/Hunter/0.23.251/5659b15/Unpacked/cmake/projects/GTest/hunter.cmake:8 (include)
  /home/ubuntu/.hunter/_Base/Download/Hunter/0.23.251/5659b15/Unpacked/cmake/modules/hunter_add_package.cmake:62 (include)
  CMakeLists.txt:22 (hunter_add_package)


CMake Deprecation Warning at /home/ubuntu/.hunter/_Base/Download/Hunter/0.23.251/5659b15/Unpacked/cmake/modules/hunter_lock_directory.cmake:4 (cmake_minimum_required):
  Compatibility with CMake < 3.5 will be removed from a future version of
  CMake.

  Update the VERSION argument <min> value or use a ...<max> suffix to tell
  CMake that the project does not need compatibility with older versions.
Call Stack (most recent call first):
  /home/ubuntu/.hunter/_Base/Download/Hunter/0.23.251/5659b15/Unpacked/cmake/modules/hunter_make_directory.cmake:7 (include)
  /home/ubuntu/.hunter/_Base/Download/Hunter/0.23.251/5659b15/Unpacked/cmake/modules/hunter_calculate_config_sha1.cmake:10 (include)
  /home/ubuntu/.hunter/_Base/Download/Hunter/0.23.251/5659b15/Unpacked/cmake/modules/hunter_apply_gate_settings.cmake:8 (include)
  /home/ubuntu/.hunter/_Base/Download/Hunter/0.23.251/5659b15/Unpacked/cmake/modules/hunter_finalize.cmake:5 (include)
  /home/ubuntu/.hunter/_Base/Download/Hunter/0.23.251/5659b15/Unpacked/cmake/modules/hunter_add_package.cmake:7 (include)
  /home/ubuntu/.hunter/_Base/Download/Hunter/0.23.251/5659b15/Unpacked/cmake/modules/hunter_cache_run.cmake:6 (include)
  /home/ubuntu/.hunter/_Base/Download/Hunter/0.23.251/5659b15/Unpacked/cmake/modules/hunter_load_from_cache.cmake:5 (include)
  /home/ubuntu/.hunter/_Base/Download/Hunter/0.23.251/5659b15/Unpacked/cmake/modules/hunter_download.cmake:22 (include)
  /home/ubuntu/.hunter/_Base/Download/Hunter/0.23.251/5659b15/Unpacked/cmake/projects/GTest/hunter.cmake:8 (include)
  /home/ubuntu/.hunter/_Base/Download/Hunter/0.23.251/5659b15/Unpacked/cmake/modules/hunter_add_package.cmake:62 (include)
  CMakeLists.txt:22 (hunter_add_package)


CMake Deprecation Warning at /home/ubuntu/.hunter/_Base/Download/Hunter/0.23.251/5659b15/Unpacked/cmake/modules/hunter_calculate_self.cmake:4 (cmake_minimum_required):
  Compatibility with CMake < 3.5 will be removed from a future version of
  CMake.

  Update the VERSION argument <min> value or use a ...<max> suffix to tell
  CMake that the project does not need compatibility with older versions.
Call Stack (most recent call first):
  /home/ubuntu/.hunter/_Base/Download/Hunter/0.23.251/5659b15/Unpacked/cmake/modules/hunter_apply_gate_settings.cmake:9 (include)
  /home/ubuntu/.hunter/_Base/Download/Hunter/0.23.251/5659b15/Unpacked/cmake/modules/hunter_finalize.cmake:5 (include)
  /home/ubuntu/.hunter/_Base/Download/Hunter/0.23.251/5659b15/Unpacked/cmake/modules/hunter_add_package.cmake:7 (include)
  /home/ubuntu/.hunter/_Base/Download/Hunter/0.23.251/5659b15/Unpacked/cmake/modules/hunter_cache_run.cmake:6 (include)
  /home/ubuntu/.hunter/_Base/Download/Hunter/0.23.251/5659b15/Unpacked/cmake/modules/hunter_load_from_cache.cmake:5 (include)
  /home/ubuntu/.hunter/_Base/Download/Hunter/0.23.251/5659b15/Unpacked/cmake/modules/hunter_download.cmake:22 (include)
  /home/ubuntu/.hunter/_Base/Download/Hunter/0.23.251/5659b15/Unpacked/cmake/projects/GTest/hunter.cmake:8 (include)
  /home/ubuntu/.hunter/_Base/Download/Hunter/0.23.251/5659b15/Unpacked/cmake/modules/hunter_add_package.cmake:62 (include)
  CMakeLists.txt:22 (hunter_add_package)


CMake Deprecation Warning at /home/ubuntu/.hunter/_Base/Download/Hunter/0.23.251/5659b15/Unpacked/cmake/modules/hunter_lock_directory.cmake:4 (cmake_minimum_required):
  Compatibility with CMake < 3.5 will be removed from a future version of
  CMake.

  Update the VERSION argument <min> value or use a ...<max> suffix to tell
  CMake that the project does not need compatibility with older versions.
Call Stack (most recent call first):
  /home/ubuntu/.hunter/_Base/Download/Hunter/0.23.251/5659b15/Unpacked/cmake/modules/hunter_calculate_toolchain_sha1.cmake:5 (include)
  /home/ubuntu/.hunter/_Base/Download/Hunter/0.23.251/5659b15/Unpacked/cmake/modules/hunter_apply_gate_settings.cmake:10 (include)
  /home/ubuntu/.hunter/_Base/Download/Hunter/0.23.251/5659b15/Unpacked/cmake/modules/hunter_finalize.cmake:5 (include)
  /home/ubuntu/.hunter/_Base/Download/Hunter/0.23.251/5659b15/Unpacked/cmake/modules/hunter_add_package.cmake:7 (include)
  /home/ubuntu/.hunter/_Base/Download/Hunter/0.23.251/5659b15/Unpacked/cmake/modules/hunter_cache_run.cmake:6 (include)
  /home/ubuntu/.hunter/_Base/Download/Hunter/0.23.251/5659b15/Unpacked/cmake/modules/hunter_load_from_cache.cmake:5 (include)
  /home/ubuntu/.hunter/_Base/Download/Hunter/0.23.251/5659b15/Unpacked/cmake/modules/hunter_download.cmake:22 (include)
  /home/ubuntu/.hunter/_Base/Download/Hunter/0.23.251/5659b15/Unpacked/cmake/projects/GTest/hunter.cmake:8 (include)
  /home/ubuntu/.hunter/_Base/Download/Hunter/0.23.251/5659b15/Unpacked/cmake/modules/hunter_add_package.cmake:62 (include)
  CMakeLists.txt:22 (hunter_add_package)


CMake Deprecation Warning at /home/ubuntu/.hunter/_Base/Download/Hunter/0.23.251/5659b15/Unpacked/cmake/modules/hunter_make_directory.cmake:4 (cmake_minimum_required):
  Compatibility with CMake < 3.5 will be removed from a future version of
  CMake.

  Update the VERSION argument <min> value or use a ...<max> suffix to tell
  CMake that the project does not need compatibility with older versions.
Call Stack (most recent call first):
  /home/ubuntu/.hunter/_Base/Download/Hunter/0.23.251/5659b15/Unpacked/cmake/modules/hunter_calculate_toolchain_sha1.cmake:6 (include)
  /home/ubuntu/.hunter/_Base/Download/Hunter/0.23.251/5659b15/Unpacked/cmake/modules/hunter_apply_gate_settings.cmake:10 (include)
  /home/ubuntu/.hunter/_Base/Download/Hunter/0.23.251/5659b15/Unpacked/cmake/modules/hunter_finalize.cmake:5 (include)
  /home/ubuntu/.hunter/_Base/Download/Hunter/0.23.251/5659b15/Unpacked/cmake/modules/hunter_add_package.cmake:7 (include)
  /home/ubuntu/.hunter/_Base/Download/Hunter/0.23.251/5659b15/Unpacked/cmake/modules/hunter_cache_run.cmake:6 (include)
  /home/ubuntu/.hunter/_Base/Download/Hunter/0.23.251/5659b15/Unpacked/cmake/modules/hunter_load_from_cache.cmake:5 (include)
  /home/ubuntu/.hunter/_Base/Download/Hunter/0.23.251/5659b15/Unpacked/cmake/modules/hunter_download.cmake:22 (include)
  /home/ubuntu/.hunter/_Base/Download/Hunter/0.23.251/5659b15/Unpacked/cmake/projects/GTest/hunter.cmake:8 (include)
  /home/ubuntu/.hunter/_Base/Download/Hunter/0.23.251/5659b15/Unpacked/cmake/modules/hunter_add_package.cmake:62 (include)
  CMakeLists.txt:22 (hunter_add_package)


CMake Deprecation Warning at /home/ubuntu/.hunter/_Base/Download/Hunter/0.23.251/5659b15/Unpacked/cmake/modules/hunter_lock_directory.cmake:4 (cmake_minimum_required):
  Compatibility with CMake < 3.5 will be removed from a future version of
  CMake.

  Update the VERSION argument <min> value or use a ...<max> suffix to tell
  CMake that the project does not need compatibility with older versions.
Call Stack (most recent call first):
  /home/ubuntu/.hunter/_Base/Download/Hunter/0.23.251/5659b15/Unpacked/cmake/modules/hunter_make_directory.cmake:7 (include)
  /home/ubuntu/.hunter/_Base/Download/Hunter/0.23.251/5659b15/Unpacked/cmake/modules/hunter_calculate_toolchain_sha1.cmake:6 (include)
  /home/ubuntu/.hunter/_Base/Download/Hunter/0.23.251/5659b15/Unpacked/cmake/modules/hunter_apply_gate_settings.cmake:10 (include)
  /home/ubuntu/.hunter/_Base/Download/Hunter/0.23.251/5659b15/Unpacked/cmake/modules/hunter_finalize.cmake:5 (include)
  /home/ubuntu/.hunter/_Base/Download/Hunter/0.23.251/5659b15/Unpacked/cmake/modules/hunter_add_package.cmake:7 (include)
  /home/ubuntu/.hunter/_Base/Download/Hunter/0.23.251/5659b15/Unpacked/cmake/modules/hunter_cache_run.cmake:6 (include)
  /home/ubuntu/.hunter/_Base/Download/Hunter/0.23.251/5659b15/Unpacked/cmake/modules/hunter_load_from_cache.cmake:5 (include)
  /home/ubuntu/.hunter/_Base/Download/Hunter/0.23.251/5659b15/Unpacked/cmake/modules/hunter_download.cmake:22 (include)
  /home/ubuntu/.hunter/_Base/Download/Hunter/0.23.251/5659b15/Unpacked/cmake/projects/GTest/hunter.cmake:8 (include)
  /home/ubuntu/.hunter/_Base/Download/Hunter/0.23.251/5659b15/Unpacked/cmake/modules/hunter_add_package.cmake:62 (include)
  CMakeLists.txt:22 (hunter_add_package)


CMake Deprecation Warning at /home/ubuntu/.hunter/_Base/Download/Hunter/0.23.251/5659b15/Unpacked/cmake/modules/hunter_set_config_location.cmake:4 (cmake_minimum_required):
  Compatibility with CMake < 3.5 will be removed from a future version of
  CMake.

  Update the VERSION argument <min> value or use a ...<max> suffix to tell
  CMake that the project does not need compatibility with older versions.
Call Stack (most recent call first):
  /home/ubuntu/.hunter/_Base/Download/Hunter/0.23.251/5659b15/Unpacked/cmake/modules/hunter_apply_gate_settings.cmake:13 (include)
  /home/ubuntu/.hunter/_Base/Download/Hunter/0.23.251/5659b15/Unpacked/cmake/modules/hunter_finalize.cmake:5 (include)
  /home/ubuntu/.hunter/_Base/Download/Hunter/0.23.251/5659b15/Unpacked/cmake/modules/hunter_add_package.cmake:7 (include)
  /home/ubuntu/.hunter/_Base/Download/Hunter/0.23.251/5659b15/Unpacked/cmake/modules/hunter_cache_run.cmake:6 (include)
  /home/ubuntu/.hunter/_Base/Download/Hunter/0.23.251/5659b15/Unpacked/cmake/modules/hunter_load_from_cache.cmake:5 (include)
  /home/ubuntu/.hunter/_Base/Download/Hunter/0.23.251/5659b15/Unpacked/cmake/modules/hunter_download.cmake:22 (include)
  /home/ubuntu/.hunter/_Base/Download/Hunter/0.23.251/5659b15/Unpacked/cmake/projects/GTest/hunter.cmake:8 (include)
  /home/ubuntu/.hunter/_Base/Download/Hunter/0.23.251/5659b15/Unpacked/cmake/modules/hunter_add_package.cmake:62 (include)
  CMakeLists.txt:22 (hunter_add_package)


CMake Deprecation Warning at /home/ubuntu/.hunter/_Base/Download/Hunter/0.23.251/5659b15/Unpacked/cmake/modules/hunter_calculate_self.cmake:4 (cmake_minimum_required):
  Compatibility with CMake < 3.5 will be removed from a future version of
  CMake.

  Update the VERSION argument <min> value or use a ...<max> suffix to tell
  CMake that the project does not need compatibility with older versions.
Call Stack (most recent call first):
  /home/ubuntu/.hunter/_Base/Download/Hunter/0.23.251/5659b15/Unpacked/cmake/modules/hunter_finalize.cmake:6 (include)
  /home/ubuntu/.hunter/_Base/Download/Hunter/0.23.251/5659b15/Unpacked/cmake/modules/hunter_add_package.cmake:7 (include)
  /home/ubuntu/.hunter/_Base/Download/Hunter/0.23.251/5659b15/Unpacked/cmake/modules/hunter_cache_run.cmake:6 (include)
  /home/ubuntu/.hunter/_Base/Download/Hunter/0.23.251/5659b15/Unpacked/cmake/modules/hunter_load_from_cache.cmake:5 (include)
  /home/ubuntu/.hunter/_Base/Download/Hunter/0.23.251/5659b15/Unpacked/cmake/modules/hunter_download.cmake:22 (include)
  /home/ubuntu/.hunter/_Base/Download/Hunter/0.23.251/5659b15/Unpacked/cmake/projects/GTest/hunter.cmake:8 (include)
  /home/ubuntu/.hunter/_Base/Download/Hunter/0.23.251/5659b15/Unpacked/cmake/modules/hunter_add_package.cmake:62 (include)
  CMakeLists.txt:22 (hunter_add_package)


CMake Deprecation Warning at /home/ubuntu/.hunter/_Base/Download/Hunter/0.23.251/5659b15/Unpacked/cmake/modules/hunter_make_directory.cmake:4 (cmake_minimum_required):
  Compatibility with CMake < 3.5 will be removed from a future version of
  CMake.

  Update the VERSION argument <min> value or use a ...<max> suffix to tell
  CMake that the project does not need compatibility with older versions.
Call Stack (most recent call first):
  /home/ubuntu/.hunter/_Base/Download/Hunter/0.23.251/5659b15/Unpacked/cmake/modules/hunter_create_cache_meta_directory.cmake:5 (include)
  /home/ubuntu/.hunter/_Base/Download/Hunter/0.23.251/5659b15/Unpacked/cmake/modules/hunter_load_from_cache.cmake:6 (include)
  /home/ubuntu/.hunter/_Base/Download/Hunter/0.23.251/5659b15/Unpacked/cmake/modules/hunter_download.cmake:22 (include)
  /home/ubuntu/.hunter/_Base/Download/Hunter/0.23.251/5659b15/Unpacked/cmake/projects/GTest/hunter.cmake:8 (include)
  /home/ubuntu/.hunter/_Base/Download/Hunter/0.23.251/5659b15/Unpacked/cmake/modules/hunter_add_package.cmake:62 (include)
  CMakeLists.txt:22 (hunter_add_package)


CMake Deprecation Warning at /home/ubuntu/.hunter/_Base/Download/Hunter/0.23.251/5659b15/Unpacked/cmake/modules/hunter_lock_directory.cmake:4 (cmake_minimum_required):
  Compatibility with CMake < 3.5 will be removed from a future version of
  CMake.

  Update the VERSION argument <min> value or use a ...<max> suffix to tell
  CMake that the project does not need compatibility with older versions.
Call Stack (most recent call first):
  /home/ubuntu/.hunter/_Base/Download/Hunter/0.23.251/5659b15/Unpacked/cmake/modules/hunter_make_directory.cmake:7 (include)
  /home/ubuntu/.hunter/_Base/Download/Hunter/0.23.251/5659b15/Unpacked/cmake/modules/hunter_create_cache_meta_directory.cmake:5 (include)
  /home/ubuntu/.hunter/_Base/Download/Hunter/0.23.251/5659b15/Unpacked/cmake/modules/hunter_load_from_cache.cmake:6 (include)
  /home/ubuntu/.hunter/_Base/Download/Hunter/0.23.251/5659b15/Unpacked/cmake/modules/hunter_download.cmake:22 (include)
  /home/ubuntu/.hunter/_Base/Download/Hunter/0.23.251/5659b15/Unpacked/cmake/projects/GTest/hunter.cmake:8 (include)
  /home/ubuntu/.hunter/_Base/Download/Hunter/0.23.251/5659b15/Unpacked/cmake/modules/hunter_add_package.cmake:62 (include)
  CMakeLists.txt:22 (hunter_add_package)


CMake Deprecation Warning at /home/ubuntu/.hunter/_Base/Download/Hunter/0.23.251/5659b15/Unpacked/cmake/modules/hunter_make_directory.cmake:4 (cmake_minimum_required):
  Compatibility with CMake < 3.5 will be removed from a future version of
  CMake.

  Update the VERSION argument <min> value or use a ...<max> suffix to tell
  CMake that the project does not need compatibility with older versions.
Call Stack (most recent call first):
  /home/ubuntu/.hunter/_Base/Download/Hunter/0.23.251/5659b15/Unpacked/cmake/modules/hunter_create_cache_meta_directory.cmake:5 (include)
  /home/ubuntu/.hunter/_Base/Download/Hunter/0.23.251/5659b15/Unpacked/cmake/modules/hunter_save_to_cache.cmake:4 (include)
  /home/ubuntu/.hunter/_Base/Download/Hunter/0.23.251/5659b15/Unpacked/cmake/modules/hunter_download.cmake:26 (include)
  /home/ubuntu/.hunter/_Base/Download/Hunter/0.23.251/5659b15/Unpacked/cmake/projects/GTest/hunter.cmake:8 (include)
  /home/ubuntu/.hunter/_Base/Download/Hunter/0.23.251/5659b15/Unpacked/cmake/modules/hunter_add_package.cmake:62 (include)
  CMakeLists.txt:22 (hunter_add_package)


CMake Deprecation Warning at /home/ubuntu/.hunter/_Base/Download/Hunter/0.23.251/5659b15/Unpacked/cmake/modules/hunter_lock_directory.cmake:4 (cmake_minimum_required):
  Compatibility with CMake < 3.5 will be removed from a future version of
  CMake.

  Update the VERSION argument <min> value or use a ...<max> suffix to tell
  CMake that the project does not need compatibility with older versions.
Call Stack (most recent call first):
  /home/ubuntu/.hunter/_Base/Download/Hunter/0.23.251/5659b15/Unpacked/cmake/modules/hunter_make_directory.cmake:7 (include)
  /home/ubuntu/.hunter/_Base/Download/Hunter/0.23.251/5659b15/Unpacked/cmake/modules/hunter_create_cache_meta_directory.cmake:5 (include)
  /home/ubuntu/.hunter/_Base/Download/Hunter/0.23.251/5659b15/Unpacked/cmake/modules/hunter_save_to_cache.cmake:4 (include)
  /home/ubuntu/.hunter/_Base/Download/Hunter/0.23.251/5659b15/Unpacked/cmake/modules/hunter_download.cmake:26 (include)
  /home/ubuntu/.hunter/_Base/Download/Hunter/0.23.251/5659b15/Unpacked/cmake/projects/GTest/hunter.cmake:8 (include)
  /home/ubuntu/.hunter/_Base/Download/Hunter/0.23.251/5659b15/Unpacked/cmake/modules/hunter_add_package.cmake:62 (include)
  CMakeLists.txt:22 (hunter_add_package)


CMake Deprecation Warning at /home/ubuntu/.hunter/_Base/Download/Hunter/0.23.251/5659b15/Unpacked/cmake/modules/hunter_lock_directory.cmake:4 (cmake_minimum_required):
  Compatibility with CMake < 3.5 will be removed from a future version of
  CMake.

  Update the VERSION argument <min> value or use a ...<max> suffix to tell
  CMake that the project does not need compatibility with older versions.
Call Stack (most recent call first):
  /home/ubuntu/.hunter/_Base/Download/Hunter/0.23.251/5659b15/Unpacked/cmake/modules/hunter_save_to_cache.cmake:7 (include)
  /home/ubuntu/.hunter/_Base/Download/Hunter/0.23.251/5659b15/Unpacked/cmake/modules/hunter_download.cmake:26 (include)
  /home/ubuntu/.hunter/_Base/Download/Hunter/0.23.251/5659b15/Unpacked/cmake/projects/GTest/hunter.cmake:8 (include)
  /home/ubuntu/.hunter/_Base/Download/Hunter/0.23.251/5659b15/Unpacked/cmake/modules/hunter_add_package.cmake:62 (include)
  CMakeLists.txt:22 (hunter_add_package)


CMake Deprecation Warning at /home/ubuntu/.hunter/_Base/Download/Hunter/0.23.251/5659b15/Unpacked/cmake/modules/hunter_make_directory.cmake:4 (cmake_minimum_required):
  Compatibility with CMake < 3.5 will be removed from a future version of
  CMake.

  Update the VERSION argument <min> value or use a ...<max> suffix to tell
  CMake that the project does not need compatibility with older versions.
Call Stack (most recent call first):
  /home/ubuntu/.hunter/_Base/Download/Hunter/0.23.251/5659b15/Unpacked/cmake/modules/hunter_save_to_cache.cmake:8 (include)
  /home/ubuntu/.hunter/_Base/Download/Hunter/0.23.251/5659b15/Unpacked/cmake/modules/hunter_download.cmake:26 (include)
  /home/ubuntu/.hunter/_Base/Download/Hunter/0.23.251/5659b15/Unpacked/cmake/projects/GTest/hunter.cmake:8 (include)
  /home/ubuntu/.hunter/_Base/Download/Hunter/0.23.251/5659b15/Unpacked/cmake/modules/hunter_add_package.cmake:62 (include)
  CMakeLists.txt:22 (hunter_add_package)


CMake Deprecation Warning at /home/ubuntu/.hunter/_Base/Download/Hunter/0.23.251/5659b15/Unpacked/cmake/modules/hunter_lock_directory.cmake:4 (cmake_minimum_required):
  Compatibility with CMake < 3.5 will be removed from a future version of
  CMake.

  Update the VERSION argument <min> value or use a ...<max> suffix to tell
  CMake that the project does not need compatibility with older versions.
Call Stack (most recent call first):
  /home/ubuntu/.hunter/_Base/Download/Hunter/0.23.251/5659b15/Unpacked/cmake/modules/hunter_make_directory.cmake:7 (include)
  /home/ubuntu/.hunter/_Base/Download/Hunter/0.23.251/5659b15/Unpacked/cmake/modules/hunter_save_to_cache.cmake:8 (include)
  /home/ubuntu/.hunter/_Base/Download/Hunter/0.23.251/5659b15/Unpacked/cmake/modules/hunter_download.cmake:26 (include)
  /home/ubuntu/.hunter/_Base/Download/Hunter/0.23.251/5659b15/Unpacked/cmake/projects/GTest/hunter.cmake:8 (include)
  /home/ubuntu/.hunter/_Base/Download/Hunter/0.23.251/5659b15/Unpacked/cmake/modules/hunter_add_package.cmake:62 (include)
  CMakeLists.txt:22 (hunter_add_package)


-- [hunter] GTEST_ROOT: /home/ubuntu/.hunter/_Base/5659b15/b7eb55c/8a1641b/Install (ver.: 1.10.0)
-- [hunter] Building GTest
loading initial cache file /home/ubuntu/.hunter/_Base/5659b15/b7eb55c/8a1641b/cache.cmake
loading initial cache file /home/ubuntu/.hunter/_Base/5659b15/b7eb55c/8a1641b/Build/GTest/args.cmake
CMake Deprecation Warning at CMakeLists.txt:4 (cmake_minimum_required):
  Compatibility with CMake < 3.5 will be removed from a future version of
  CMake.

  Update the VERSION argument <min> value or use a ...<max> suffix to tell
  CMake that the project does not need compatibility with older versions.


-- The C compiler identification is GNU 13.3.0
-- The CXX compiler identification is GNU 13.3.0
-- Check for working C compiler: /usr/bin/cc - skipped
-- Detecting C compile features
-- Detecting C compile features - done
-- Check for working CXX compiler: /usr/bin/c++ - skipped
-- Detecting CXX compile features
-- Detecting CXX compile features - done
CMake Warning (dev) at /usr/share/cmake-3.28/Modules/ExternalProject.cmake:3195 (message):
  The DOWNLOAD_EXTRACT_TIMESTAMP option was not given and policy CMP0135 is
  not set.  The policy's OLD behavior will be used.  When using a URL
  download, the timestamps of extracted files should preferably be that of
  the time of extraction, otherwise code that depends on the extracted
  contents might not be rebuilt if the URL changes.  The OLD behavior
  preserves the timestamps from the archive instead, but this is usually not
  what you want.  Update your project to the NEW behavior or specify the
  DOWNLOAD_EXTRACT_TIMESTAMP option with a value of true to avoid this
  robustness issue.
Call Stack (most recent call first):
  /usr/share/cmake-3.28/Modules/ExternalProject.cmake:4418 (_ep_add_download_command)
  CMakeLists.txt:152 (ExternalProject_Add)
This warning is for project developers.  Use -Wno-dev to suppress it.

CMake Warning (dev) at /usr/share/cmake-3.28/Modules/ExternalProject.cmake:3195 (message):
  The DOWNLOAD_EXTRACT_TIMESTAMP option was not given and policy CMP0135 is
  not set.  The policy's OLD behavior will be used.  When using a URL
  download, the timestamps of extracted files should preferably be that of
  the time of extraction, otherwise code that depends on the extracted
  contents might not be rebuilt if the URL changes.  The OLD behavior
  preserves the timestamps from the archive instead, but this is usually not
  what you want.  Update your project to the NEW behavior or specify the
  DOWNLOAD_EXTRACT_TIMESTAMP option with a value of true to avoid this
  robustness issue.
Call Stack (most recent call first):
  /usr/share/cmake-3.28/Modules/ExternalProject.cmake:4418 (_ep_add_download_command)
  CMakeLists.txt:152 (ExternalProject_Add)
This warning is for project developers.  Use -Wno-dev to suppress it.

-- Configuring done (0.1s)
-- Generating done (0.0s)
-- Build files have been written to: /home/ubuntu/.hunter/_Base/5659b15/b7eb55c/8a1641b/Build/GTest/Build
[  6%] Creating directories for 'GTest-Release'
[ 12%] Performing download step (download, verify and extract) for 'GTest-Release'
-- Downloading...
   dst='/home/ubuntu/.hunter/_Base/Download/GTest/1.10.0/9c89be7/release-1.10.0.tar.gz'
   timeout='none'
   inactivity timeout='none'
-- Using src='https://github.com/google/googletest/archive/release-1.10.0.tar.gz'
-- verifying file...
       file='/home/ubuntu/.hunter/_Base/Download/GTest/1.10.0/9c89be7/release-1.10.0.tar.gz'
-- Downloading... done
-- extracting...
     src='/home/ubuntu/.hunter/_Base/Download/GTest/1.10.0/9c89be7/release-1.10.0.tar.gz'
     dst='/home/ubuntu/.hunter/_Base/5659b15/b7eb55c/8a1641b/Build/GTest/Source'
-- extracting... [tar xfz]
-- extracting... [analysis]
-- extracting... [rename]
-- extracting... [clean up]
-- extracting... done
[ 18%] No update step for 'GTest-Release'
[ 25%] No patch step for 'GTest-Release'
[ 31%] Performing configure step for 'GTest-Release'
loading initial cache file /home/ubuntu/.hunter/_Base/5659b15/b7eb55c/8a1641b/cache.cmake
loading initial cache file /home/ubuntu/.hunter/_Base/5659b15/b7eb55c/8a1641b/Build/GTest/args.cmake
CMake Deprecation Warning at CMakeLists.txt:4 (cmake_minimum_required):
  Compatibility with CMake < 3.5 will be removed from a future version of
  CMake.

  Update the VERSION argument <min> value or use a ...<max> suffix to tell
  CMake that the project does not need compatibility with older versions.


-- The C compiler identification is GNU 13.3.0
-- The CXX compiler identification is GNU 13.3.0
-- Check for working C compiler: /usr/bin/cc - skipped
-- Detecting C compile features
-- Detecting C compile features - done
-- Check for working CXX compiler: /usr/bin/c++ - skipped
-- Detecting CXX compile features
-- Detecting CXX compile features - done
CMake Deprecation Warning at googlemock/CMakeLists.txt:45 (cmake_minimum_required):
  Compatibility with CMake < 3.5 will be removed from a future version of
  CMake.

  Update the VERSION argument <min> value or use a ...<max> suffix to tell
  CMake that the project does not need compatibility with older versions.


CMake Deprecation Warning at googletest/CMakeLists.txt:56 (cmake_minimum_required):
  Compatibility with CMake < 3.5 will be removed from a future version of
  CMake.

  Update the VERSION argument <min> value or use a ...<max> suffix to tell
  CMake that the project does not need compatibility with older versions.


CMake Warning (dev) at googletest/cmake/internal_utils.cmake:243 (find_package):
  Policy CMP0148 is not set: The FindPythonInterp and FindPythonLibs modules
  are removed.  Run "cmake --help-policy CMP0148" for policy details.  Use
  the cmake_policy command to set the policy and suppress this warning.

Call Stack (most recent call first):
  googletest/CMakeLists.txt:91 (include)
This warning is for project developers.  Use -Wno-dev to suppress it.

-- Found PythonInterp: /usr/bin/python3 (found version "3.12.3") 
-- Performing Test CMAKE_HAVE_LIBC_PTHREAD
-- Performing Test CMAKE_HAVE_LIBC_PTHREAD - Success
-- Found Threads: TRUE  
-- Configuring done (0.1s)
-- Generating done (0.0s)
-- Build files have been written to: /home/ubuntu/.hunter/_Base/5659b15/b7eb55c/8a1641b/Build/GTest/Build/GTest-Release-prefix/src/GTest-Release-build
[ 37%] Performing build step for 'GTest-Release'
[ 12%] Building CXX object googletest/CMakeFiles/gtest.dir/src/gtest-all.cc.o
[ 25%] Linking CXX static library ../lib/libgtest.a
[ 25%] Built target gtest
[ 50%] Building CXX object googlemock/CMakeFiles/gmock.dir/src/gmock-all.cc.o
[ 50%] Building CXX object googletest/CMakeFiles/gtest_main.dir/src/gtest_main.cc.o
[ 62%] Linking CXX static library ../lib/libgtest_main.a
[ 62%] Built target gtest_main
[ 75%] Linking CXX static library ../lib/libgmock.a
[ 75%] Built target gmock
[ 87%] Building CXX object googlemock/CMakeFiles/gmock_main.dir/src/gmock_main.cc.o
[100%] Linking CXX static library ../lib/libgmock_main.a
[100%] Built target gmock_main
[ 43%] Performing install step for 'GTest-Release'
[ 25%] Built target gtest
[ 50%] Built target gmock
[ 75%] Built target gmock_main
[100%] Built target gtest_main
Install the project...
-- Install configuration: "Release"
-- Installing: /home/ubuntu/.hunter/_Base/5659b15/b7eb55c/8a1641b/Build/GTest/Install/include
-- Installing: /home/ubuntu/.hunter/_Base/5659b15/b7eb55c/8a1641b/Build/GTest/Install/include/gmock
-- Installing: /home/ubuntu/.hunter/_Base/5659b15/b7eb55c/8a1641b/Build/GTest/Install/include/gmock/gmock-generated-function-mockers.h.pump
-- Installing: /home/ubuntu/.hunter/_Base/5659b15/b7eb55c/8a1641b/Build/GTest/Install/include/gmock/gmock-generated-matchers.h.pump
-- Installing: /home/ubuntu/.hunter/_Base/5659b15/b7eb55c/8a1641b/Build/GTest/Install/include/gmock/internal
-- Installing: /home/ubuntu/.hunter/_Base/5659b15/b7eb55c/8a1641b/Build/GTest/Install/include/gmock/internal/gmock-internal-utils.h
-- Installing: /home/ubuntu/.hunter/_Base/5659b15/b7eb55c/8a1641b/Build/GTest/Install/include/gmock/internal/gmock-pp.h
-- Installing: /home/ubuntu/.hunter/_Base/5659b15/b7eb55c/8a1641b/Build/GTest/Install/include/gmock/internal/custom
-- Installing: /home/ubuntu/.hunter/_Base/5659b15/b7eb55c/8a1641b/Build/GTest/Install/include/gmock/internal/custom/README.md
-- Installing: /home/ubuntu/.hunter/_Base/5659b15/b7eb55c/8a1641b/Build/GTest/Install/include/gmock/internal/custom/gmock-matchers.h
-- Installing: /home/ubuntu/.hunter/_Base/5659b15/b7eb55c/8a1641b/Build/GTest/Install/include/gmock/internal/custom/gmock-generated-actions.h
-- Installing: /home/ubuntu/.hunter/_Base/5659b15/b7eb55c/8a1641b/Build/GTest/Install/include/gmock/internal/custom/gmock-port.h
-- Installing: /home/ubuntu/.hunter/_Base/5659b15/b7eb55c/8a1641b/Build/GTest/Install/include/gmock/internal/custom/gmock-generated-actions.h.pump
-- Installing: /home/ubuntu/.hunter/_Base/5659b15/b7eb55c/8a1641b/Build/GTest/Install/include/gmock/internal/gmock-port.h
-- Installing: /home/ubuntu/.hunter/_Base/5659b15/b7eb55c/8a1641b/Build/GTest/Install/include/gmock/gmock-matchers.h
-- Installing: /home/ubuntu/.hunter/_Base/5659b15/b7eb55c/8a1641b/Build/GTest/Install/include/gmock/gmock-more-actions.h
-- Installing: /home/ubuntu/.hunter/_Base/5659b15/b7eb55c/8a1641b/Build/GTest/Install/include/gmock/gmock.h
-- Installing: /home/ubuntu/.hunter/_Base/5659b15/b7eb55c/8a1641b/Build/GTest/Install/include/gmock/gmock-generated-actions.h
-- Installing: /home/ubuntu/.hunter/_Base/5659b15/b7eb55c/8a1641b/Build/GTest/Install/include/gmock/gmock-spec-builders.h
-- Installing: /home/ubuntu/.hunter/_Base/5659b15/b7eb55c/8a1641b/Build/GTest/Install/include/gmock/gmock-nice-strict.h
-- Installing: /home/ubuntu/.hunter/_Base/5659b15/b7eb55c/8a1641b/Build/GTest/Install/include/gmock/gmock-generated-actions.h.pump
-- Installing: /home/ubuntu/.hunter/_Base/5659b15/b7eb55c/8a1641b/Build/GTest/Install/include/gmock/gmock-generated-matchers.h
-- Installing: /home/ubuntu/.hunter/_Base/5659b15/b7eb55c/8a1641b/Build/GTest/Install/include/gmock/gmock-actions.h
-- Installing: /home/ubuntu/.hunter/_Base/5659b15/b7eb55c/8a1641b/Build/GTest/Install/include/gmock/gmock-cardinalities.h
-- Installing: /home/ubuntu/.hunter/_Base/5659b15/b7eb55c/8a1641b/Build/GTest/Install/include/gmock/gmock-generated-function-mockers.h
-- Installing: /home/ubuntu/.hunter/_Base/5659b15/b7eb55c/8a1641b/Build/GTest/Install/include/gmock/gmock-function-mocker.h
-- Installing: /home/ubuntu/.hunter/_Base/5659b15/b7eb55c/8a1641b/Build/GTest/Install/include/gmock/gmock-more-matchers.h
-- Installing: /home/ubuntu/.hunter/_Base/5659b15/b7eb55c/8a1641b/Build/GTest/Install/lib/libgmock.a
-- Installing: /home/ubuntu/.hunter/_Base/5659b15/b7eb55c/8a1641b/Build/GTest/Install/lib/libgmock_main.a
-- Installing: /home/ubuntu/.hunter/_Base/5659b15/b7eb55c/8a1641b/Build/GTest/Install/lib/pkgconfig/gmock.pc
-- Installing: /home/ubuntu/.hunter/_Base/5659b15/b7eb55c/8a1641b/Build/GTest/Install/lib/pkgconfig/gmock_main.pc
-- Installing: /home/ubuntu/.hunter/_Base/5659b15/b7eb55c/8a1641b/Build/GTest/Install/lib/cmake/GTest/GTestTargets.cmake
-- Installing: /home/ubuntu/.hunter/_Base/5659b15/b7eb55c/8a1641b/Build/GTest/Install/lib/cmake/GTest/GTestTargets-release.cmake
-- Installing: /home/ubuntu/.hunter/_Base/5659b15/b7eb55c/8a1641b/Build/GTest/Install/lib/cmake/GTest/GTestConfigVersion.cmake
-- Installing: /home/ubuntu/.hunter/_Base/5659b15/b7eb55c/8a1641b/Build/GTest/Install/lib/cmake/GTest/GTestConfig.cmake
-- Up-to-date: /home/ubuntu/.hunter/_Base/5659b15/b7eb55c/8a1641b/Build/GTest/Install/include
-- Installing: /home/ubuntu/.hunter/_Base/5659b15/b7eb55c/8a1641b/Build/GTest/Install/include/gtest
-- Installing: /home/ubuntu/.hunter/_Base/5659b15/b7eb55c/8a1641b/Build/GTest/Install/include/gtest/gtest-matchers.h
-- Installing: /home/ubuntu/.hunter/_Base/5659b15/b7eb55c/8a1641b/Build/GTest/Install/include/gtest/gtest.h
-- Installing: /home/ubuntu/.hunter/_Base/5659b15/b7eb55c/8a1641b/Build/GTest/Install/include/gtest/gtest-typed-test.h
-- Installing: /home/ubuntu/.hunter/_Base/5659b15/b7eb55c/8a1641b/Build/GTest/Install/include/gtest/gtest-param-test.h
-- Installing: /home/ubuntu/.hunter/_Base/5659b15/b7eb55c/8a1641b/Build/GTest/Install/include/gtest/gtest_pred_impl.h
-- Installing: /home/ubuntu/.hunter/_Base/5659b15/b7eb55c/8a1641b/Build/GTest/Install/include/gtest/gtest-spi.h
-- Installing: /home/ubuntu/.hunter/_Base/5659b15/b7eb55c/8a1641b/Build/GTest/Install/include/gtest/gtest-test-part.h
-- Installing: /home/ubuntu/.hunter/_Base/5659b15/b7eb55c/8a1641b/Build/GTest/Install/include/gtest/gtest-death-test.h
-- Installing: /home/ubuntu/.hunter/_Base/5659b15/b7eb55c/8a1641b/Build/GTest/Install/include/gtest/internal
-- Installing: /home/ubuntu/.hunter/_Base/5659b15/b7eb55c/8a1641b/Build/GTest/Install/include/gtest/internal/gtest-death-test-internal.h
-- Installing: /home/ubuntu/.hunter/_Base/5659b15/b7eb55c/8a1641b/Build/GTest/Install/include/gtest/internal/custom
-- Installing: /home/ubuntu/.hunter/_Base/5659b15/b7eb55c/8a1641b/Build/GTest/Install/include/gtest/internal/custom/gtest.h
-- Installing: /home/ubuntu/.hunter/_Base/5659b15/b7eb55c/8a1641b/Build/GTest/Install/include/gtest/internal/custom/README.md
-- Installing: /home/ubuntu/.hunter/_Base/5659b15/b7eb55c/8a1641b/Build/GTest/Install/include/gtest/internal/custom/gtest-port.h
-- Installing: /home/ubuntu/.hunter/_Base/5659b15/b7eb55c/8a1641b/Build/GTest/Install/include/gtest/internal/custom/gtest-printers.h
-- Installing: /home/ubuntu/.hunter/_Base/5659b15/b7eb55c/8a1641b/Build/GTest/Install/include/gtest/internal/gtest-param-util.h
-- Installing: /home/ubuntu/.hunter/_Base/5659b15/b7eb55c/8a1641b/Build/GTest/Install/include/gtest/internal/gtest-type-util.h
-- Installing: /home/ubuntu/.hunter/_Base/5659b15/b7eb55c/8a1641b/Build/GTest/Install/include/gtest/internal/gtest-internal.h
-- Installing: /home/ubuntu/.hunter/_Base/5659b15/b7eb55c/8a1641b/Build/GTest/Install/include/gtest/internal/gtest-type-util.h.pump
-- Installing: /home/ubuntu/.hunter/_Base/5659b15/b7eb55c/8a1641b/Build/GTest/Install/include/gtest/internal/gtest-port-arch.h
-- Installing: /home/ubuntu/.hunter/_Base/5659b15/b7eb55c/8a1641b/Build/GTest/Install/include/gtest/internal/gtest-string.h
-- Installing: /home/ubuntu/.hunter/_Base/5659b15/b7eb55c/8a1641b/Build/GTest/Install/include/gtest/internal/gtest-port.h
-- Installing: /home/ubuntu/.hunter/_Base/5659b15/b7eb55c/8a1641b/Build/GTest/Install/include/gtest/internal/gtest-filepath.h
-- Installing: /home/ubuntu/.hunter/_Base/5659b15/b7eb55c/8a1641b/Build/GTest/Install/include/gtest/gtest-message.h
-- Installing: /home/ubuntu/.hunter/_Base/5659b15/b7eb55c/8a1641b/Build/GTest/Install/include/gtest/gtest_prod.h
-- Installing: /home/ubuntu/.hunter/_Base/5659b15/b7eb55c/8a1641b/Build/GTest/Install/include/gtest/gtest-printers.h
-- Installing: /home/ubuntu/.hunter/_Base/5659b15/b7eb55c/8a1641b/Build/GTest/Install/lib/libgtest.a
-- Installing: /home/ubuntu/.hunter/_Base/5659b15/b7eb55c/8a1641b/Build/GTest/Install/lib/libgtest_main.a
-- Installing: /home/ubuntu/.hunter/_Base/5659b15/b7eb55c/8a1641b/Build/GTest/Install/lib/pkgconfig/gtest.pc
-- Installing: /home/ubuntu/.hunter/_Base/5659b15/b7eb55c/8a1641b/Build/GTest/Install/lib/pkgconfig/gtest_main.pc
loading initial cache file /home/ubuntu/.hunter/_Base/5659b15/b7eb55c/8a1641b/Build/GTest/args.cmake
CMake Deprecation Warning at /home/ubuntu/.hunter/_Base/Download/Hunter/0.23.251/5659b15/Unpacked/scripts/try-copy-license.cmake:5 (cmake_minimum_required):
  Compatibility with CMake < 3.5 will be removed from a future version of
  CMake.

  Update the VERSION argument <min> value or use a ...<max> suffix to tell
  CMake that the project does not need compatibility with older versions.


[ 50%] Completed 'GTest-Release'
[ 50%] Built target GTest-Release
[ 56%] Creating directories for 'GTest-Debug'
[ 62%] Performing download step (download, verify and extract) for 'GTest-Debug'
-- verifying file...
       file='/home/ubuntu/.hunter/_Base/Download/GTest/1.10.0/9c89be7/release-1.10.0.tar.gz'
-- File already exists and hash match (skip download):
  file='/home/ubuntu/.hunter/_Base/Download/GTest/1.10.0/9c89be7/release-1.10.0.tar.gz'
  SHA1='9c89be7df9c5e8cb0bc20b3c4b39bf7e82686770'
-- extracting...
     src='/home/ubuntu/.hunter/_Base/Download/GTest/1.10.0/9c89be7/release-1.10.0.tar.gz'
     dst='/home/ubuntu/.hunter/_Base/5659b15/b7eb55c/8a1641b/Build/GTest/Source'
-- extracting... [tar xfz]
-- extracting... [analysis]
-- extracting... [rename]
-- extracting... [clean up]
-- extracting... done
[ 68%] No update step for 'GTest-Debug'
[ 75%] No patch step for 'GTest-Debug'
[ 81%] Performing configure step for 'GTest-Debug'
loading initial cache file /home/ubuntu/.hunter/_Base/5659b15/b7eb55c/8a1641b/cache.cmake
loading initial cache file /home/ubuntu/.hunter/_Base/5659b15/b7eb55c/8a1641b/Build/GTest/args.cmake
CMake Deprecation Warning at CMakeLists.txt:4 (cmake_minimum_required):
  Compatibility with CMake < 3.5 will be removed from a future version of
  CMake.

  Update the VERSION argument <min> value or use a ...<max> suffix to tell
  CMake that the project does not need compatibility with older versions.


-- The C compiler identification is GNU 13.3.0
-- The CXX compiler identification is GNU 13.3.0
-- Check for working C compiler: /usr/bin/cc - skipped
-- Detecting C compile features
-- Detecting C compile features - done
-- Check for working CXX compiler: /usr/bin/c++ - skipped
-- Detecting CXX compile features
-- Detecting CXX compile features - done
CMake Deprecation Warning at googlemock/CMakeLists.txt:45 (cmake_minimum_required):
  Compatibility with CMake < 3.5 will be removed from a future version of
  CMake.

  Update the VERSION argument <min> value or use a ...<max> suffix to tell
  CMake that the project does not need compatibility with older versions.


CMake Deprecation Warning at googletest/CMakeLists.txt:56 (cmake_minimum_required):
  Compatibility with CMake < 3.5 will be removed from a future version of
  CMake.

  Update the VERSION argument <min> value or use a ...<max> suffix to tell
  CMake that the project does not need compatibility with older versions.


CMake Warning (dev) at googletest/cmake/internal_utils.cmake:243 (find_package):
  Policy CMP0148 is not set: The FindPythonInterp and FindPythonLibs modules
  are removed.  Run "cmake --help-policy CMP0148" for policy details.  Use
  the cmake_policy command to set the policy and suppress this warning.

Call Stack (most recent call first):
  googletest/CMakeLists.txt:91 (include)
This warning is for project developers.  Use -Wno-dev to suppress it.

-- Found PythonInterp: /usr/bin/python3 (found version "3.12.3") 
-- Performing Test CMAKE_HAVE_LIBC_PTHREAD
-- Performing Test CMAKE_HAVE_LIBC_PTHREAD - Success
-- Found Threads: TRUE  
-- Configuring done (0.1s)
-- Generating done (0.0s)
-- Build files have been written to: /home/ubuntu/.hunter/_Base/5659b15/b7eb55c/8a1641b/Build/GTest/Build/GTest-Debug-prefix/src/GTest-Debug-build
[ 87%] Performing build step for 'GTest-Debug'
[ 12%] Building CXX object googletest/CMakeFiles/gtest.dir/src/gtest-all.cc.o
In file included from /home/ubuntu/.hunter/_Base/5659b15/b7eb55c/8a1641b/Build/GTest/Source/googletest/src/gtest-all.cc:42:
/home/ubuntu/.hunter/_Base/5659b15/b7eb55c/8a1641b/Build/GTest/Source/googletest/src/gtest-death-test.cc: In function ‘bool testing::internal::StackGrowsDown()’:
/home/ubuntu/.hunter/_Base/5659b15/b7eb55c/8a1641b/Build/GTest/Source/googletest/src/gtest-death-test.cc:1301:24: error: ‘dummy’ may be used uninitialized [-Werror=maybe-uninitialized]
 1301 |   StackLowerThanAddress(&dummy, &result);
      |   ~~~~~~~~~~~~~~~~~~~~~^~~~~~~~~~~~~~~~~
/home/ubuntu/.hunter/_Base/5659b15/b7eb55c/8a1641b/Build/GTest/Source/googletest/src/gtest-death-test.cc:1290:13: note: by argument 1 of type ‘const void*’ to ‘void testing::internal::StackLowerThanAddress(const void*, bool*)’ declared here
 1290 | static void StackLowerThanAddress(const void* ptr, bool* result) {
      |             ^~~~~~~~~~~~~~~~~~~~~
/home/ubuntu/.hunter/_Base/5659b15/b7eb55c/8a1641b/Build/GTest/Source/googletest/src/gtest-death-test.cc:1299:7: note: ‘dummy’ declared here
 1299 |   int dummy;
      |       ^~~~~
cc1plus: all warnings being treated as errors
gmake[5]: *** [googletest/CMakeFiles/gtest.dir/build.make:76: googletest/CMakeFiles/gtest.dir/src/gtest-all.cc.o] Error 1
gmake[4]: *** [CMakeFiles/Makefile2:172: googletest/CMakeFiles/gtest.dir/all] Error 2
gmake[3]: *** [Makefile:146: all] Error 2
gmake[2]: *** [CMakeFiles/GTest-Debug.dir/build.make:86: GTest-Debug-prefix/src/GTest-Debug-stamp/GTest-Debug-build] Error 2
gmake[1]: *** [CMakeFiles/Makefile2:111: CMakeFiles/GTest-Debug.dir/all] Error 2
gmake: *** [Makefile:91: all] Error 2

[hunter ** FATAL ERROR **] Build step failed (dir: /home/ubuntu/.hunter/_Base/5659b15/b7eb55c/8a1641b/Build/GTest
[hunter ** FATAL ERROR **] [Directory:/home/ubuntu/.hunter/_Base/Download/Hunter/0.23.251/5659b15/Unpacked/cmake/projects/GTest]

------------------------------ ERROR -----------------------------
    https://hunter.readthedocs.io/en/latest/reference/errors/error.external.build.failed.html
------------------------------------------------------------------

CMake Error at /home/ubuntu/.hunter/_Base/Download/Hunter/0.23.251/5659b15/Unpacked/cmake/modules/hunter_error_page.cmake:12 (message):
Call Stack (most recent call first):
  /home/ubuntu/.hunter/_Base/Download/Hunter/0.23.251/5659b15/Unpacked/cmake/modules/hunter_fatal_error.cmake:20 (hunter_error_page)
  /home/ubuntu/.hunter/_Base/Download/Hunter/0.23.251/5659b15/Unpacked/cmake/modules/hunter_download.cmake:623 (hunter_fatal_error)
  /home/ubuntu/.hunter/_Base/Download/Hunter/0.23.251/5659b15/Unpacked/cmake/projects/GTest/hunter.cmake:291 (hunter_download)
  /home/ubuntu/.hunter/_Base/Download/Hunter/0.23.251/5659b15/Unpacked/cmake/modules/hunter_add_package.cmake:62 (include)
  CMakeLists.txt:22 (hunter_add_package)


-- Configuring incomplete, errors occurred!
ubuntu@Ubuntu-GUI:~/Dr0-ozdik777/workspace/projects/lab07$ git --version
git version 2.43.0
ubuntu@Ubuntu-GUI:~/Dr0-ozdik777/workspace/projects/lab07$ nano CMakeLists.txt
ubuntu@Ubuntu-GUI:~/Dr0-ozdik777/workspace/projects/lab07$ rm -rf ~/.hunter
ubuntu@Ubuntu-GUI:~/Dr0-ozdik777/workspace/projects/lab07$ cmake -H. -B_builds -DBUILD_TESTS=ON
-- [hunter] Initializing Hunter workspace (5bb7f6540c31f88a4e6bb77d8a43aaf313117d9f)
-- [hunter]   https://github.com/cpp-pm/hunter/archive/v0.23.314.tar.gz
-- [hunter]   -> /home/ubuntu/.hunter/_Base/Download/Hunter/0.23.314/5bb7f65
CMake Error at Build/Hunter-prefix/src/Hunter-stamp/download-Hunter.cmake:170 (message):
  Each download failed!

    
    


gmake[2]: *** [CMakeFiles/Hunter.dir/build.make:99: Hunter-prefix/src/Hunter-stamp/Hunter-download] Error 1
gmake[1]: *** [CMakeFiles/Makefile2:83: CMakeFiles/Hunter.dir/all] Error 2
gmake: *** [Makefile:91: all] Error 2

[hunter ** INTERNAL **] Build project failed
[hunter ** INTERNAL **] [Directory:/home/ubuntu/Dr0-ozdik777/workspace/projects/lab07]

------------------------------ ERROR ------------------------------
    https://hunter.readthedocs.io/en/latest/reference/errors/error.internal.html
-------------------------------------------------------------------

CMake Error at cmake/HunterGate.cmake:88 (message):
Call Stack (most recent call first):
  cmake/HunterGate.cmake:98 (hunter_gate_error_page)
  cmake/HunterGate.cmake:347 (hunter_gate_internal_error)
  cmake/HunterGate.cmake:511 (hunter_gate_download)
  CMakeLists.txt:3 (HunterGate)


-- Configuring incomplete, errors occurred!
ubuntu@Ubuntu-GUI:~/Dr0-ozdik777/workspace/projects/lab07$ cmake -B_build -S .
-- [hunter] Initializing Hunter workspace (5bb7f6540c31f88a4e6bb77d8a43aaf313117d9f)
-- [hunter]   https://github.com/cpp-pm/hunter/archive/v0.23.314.tar.gz
-- [hunter]   -> /home/ubuntu/.hunter/_Base/Download/Hunter/0.23.314/5bb7f65
CMake Error at Build/Hunter-prefix/src/Hunter-stamp/download-Hunter.cmake:170 (message):
  Each download failed!

    
    


gmake[2]: *** [CMakeFiles/Hunter.dir/build.make:99: Hunter-prefix/src/Hunter-stamp/Hunter-download] Error 1
gmake[1]: *** [CMakeFiles/Makefile2:83: CMakeFiles/Hunter.dir/all] Error 2
gmake: *** [Makefile:91: all] Error 2

[hunter ** INTERNAL **] Build project failed
[hunter ** INTERNAL **] [Directory:/home/ubuntu/Dr0-ozdik777/workspace/projects/lab07]

------------------------------ ERROR ------------------------------
    https://hunter.readthedocs.io/en/latest/reference/errors/error.internal.html
-------------------------------------------------------------------

CMake Error at cmake/HunterGate.cmake:88 (message):
Call Stack (most recent call first):
  cmake/HunterGate.cmake:98 (hunter_gate_error_page)
  cmake/HunterGate.cmake:347 (hunter_gate_internal_error)
  cmake/HunterGate.cmake:511 (hunter_gate_download)
  CMakeLists.txt:3 (HunterGate)


-- Configuring incomplete, errors occurred!
ubuntu@Ubuntu-GUI:~/Dr0-ozdik777/workspace/projects/lab07$ rm -rf ~/.hunter
ubuntu@Ubuntu-GUI:~/Dr0-ozdik777/workspace/projects/lab07$ curl -I https://github.com/cpp-pm/hunter/archive/v0.23.314.tar.gz
HTTP/2 302 
date: Sat, 24 May 2025 09:36:48 GMT
content-type: text/html; charset=utf-8
content-length: 0
vary: X-PJAX, X-PJAX-Container, Turbo-Visit, Turbo-Frame, X-Requested-With,Accept-Encoding, Accept, X-Requested-With
location: https://codeload.github.com/cpp-pm/hunter/tar.gz/refs/tags/v0.23.314
cache-control: max-age=0, private
strict-transport-security: max-age=31536000; includeSubdomains; preload
x-frame-options: deny
x-content-type-options: nosniff
x-xss-protection: 0
referrer-policy: no-referrer-when-downgrade
content-security-policy: default-src 'none'; base-uri 'self'; child-src github.githubassets.com github.com/assets-cdn/worker/ github.com/assets/ gist.github.com/assets-cdn/worker/; connect-src 'self' uploads.github.com www.githubstatus.com collector.github.com raw.githubusercontent.com api.github.com github-cloud.s3.amazonaws.com github-production-repository-file-5c1aeb.s3.amazonaws.com github-production-upload-manifest-file-7fdce7.s3.amazonaws.com github-production-user-asset-6210df.s3.amazonaws.com *.rel.tunnels.api.visualstudio.com wss://*.rel.tunnels.api.visualstudio.com objects-origin.githubusercontent.com copilot-proxy.githubusercontent.com proxy.individual.githubcopilot.com proxy.business.githubcopilot.com proxy.enterprise.githubcopilot.com *.actions.githubusercontent.com wss://*.actions.githubusercontent.com productionresultssa0.blob.core.windows.net/ productionresultssa1.blob.core.windows.net/ productionresultssa2.blob.core.windows.net/ productionresultssa3.blob.core.windows.net/ productionresultssa4.blob.core.windows.net/ productionresultssa5.blob.core.windows.net/ productionresultssa6.blob.core.windows.net/ productionresultssa7.blob.core.windows.net/ productionresultssa8.blob.core.windows.net/ productionresultssa9.blob.core.windows.net/ productionresultssa10.blob.core.windows.net/ productionresultssa11.blob.core.windows.net/ productionresultssa12.blob.core.windows.net/ productionresultssa13.blob.core.windows.net/ productionresultssa14.blob.core.windows.net/ productionresultssa15.blob.core.windows.net/ productionresultssa16.blob.core.windows.net/ productionresultssa17.blob.core.windows.net/ productionresultssa18.blob.core.windows.net/ productionresultssa19.blob.core.windows.net/ github-production-repository-image-32fea6.s3.amazonaws.com github-production-release-asset-2e65be.s3.amazonaws.com insights.github.com wss://alive.github.com api.githubcopilot.com api.individual.githubcopilot.com api.business.githubcopilot.com api.enterprise.githubcopilot.com; font-src github.githubassets.com; form-action 'self' github.com gist.github.com copilot-workspace.githubnext.com objects-origin.githubusercontent.com; frame-ancestors 'none'; frame-src viewscreen.githubusercontent.com notebooks.githubusercontent.com; img-src 'self' data: blob: github.githubassets.com media.githubusercontent.com camo.githubusercontent.com identicons.github.com avatars.githubusercontent.com private-avatars.githubusercontent.com github-cloud.s3.amazonaws.com objects.githubusercontent.com release-assets.githubusercontent.com secured-user-images.githubusercontent.com/ user-images.githubusercontent.com/ private-user-images.githubusercontent.com opengraph.githubassets.com copilotprodattachments.blob.core.windows.net/github-production-copilot-attachments/ github-production-user-asset-6210df.s3.amazonaws.com customer-stories-feed.github.com spotlights-feed.github.com objects-origin.githubusercontent.com *.githubusercontent.com; manifest-src 'self'; media-src github.com user-images.githubusercontent.com/ secured-user-images.githubusercontent.com/ private-user-images.githubusercontent.com github-production-user-asset-6210df.s3.amazonaws.com gist.github.com; script-src github.githubassets.com; style-src 'unsafe-inline' github.githubassets.com; upgrade-insecure-requests; worker-src github.githubassets.com github.com/assets-cdn/worker/ github.com/assets/ gist.github.com/assets-cdn/worker/
server: github.com
x-github-request-id: 0763:2FC191:2E14C5:2F811E:6831939E

ubuntu@Ubuntu-GUI:~/Dr0-ozdik777/workspace/projects/lab07$ cat > CMakeLists.txt << 'EOF'
cmake_minimum_required(VERSION 3.14)
project(print VERSION 0.1.0)

set(PRINT_VERSION_MAJOR 0)
set(PRINT_VERSION_MINOR 1)
set(PRINT_VERSION_PATCH 0)
set(PRINT_VERSION_TWEAK 0)
set(PRINT_VERSION "${PRINT_VERSION_MAJOR}.${PRINT_VERSION_MINOR}.${PRINT_VERSION_PATCH}.${PRINT_VERSION_TWEAK}")
set(PRINT_VERSION_STRING "v${PRINT_VERSION}")

add_library(print STATIC print.cpp)
target_include_directories(print PUBLIC ${CMAKE_CURRENT_SOURCE_DIR})

option(BUILD_TESTS "Build tests" ON)

if(BUILD_TESTS)
  include(FetchContent)
  FetchContent_Declare(
    googletest
    URL https://github.com/google/googletest/archive/release-1.12.1.zip
  )
  FetchContent_MakeAvailable(googletest)

  enable_testing()
  file(GLOB TEST_SOURCES tests/*.cpp)
  add_executable(check \${TEST_SOURCES})
  target_link_libraries(check PRIVATE print GTest::gtest_main)
  include(GoogleTest)
  gtest_discover_tests(check)
endif()

include(InstallRequiredSystemLibraries)
set(CPACK_PACKAGE_NAME "print")
set(CPACK_PACKAGE_VENDOR "Dr0-ozdik777")
set(CPACK_PACKAGE_CONTACT "i.drozd0509@gmail.com")
set(CPACK_PACKAGE_VERSION \${PRINT_VERSION})
set(CPACK_PACKAGE_DESCRIPTION_SUMMARY "Static print library")
set(CPACK_RESOURCE_FILE_LICENSE "\${CMAKE_CURRENT_SOURCE_DIR}/LICENSE")
include(CPack)
EOF
ubuntu@Ubuntu-GUI:~/Dr0-ozdik777/workspace/projects/lab07$ rm -rf ~/.hunter
ubuntu@Ubuntu-GUI:~/Dr0-ozdik777/workspace/projects/lab07$ cmake -S . -B _build
-- The C compiler identification is GNU 13.3.0
-- The CXX compiler identification is GNU 13.3.0
-- Detecting C compiler ABI info
-- Detecting C compiler ABI info - done
-- Check for working C compiler: /usr/bin/cc - skipped
-- Detecting C compile features
-- Detecting C compile features - done
-- Detecting CXX compiler ABI info
-- Detecting CXX compiler ABI info - done
-- Check for working CXX compiler: /usr/bin/c++ - skipped
-- Detecting CXX compile features
-- Detecting CXX compile features - done
CMake Warning (dev) at /usr/share/cmake-3.28/Modules/FetchContent.cmake:1331 (message):
  The DOWNLOAD_EXTRACT_TIMESTAMP option was not given and policy CMP0135 is
  not set.  The policy's OLD behavior will be used.  When using a URL
  download, the timestamps of extracted files should preferably be that of
  the time of extraction, otherwise code that depends on the extracted
  contents might not be rebuilt if the URL changes.  The OLD behavior
  preserves the timestamps from the archive instead, but this is usually not
  what you want.  Update your project to the NEW behavior or specify the
  DOWNLOAD_EXTRACT_TIMESTAMP option with a value of true to avoid this
  robustness issue.
Call Stack (most recent call first):
  CMakeLists.txt:18 (FetchContent_Declare)
This warning is for project developers.  Use -Wno-dev to suppress it.

-- Found Python: /usr/bin/python3 (found version "3.12.3") found components: Interpreter 
-- Performing Test CMAKE_HAVE_LIBC_PTHREAD
-- Performing Test CMAKE_HAVE_LIBC_PTHREAD - Success
-- Found Threads: TRUE  
CMake Error at CMakeLists.txt:26 (add_executable):
  Legacy variable expansion in source file "${TEST_SOURCES}" expanded to
  "/home/ubuntu/Dr0-ozdik777/workspace/projects/lab07/tests/test1.cpp;/home/ubuntu/Dr0-ozdik777/workspace/projects/lab07/tests/test_print.cpp"
  in target "check".  This behavior will be removed in a future version of
  CMake.


CMake Error at /usr/share/cmake-3.28/Modules/CPack.cmake:685 (message):
  CPack license resource file:
  "/home/ubuntu/Dr0-ozdik777/workspace/projects/lab07/LICENSE" could not be
  found.
Call Stack (most recent call first):
  /usr/share/cmake-3.28/Modules/CPack.cmake:690 (cpack_check_file_exists)
  CMakeLists.txt:39 (include)


-- Configuring incomplete, errors occurred!
ubuntu@Ubuntu-GUI:~/Dr0-ozdik777/workspace/projects/lab07$ cat << EOF > CMakeLists.txt
cmake_minimum_required(VERSION 3.14)
project(print VERSION 0.1.0)

set(PRINT_VERSION_MAJOR 0)
set(PRINT_VERSION_MINOR 1)
set(PRINT_VERSION_PATCH 0)
set(PRINT_VERSION_TWEAK 0)
set(PRINT_VERSION "\${PRINT_VERSION_MAJOR}.\${PRINT_VERSION_MINOR}.\${PRINT_VERSION_PATCH}.\${PRINT_VERSION_TWEAK}")
set(PRINT_VERSION_STRING "v\${PRINT_VERSION}")

add_library(print STATIC print.cpp)
target_include_directories(print PUBLIC \${CMAKE_CURRENT_SOURCE_DIR})

option(BUILD_TESTS "Build tests" ON)

if(BUILD_TESTS)
  include(FetchContent)
  FetchContent_Declare(
    googletest
    URL https://github.com/google/googletest/archive/release-1.12.1.zip
  )
  FetchContent_MakeAvailable(googletest)

  enable_testing()
  file(GLOB TEST_SOURCES tests/*.cpp)
  add_executable(check \${TEST_SOURCES})
  target_link_libraries(check PRIVATE print gtest_main)
  include(GoogleTest)
  gtest_discover_tests(check)
endif()

include(InstallRequiredSystemLibraries)
set(CPACK_PACKAGE_NAME "print")
set(CPACK_PACKAGE_VENDOR "Dr0-ozdik777")
set(CPACK_PACKAGE_CONTACT "i.drozd0509@gmail.com")
set(CPACK_PACKAGE_VERSION \${PRINT_VERSION})
set(CPACK_PACKAGE_DESCRIPTION_SUMMARY "Static print library")
set(CPACK_RESOURCE_FILE_LICENSE "\${CMAKE_CURRENT_SOURCE_DIR}/LICENSE")
include(CPack)
EOF
ubuntu@Ubuntu-GUI:~/Dr0-ozdik777/workspace/projects/lab07$ rm -rf ~/.hunter
ubuntu@Ubuntu-GUI:~/Dr0-ozdik777/workspace/projects/lab07$ cmake -S . -B _build
CMake Warning (dev) at /usr/share/cmake-3.28/Modules/FetchContent.cmake:1331 (message):
  The DOWNLOAD_EXTRACT_TIMESTAMP option was not given and policy CMP0135 is
  not set.  The policy's OLD behavior will be used.  When using a URL
  download, the timestamps of extracted files should preferably be that of
  the time of extraction, otherwise code that depends on the extracted
  contents might not be rebuilt if the URL changes.  The OLD behavior
  preserves the timestamps from the archive instead, but this is usually not
  what you want.  Update your project to the NEW behavior or specify the
  DOWNLOAD_EXTRACT_TIMESTAMP option with a value of true to avoid this
  robustness issue.
Call Stack (most recent call first):
  CMakeLists.txt:18 (FetchContent_Declare)
This warning is for project developers.  Use -Wno-dev to suppress it.

CMake Error at /usr/share/cmake-3.28/Modules/CPack.cmake:685 (message):
  CPack license resource file:
  "/home/ubuntu/Dr0-ozdik777/workspace/projects/lab07/LICENSE" could not be
  found.
Call Stack (most recent call first):
  /usr/share/cmake-3.28/Modules/CPack.cmake:690 (cpack_check_file_exists)
  CMakeLists.txt:39 (include)


-- Configuring incomplete, errors occurred!
ubuntu@Ubuntu-GUI:~/Dr0-ozdik777/workspace/projects/lab07$ cmake_minimum_required(VERSION 3.14)
project(print VERSION 0.1.0)

set(PRINT_VERSION_MAJOR 0)
set(PRINT_VERSION_MINOR 1)
set(PRINT_VERSION_PATCH 0)
set(PRINT_VERSION_TWEAK 0)
set(PRINT_VERSION "${PRINT_VERSION_MAJOR}.${PRINT_VERSION_MINOR}.${PRINT_VERSION_PATCH}.${PRINT_VERSION_TWEAK}")
set(PRINT_VERSION_STRING "v${PRINT_VERSION}")

add_library(print STATIC print.cpp)
target_include_directories(print PUBLIC ${CMAKE_CURRENT_SOURCE_DIR})

option(BUILD_TESTS "Build tests" ON)

if(BUILD_TESTS)
  include(FetchContent)
  FetchContent_Declare(
    googletest
    URL https://github.com/google/googletest/archive/release-1.12.1.zip
    DOWNLOAD_EXTRACT_TIMESTAMP TRUE
  )
  FetchContent_MakeAvailable(googletest)

  enable_testing()
  file(GLOB TEST_SOURCES tests/*.cpp)
  add_executable(check ${TEST_SOURCES})
  target_link_libraries(check PRIVATE print GTest::gtest_main)
  include(GoogleTest)
  gtest_discover_tests(check)
endif()

include(InstallRequiredSystemLibraries)
set(CPACK_PACKAGE_NAME "print")
set(CPACK_PACKAGE_VENDOR "Dr0-ozdik777")
set(CPACK_PACKAGE_CONTACT "i.drozd0509@gmail.com")
set(CPACK_PACKAGE_VERSION ${PRINT_VERSION})
set(CPACK_PACKAGE_DESCRIPTION_SUMMARY "Static print library")
# если нет LICENSE — закомментируй или удали следующую строку
#set(CPACK_RESOURCE_FILE_LICENSE "${CMAKE_CURRENT_SOURCE_DIR}/LICENSE")
include(CPack)
-bash: syntax error near unexpected token `VERSION'
-bash: syntax error near unexpected token `print'
-bash: syntax error near unexpected token `PRINT_VERSION_MAJOR'
-bash: syntax error near unexpected token `PRINT_VERSION_MINOR'
-bash: syntax error near unexpected token `PRINT_VERSION_PATCH'
-bash: syntax error near unexpected token `PRINT_VERSION_TWEAK'
-bash: syntax error near unexpected token `PRINT_VERSION'
-bash: syntax error near unexpected token `PRINT_VERSION_STRING'
-bash: syntax error near unexpected token `print'
-bash: syntax error near unexpected token `print'
-bash: syntax error near unexpected token `BUILD_TESTS'
-bash: syntax error near unexpected token `FetchContent'
-bash: syntax error near unexpected token `newline'
googletest: command not found
Command 'URL' not found, did you mean:
  command 'UL' from deb adun.app (0.81-14build4)
Try: sudo apt install <deb name>
DOWNLOAD_EXTRACT_TIMESTAMP: command not found
-bash: syntax error near unexpected token `)'
-bash: syntax error near unexpected token `googletest'
-bash: syntax error near unexpected token `file'
-bash: syntax error near unexpected token `check'
-bash: syntax error near unexpected token `check'
-bash: syntax error near unexpected token `GoogleTest'
-bash: syntax error near unexpected token `check'
-bash: syntax error near unexpected token `include'
-bash: syntax error near unexpected token `CPACK_PACKAGE_NAME'
-bash: syntax error near unexpected token `CPACK_PACKAGE_VENDOR'
-bash: syntax error near unexpected token `CPACK_PACKAGE_CONTACT'
-bash: syntax error near unexpected token `CPACK_PACKAGE_VERSION'
-bash: syntax error near unexpected token `CPACK_PACKAGE_DESCRIPTION_SUMMARY'
-bash: syntax error near unexpected token `CPack'
ubuntu@Ubuntu-GUI:~/Dr0-ozdik777/workspace/projects/lab07$ cat > CMakeLists.txt << EOF
cmake_minimum_required(VERSION 3.14)
project(print VERSION 0.1.0)

set(PRINT_VERSION_MAJOR 0)
set(PRINT_VERSION_MINOR 1)
set(PRINT_VERSION_PATCH 0)
set(PRINT_VERSION_TWEAK 0)
set(PRINT_VERSION "\${PRINT_VERSION_MAJOR}.\${PRINT_VERSION_MINOR}.\${PRINT_VERSION_PATCH}.\${PRINT_VERSION_TWEAK}")
set(PRINT_VERSION_STRING "v\${PRINT_VERSION}")

add_library(print STATIC print.cpp)
target_include_directories(print PUBLIC \${CMAKE_CURRENT_SOURCE_DIR})

option(BUILD_TESTS "Build tests" ON)

if(BUILD_TESTS)
  include(FetchContent)
  FetchContent_Declare(
    googletest
    URL https://github.com/google/googletest/archive/release-1.12.1.zip
    DOWNLOAD_EXTRACT_TIMESTAMP TRUE
  )
  FetchContent_MakeAvailable(googletest)

  enable_testing()
  file(GLOB TEST_SOURCES tests/*.cpp)
  add_executable(check \${TEST_SOURCES})
  target_link_libraries(check PRIVATE print GTest::gtest_main)
  include(GoogleTest)
  gtest_discover_tests(check)
endif()

include(InstallRequiredSystemLibraries)
set(CPACK_PACKAGE_NAME "print")
set(CPACK_PACKAGE_VENDOR "Dr0-ozdik777")
set(CPACK_PACKAGE_CONTACT "i.drozd0509@gmail.com")
set(CPACK_PACKAGE_VERSION \${PRINT_VERSION})
set(CPACK_PACKAGE_DESCRIPTION_SUMMARY "Static print library")
set(CPACK_RESOURCE_FILE_LICENSE "\${CMAKE_CURRENT_SOURCE_DIR}/LICENSE")
include(CPack)
EOF
ubuntu@Ubuntu-GUI:~/Dr0-ozdik777/workspace/projects/lab07$ rm -rf ~/.hunter
ubuntu@Ubuntu-GUI:~/Dr0-ozdik777/workspace/projects/lab07$ cmake -S . -B _build
CMake Error at /usr/share/cmake-3.28/Modules/CPack.cmake:685 (message):
  CPack license resource file:
  "/home/ubuntu/Dr0-ozdik777/workspace/projects/lab07/LICENSE" could not be
  found.
Call Stack (most recent call first):
  /usr/share/cmake-3.28/Modules/CPack.cmake:690 (cpack_check_file_exists)
  CMakeLists.txt:40 (include)


-- Configuring incomplete, errors occurred!
ubuntu@Ubuntu-GUI:~/Dr0-ozdik777/workspace/projects/lab07$ cmake -S . -B _build
CMake Error at /usr/share/cmake-3.28/Modules/CPack.cmake:685 (message):
  CPack license resource file:
  "/home/ubuntu/Dr0-ozdik777/workspace/projects/lab07/LICENSE" could not be
  found.
Call Stack (most recent call first):
  /usr/share/cmake-3.28/Modules/CPack.cmake:690 (cpack_check_file_exists)
  CMakeLists.txt:40 (include)


-- Configuring incomplete, errors occurred!
ubuntu@Ubuntu-GUI:~/Dr0-ozdik777/workspace/projects/lab07$ nano CMakeLists.txt
ubuntu@Ubuntu-GUI:~/Dr0-ozdik777/workspace/projects/lab07$ cmake -S . -B _build
-- Configuring done (0.1s)
CMake Error at CMakeLists.txt:11 (add_library):
  Cannot find source file:

    print.cpp

  Tried extensions .c .C .c++ .cc .cpp .cxx .cu .mpp .m .M .mm .ixx .cppm
  .ccm .cxxm .c++m .h .hh .h++ .hm .hpp .hxx .in .txx .f .F .for .f77 .f90
  .f95 .f03 .hip .ispc


CMake Error at CMakeLists.txt:11 (add_library):
  No SOURCES given to target: print


CMake Generate step failed.  Build files cannot be regenerated correctly.
ubuntu@Ubuntu-GUI:~/Dr0-ozdik777/workspace/projects/lab07$ ls
]       _builds       cmake           CPackConfig.cmake  LB_05.txt  README.md  third-party
_build  ChangeLog.md  CMakeLists.txt  DESCRIPTION        LB06.txt   tests
ubuntu@Ubuntu-GUI:~/Dr0-ozdik777/workspace/projects/lab07$ nano CMakeLists.txt
ubuntu@Ubuntu-GUI:~/Dr0-ozdik777/workspace/projects/lab07$ rm -rf ~/.hunter
ubuntu@Ubuntu-GUI:~/Dr0-ozdik777/workspace/projects/lab07$ cmake -S . -B _build
CMake Error at CMakeLists.txt:12 (target_include_directories):
  Cannot specify include directories for target "print" which is not built by
  this project.


-- Configuring incomplete, errors occurred!
ubuntu@Ubuntu-GUI:~/Dr0-ozdik777/workspace/projects/lab07$ nano CMakeLists.txt
ubuntu@Ubuntu-GUI:~/Dr0-ozdik777/workspace/projects/lab07$ echo "#include <iostream>

void print(const std::string& text) {
    std::cout << text << std::endl;
}" > print.cpp
ubuntu@Ubuntu-GUI:~/Dr0-ozdik777/workspace/projects/lab07$  rm -rf ~/.hunter
ubuntu@Ubuntu-GUI:~/Dr0-ozdik777/workspace/projects/lab07$ cmake -S . -B _build
-- Configuring done (0.1s)
-- Generating done (0.0s)
-- Build files have been written to: /home/ubuntu/Dr0-ozdik777/workspace/projects/lab07/_build
ubuntu@Ubuntu-GUI:~/Dr0-ozdik777/workspace/projects/lab07$ cmake --build _builds
gmake: Makefile: No such file or directory
gmake: *** No rule to make target 'Makefile'.  Stop.
ubuntu@Ubuntu-GUI:~/Dr0-ozdik777/workspace/projects/lab07$ cmake --build _build
[  7%] Building CXX object CMakeFiles/print.dir/print.cpp.o
[ 15%] Linking CXX static library libprint.a
[ 15%] Built target print
[ 23%] Building CXX object _deps/googletest-build/googletest/CMakeFiles/gtest.dir/src/gtest-all.cc.o
[ 30%] Linking CXX static library ../../../lib/libgtest.a
[ 30%] Built target gtest
[ 38%] Building CXX object _deps/googletest-build/googletest/CMakeFiles/gtest_main.dir/src/gtest_main.cc.o
[ 46%] Linking CXX static library ../../../lib/libgtest_main.a
[ 46%] Built target gtest_main
[ 53%] Building CXX object CMakeFiles/check.dir/tests/test1.cpp.o
/home/ubuntu/Dr0-ozdik777/workspace/projects/lab07/tests/test1.cpp:1:10: fatal error: print.hpp: No such file or directory
    1 | #include <print.hpp>
      |          ^~~~~~~~~~~
compilation terminated.
gmake[2]: *** [CMakeFiles/check.dir/build.make:76: CMakeFiles/check.dir/tests/test1.cpp.o] Error 1
gmake[1]: *** [CMakeFiles/Makefile2:166: CMakeFiles/check.dir/all] Error 2
gmake: *** [Makefile:166: all] Error 2
ubuntu@Ubuntu-GUI:~/Dr0-ozdik777/workspace/projects/lab07$ echo "#pragma once
#include <iostream>
#include <string>

void print(const std::string& text);" > print.hpp
ubuntu@Ubuntu-GUI:~/Dr0-ozdik777/workspace/projects/lab07$ cmake --build _build
[ 15%] Built target print
[ 30%] Built target gtest
[ 46%] Built target gtest_main
[ 53%] Building CXX object CMakeFiles/check.dir/tests/test1.cpp.o
/home/ubuntu/Dr0-ozdik777/workspace/projects/lab07/tests/test1.cpp: In member function ‘virtual void Print_InFileStream_Test::TestBody()’:
/home/ubuntu/Dr0-ozdik777/workspace/projects/lab07/tests/test1.cpp:9:17: error: variable ‘std::ofstream out’ has initializer but incomplete type
    9 |   std::ofstream out{filepath};
      |                 ^~~
/home/ubuntu/Dr0-ozdik777/workspace/projects/lab07/tests/test1.cpp:15:17: error: variable ‘std::ifstream in’ has initializer but incomplete type
   15 |   std::ifstream in{filepath};
      |                 ^~
gmake[2]: *** [CMakeFiles/check.dir/build.make:76: CMakeFiles/check.dir/tests/test1.cpp.o] Error 1
gmake[1]: *** [CMakeFiles/Makefile2:166: CMakeFiles/check.dir/all] Error 2
gmake: *** [Makefile:166: all] Error 2
ubuntu@Ubuntu-GUI:~/Dr0-ozdik777/workspace/projects/lab07$ nano CMakeLists.txt
ubuntu@Ubuntu-GUI:~/Dr0-ozdik777/workspace/projects/lab07$ cmake --build _build
CMake Error at CMakeLists.txt:10 (target_include_directories):
  Cannot specify include directories for target "print" which is not built by
  this project.


-- Configuring incomplete, errors occurred!
gmake: *** [Makefile:385: cmake_check_build_system] Error 1
ubuntu@Ubuntu-GUI:~/Dr0-ozdik777/workspace/projects/lab07$ nano CMakeLists.txt
ubuntu@Ubuntu-GUI:~/Dr0-ozdik777/workspace/projects/lab07$ cmake --build _build
-- Configuring done (0.1s)
-- Generating done (0.0s)
-- Build files have been written to: /home/ubuntu/Dr0-ozdik777/workspace/projects/lab07/_build
[ 15%] Built target print
[ 30%] Built target gtest
[ 46%] Built target gtest_main
[ 53%] Building CXX object CMakeFiles/check.dir/tests/test1.cpp.o
/home/ubuntu/Dr0-ozdik777/workspace/projects/lab07/tests/test1.cpp: In member function ‘virtual void Print_InFileStream_Test::TestBody()’:
/home/ubuntu/Dr0-ozdik777/workspace/projects/lab07/tests/test1.cpp:9:17: error: variable ‘std::ofstream out’ has initializer but incomplete type
    9 |   std::ofstream out{filepath};
      |                 ^~~
/home/ubuntu/Dr0-ozdik777/workspace/projects/lab07/tests/test1.cpp:15:17: error: variable ‘std::ifstream in’ has initializer but incomplete type
   15 |   std::ifstream in{filepath};
      |                 ^~
gmake[2]: *** [CMakeFiles/check.dir/build.make:76: CMakeFiles/check.dir/tests/test1.cpp.o] Error 1
gmake[1]: *** [CMakeFiles/Makefile2:166: CMakeFiles/check.dir/all] Error 2
gmake: *** [Makefile:166: all] Error 2
ubuntu@Ubuntu-GUI:~/Dr0-ozdik777/workspace/projects/lab07$ cd tests
ubuntu@Ubuntu-GUI:~/Dr0-ozdik777/workspace/projects/lab07/tests$ ls
test1.cpp  test_print.cpp
ubuntu@Ubuntu-GUI:~/Dr0-ozdik777/workspace/projects/lab07/tests$ nano test1.cpp
ubuntu@Ubuntu-GUI:~/Dr0-ozdik777/workspace/projects/lab07/tests$ cd ..
ubuntu@Ubuntu-GUI:~/Dr0-ozdik777/workspace/projects/lab07$ nano CMakeLists.txt
ubuntu@Ubuntu-GUI:~/Dr0-ozdik777/workspace/projects/lab07$ cmake --build _build
CMake Error at CMakeLists.txt:51:
  Parse error.  Expected a newline, got identifier with text
  "cmake_minimum_required".


-- Configuring incomplete, errors occurred!
gmake: *** [Makefile:385: cmake_check_build_system] Error 1
ubuntu@Ubuntu-GUI:~/Dr0-ozdik777/workspace/projects/lab07$ nano CMakeLists.txt
ubuntu@Ubuntu-GUI:~/Dr0-ozdik777/workspace/projects/lab07$ nano CMakeLists.txt
ubuntu@Ubuntu-GUI:~/Dr0-ozdik777/workspace/projects/lab07$ cmake --build _build
CMake Error at CMakeLists.txt:51:
  Parse error.  Expected a newline, got identifier with text
  "cmake_minimum_required".


-- Configuring incomplete, errors occurred!
gmake: *** [Makefile:385: cmake_check_build_system] Error 1
ubuntu@Ubuntu-GUI:~/Dr0-ozdik777/workspace/projects/lab07$ cmake --version
cmake version 3.28.3

CMake suite maintained and supported by Kitware (kitware.com/cmake).
ubuntu@Ubuntu-GUI:~/Dr0-ozdik777/workspace/projects/lab07$ cmake update
CMake Error: The source directory "/home/ubuntu/Dr0-ozdik777/workspace/projects/lab07/update" does not exist.
Specify --help for usage, or press the help button on the CMake GUI.
ubuntu@Ubuntu-GUI:~/Dr0-ozdik777/workspace/projects/lab07$ apt cmake update
E: Invalid operation cmake
ubuntu@Ubuntu-GUI:~/Dr0-ozdik777/workspace/projects/lab07$ sudo cmake update
CMake Error: The source directory "/home/ubuntu/Dr0-ozdik777/workspace/projects/lab07/update" does not exist.
Specify --help for usage, or press the help button on the CMake GUI.
ubuntu@Ubuntu-GUI:~/Dr0-ozdik777/workspace/projects/lab07$ nano CMakeLists.txt
ubuntu@Ubuntu-GUI:~/Dr0-ozdik777/workspace/projects/lab07$ nano CMakeLists.txt
ubuntu@Ubuntu-GUI:~/Dr0-ozdik777/workspace/projects/lab07$ cmake --build _build
CMake Error at /usr/share/cmake-3.28/Modules/CPack.cmake:685 (message):
  CPack license resource file:
  "/home/ubuntu/Dr0-ozdik777/workspace/projects/lab07/LICENSE" could not be
  found.
Call Stack (most recent call first):
  /usr/share/cmake-3.28/Modules/CPack.cmake:690 (cpack_check_file_exists)
  CMakeLists.txt:51 (include)


CMake Error at CMakeLists.txt:60 (add_library):
  add_library cannot create target "print" because another target with the
  same name already exists.  The existing target is a static library created
  in source directory "/home/ubuntu/Dr0-ozdik777/workspace/projects/lab07".
  See documentation for policy CMP0002 for more details.


CMake Error at CMakeLists.txt:76 (add_executable):
  add_executable cannot create target "check" because another target with the
  same name already exists.  The existing target is an executable created in
  source directory "/home/ubuntu/Dr0-ozdik777/workspace/projects/lab07".  See
  documentation for policy CMP0002 for more details.


CMake Warning at /usr/share/cmake-3.28/Modules/CPack.cmake:507 (message):
  CPack.cmake has already been included!!
Call Stack (most recent call first):
  CMakeLists.txt:89 (include)


CMake Error at /usr/share/cmake-3.28/Modules/CPack.cmake:685 (message):
  CPack license resource file:
  "/home/ubuntu/Dr0-ozdik777/workspace/projects/lab07/LICENSE" could not be
  found.
Call Stack (most recent call first):
  /usr/share/cmake-3.28/Modules/CPack.cmake:690 (cpack_check_file_exists)
  CMakeLists.txt:89 (include)


-- Configuring incomplete, errors occurred!
gmake: *** [Makefile:385: cmake_check_build_system] Error 1
ubuntu@Ubuntu-GUI:~/Dr0-ozdik777/workspace/projects/lab07$ nano CMakeLists.txt
ubuntu@Ubuntu-GUI:~/Dr0-ozdik777/workspace/projects/lab07$ cmake --build _build
CMake Error at /usr/share/cmake-3.28/Modules/CPack.cmake:685 (message):
  CPack license resource file:
  "/home/ubuntu/Dr0-ozdik777/workspace/projects/lab07/LICENSE" could not be
  found.
Call Stack (most recent call first):
  /usr/share/cmake-3.28/Modules/CPack.cmake:690 (cpack_check_file_exists)
  CMakeLists.txt:55 (include)


-- Configuring incomplete, errors occurred!
gmake: *** [Makefile:385: cmake_check_build_system] Error 1
ubuntu@Ubuntu-GUI:~/Dr0-ozdik777/workspace/projects/lab07$ nano CMakeLists.txt
ubuntu@Ubuntu-GUI:~/Dr0-ozdik777/workspace/projects/lab07$ cmake --build _build
-- Configuring done (0.2s)
-- Generating done (0.0s)
-- Build files have been written to: /home/ubuntu/Dr0-ozdik777/workspace/projects/lab07/_build
[ 16%] Built target print
[ 25%] Building CXX object _deps/googletest-build/googletest/CMakeFiles/gtest.dir/src/gtest-all.cc.o
[ 33%] Linking CXX static library ../../../lib/libgtest.a
[ 33%] Built target gtest
[ 41%] Building CXX object _deps/googletest-build/googletest/CMakeFiles/gtest_main.dir/src/gtest_main.cc.o
[ 50%] Linking CXX static library ../../../lib/libgtest_main.a
[ 50%] Built target gtest_main
[ 58%] Building CXX object CMakeFiles/check.dir/tests/test1.cpp.o
/home/ubuntu/Dr0-ozdik777/workspace/projects/lab07/tests/test1.cpp: In member function ‘virtual void Print_InFileStream_Test::TestBody()’:
/home/ubuntu/Dr0-ozdik777/workspace/projects/lab07/tests/test1.cpp:11:8: error: too many arguments to function ‘void print(const std::string&)’
   11 |   print(text, out);
      |   ~~~~~^~~~~~~~~~~
In file included from /home/ubuntu/Dr0-ozdik777/workspace/projects/lab07/tests/test1.cpp:1:
/home/ubuntu/Dr0-ozdik777/workspace/projects/lab07/print.hpp:5:6: note: declared here
    5 | void print(const std::string& text);
      |      ^~~~~
gmake[2]: *** [CMakeFiles/check.dir/build.make:76: CMakeFiles/check.dir/tests/test1.cpp.o] Error 1
gmake[1]: *** [CMakeFiles/Makefile2:166: CMakeFiles/check.dir/all] Error 2
gmake: *** [Makefile:166: all] Error 2
ubuntu@Ubuntu-GUI:~/Dr0-ozdik777/workspace/projects/lab07$ cat 
]                  cmake/             DESCRIPTION        LB_05.txt          README.md
_build/            CMakeLists.txt     .git/              LB06.txt           tests/
_builds/           .coveralls.yml     .gitignore         print.cpp          third-party/
ChangeLog.md       CPackConfig.cmake  .gitmodules        print.hpp          .travis.yml
ubuntu@Ubuntu-GUI:~/Dr0-ozdik777/workspace/projects/lab07$ cat 
]                  cmake/             DESCRIPTION        LB_05.txt          README.md
_build/            CMakeLists.txt     .git/              LB06.txt           tests/
_builds/           .coveralls.yml     .gitignore         print.cpp          third-party/
ChangeLog.md       CPackConfig.cmake  .gitmodules        print.hpp          .travis.yml
ubuntu@Ubuntu-GUI:~/Dr0-ozdik777/workspace/projects/lab07$ ls
]       _builds       cmake           CPackConfig.cmake  LB_05.txt  print.cpp  README.md  third-party
_build  ChangeLog.md  CMakeLists.txt  DESCRIPTION        LB06.txt   print.hpp  tests
ubuntu@Ubuntu-GUI:~/Dr0-ozdik777/workspace/projects/lab07$ nano print.cpp
ubuntu@Ubuntu-GUI:~/Dr0-ozdik777/workspace/projects/lab07$ nano print1.cpp
ubuntu@Ubuntu-GUI:~/Dr0-ozdik777/workspace/projects/lab07$ nano print.hpp
ubuntu@Ubuntu-GUI:~/Dr0-ozdik777/workspace/projects/lab07$ nano print.cpp
ubuntu@Ubuntu-GUI:~/Dr0-ozdik777/workspace/projects/lab07$ cmake --build _build
[  8%] Building CXX object CMakeFiles/print.dir/print.cpp.o
[ 16%] Linking CXX static library libprint.a
[ 16%] Built target print
[ 33%] Built target gtest
[ 50%] Built target gtest_main
[ 58%] Building CXX object CMakeFiles/check.dir/tests/test1.cpp.o
[ 66%] Linking CXX executable check
[ 66%] Built target check
[ 75%] Building CXX object _deps/googletest-build/googlemock/CMakeFiles/gmock.dir/src/gmock-all.cc.o
[ 83%] Linking CXX static library ../../../lib/libgmock.a
[ 83%] Built target gmock
[ 91%] Building CXX object _deps/googletest-build/googlemock/CMakeFiles/gmock_main.dir/src/gmock_main.cc.o
[100%] Linking CXX static library ../../../lib/libgmock_main.a
[100%] Built target gmock_main
ubuntu@Ubuntu-GUI:~/Dr0-ozdik777/workspace/projects/lab07$ cmake --build _build --target test
Running tests...
Test project /home/ubuntu/Dr0-ozdik777/workspace/projects/lab07/_build
    Start 1: Print.InFileStream
1/1 Test #1: Print.InFileStream ...............   Passed    0.00 sec

100% tests passed, 0 tests failed out of 1

Total Test time (real) =   0.00 sec
ubuntu@Ubuntu-GUI:~/Dr0-ozdik777/workspace/projects/lab07$ git clone https://github.com/cpp-pm/hunter $HOME/projects/hunter
Cloning into '/home/ubuntu/projects/hunter'...
remote: Enumerating objects: 54458, done.
remote: Counting objects: 100% (9/9), done.
remote: Compressing objects: 100% (9/9), done.
remote: Total 54458 (delta 0), reused 0 (delta 0), pack-reused 54449 (from 2)
Receiving objects: 100% (54458/54458), 13.99 MiB | 2.90 MiB/s, done.
Resolving deltas: 100% (34074/34074), done.
ubuntu@Ubuntu-GUI:~/Dr0-ozdik777/workspace/projects/lab07$ export HUNTER_ROOT=$HOME/projects/hunter
ubuntu@Ubuntu-GUI:~/Dr0-ozdik777/workspace/projects/lab07$ rm -rf _builds
ubuntu@Ubuntu-GUI:~/Dr0-ozdik777/workspace/projects/lab07$ cmake -H. -B_builds -DBUILD_TESTS=ON
-- The CXX compiler identification is GNU 13.3.0
-- Detecting CXX compiler ABI info
-- Detecting CXX compiler ABI info - done
-- Check for working CXX compiler: /usr/bin/c++ - skipped
-- Detecting CXX compile features
-- Detecting CXX compile features - done
-- The C compiler identification is GNU 13.3.0
-- Detecting C compiler ABI info
-- Detecting C compiler ABI info - done
-- Check for working C compiler: /usr/bin/cc - skipped
-- Detecting C compile features
-- Detecting C compile features - done
-- Found Python: /usr/bin/python3 (found version "3.12.3") found components: Interpreter 
-- Performing Test CMAKE_HAVE_LIBC_PTHREAD
-- Performing Test CMAKE_HAVE_LIBC_PTHREAD - Success
-- Found Threads: TRUE  
-- Configuring done (7.1s)
-- Generating done (0.0s)
-- Build files have been written to: /home/ubuntu/Dr0-ozdik777/workspace/projects/lab07/_builds
ubuntu@Ubuntu-GUI:~/Dr0-ozdik777/workspace/projects/lab07$ cmake --build _builds
[  8%] Building CXX object CMakeFiles/print.dir/print.cpp.o
[ 16%] Linking CXX static library libprint.a
[ 16%] Built target print
[ 25%] Building CXX object _deps/googletest-build/googletest/CMakeFiles/gtest.dir/src/gtest-all.cc.o
[ 33%] Linking CXX static library ../../../lib/libgtest.a
[ 33%] Built target gtest
[ 41%] Building CXX object _deps/googletest-build/googletest/CMakeFiles/gtest_main.dir/src/gtest_main.cc.o
[ 50%] Linking CXX static library ../../../lib/libgtest_main.a
[ 50%] Built target gtest_main
[ 58%] Building CXX object CMakeFiles/check.dir/tests/test1.cpp.o
[ 66%] Linking CXX executable check
[ 66%] Built target check
[ 75%] Building CXX object _deps/googletest-build/googlemock/CMakeFiles/gmock.dir/src/gmock-all.cc.o
[ 83%] Linking CXX static library ../../../lib/libgmock.a
[ 83%] Built target gmock
[ 91%] Building CXX object _deps/googletest-build/googlemock/CMakeFiles/gmock_main.dir/src/gmock_main.cc.o
[100%] Linking CXX static library ../../../lib/libgmock_main.a
[100%] Built target gmock_main
ubuntu@Ubuntu-GUI:~/Dr0-ozdik777/workspace/projects/lab07$ cmake --build _builds --target test
Running tests...
Test project /home/ubuntu/Dr0-ozdik777/workspace/projects/lab07/_builds
    Start 1: Print.InFileStream
1/1 Test #1: Print.InFileStream ...............   Passed    0.00 sec

100% tests passed, 0 tests failed out of 1

Total Test time (real) =   0.00 sec
ubuntu@Ubuntu-GUI:~/Dr0-ozdik777/workspace/projects/lab07$ cat $HUNTER_ROOT/cmake/configs/default.cmake | grep GTest
  hunter_default_version(GTest VERSION 1.7.0-hunter-6)
  hunter_default_version(GTest VERSION 1.15.2)
ubuntu@Ubuntu-GUI:~/Dr0-ozdik777/workspace/projects/lab07$ cat $HUNTER_ROOT/cmake/projects/GTest/hunter.cmake
# Copyright (c) 2013, Ruslan Baratov
# All rights reserved.

# !!! DO NOT PLACE HEADER GUARDS HERE !!!

include(hunter_add_version)
include(hunter_cacheable)
include(hunter_download)
include(hunter_pick_scheme)
include(hunter_cmake_args)

hunter_add_version(
    PACKAGE_NAME
    GTest
    VERSION
    "1.7.0-hunter"
    URL
    "https://github.com/hunter-packages/gtest/archive/v1.7.0-hunter.tar.gz"
    SHA1
    1ed1c26d11fb592056c1cb912bd3c784afa96eaa
)

hunter_add_version(
    PACKAGE_NAME
    GTest
    VERSION
    "1.7.0-hunter-1"
    URL
    "https://github.com/hunter-packages/gtest/archive/v1.7.0-hunter-1.tar.gz"
    SHA1
    0cb1dcf75e144ad052d3f1e4923a7773bf9b494f
)

hunter_add_version(
    PACKAGE_NAME
    GTest
    VERSION
    "1.7.0-hunter-2"
    URL
    "https://github.com/hunter-packages/gtest/archive/v1.7.0-hunter-2.tar.gz"
    SHA1
    e62b2ef70308f63c32c560f7b6e252442eed4d57
)

hunter_add_version(
    PACKAGE_NAME
    GTest
    VERSION
    "1.7.0-hunter-3"
    URL
    "https://github.com/hunter-packages/gtest/archive/v1.7.0-hunter-3.tar.gz"
    SHA1
    fea7d3020e20f059255484c69755753ccadf6362
)

hunter_add_version(
    PACKAGE_NAME
    GTest
    VERSION
    "1.7.0-hunter-4"
    URL
    "https://github.com/hunter-packages/gtest/archive/v1.7.0-hunter-4.tar.gz"
    SHA1
    9b439c0c25437a083957b197ac6905662a5d901b
)

hunter_add_version(
    PACKAGE_NAME
    GTest
    VERSION
    "1.7.0-hunter-5"
    URL
    "https://github.com/hunter-packages/gtest/archive/v1.7.0-hunter-5.tar.gz"
    SHA1
    796804df3facb074087a4d8ba6f652e5ac69ad7f
)

hunter_add_version(
    PACKAGE_NAME
    GTest
    VERSION
    "1.7.0-hunter-6"
    URL
    "https://github.com/hunter-packages/gtest/archive/v1.7.0-hunter-6.tar.gz"
    SHA1
    64b93147abe287da8fe4e18cfd54ba9297dafb82
)

hunter_add_version(
    PACKAGE_NAME
    GTest
    VERSION
    "1.7.0-hunter-7"
    URL
    "https://github.com/hunter-packages/gtest/archive/v1.7.0-hunter-7.tar.gz"
    SHA1
    19b5c98747768bcd0622714f2ed40f17aee406b2
)

hunter_add_version(
    PACKAGE_NAME
    GTest
    VERSION
    "1.7.0-hunter-8"
    URL
    "https://github.com/hunter-packages/gtest/archive/v1.7.0-hunter-8.tar.gz"
    SHA1
    ac4d2215aa1b1d745a096e5e3b2dbe0c0f229ea5
)

hunter_add_version(
    PACKAGE_NAME
    GTest
    VERSION
    "1.7.0-hunter-9"
    URL
    "https://github.com/hunter-packages/gtest/archive/v1.7.0-hunter-9.tar.gz"
    SHA1
    8a47fe9c4e550f4ed0e2c05388dd291a059223d9
)

hunter_add_version(
    PACKAGE_NAME
    GTest
    VERSION
    "1.7.0-hunter-10"
    URL
    "https://github.com/hunter-packages/gtest/archive/v1.7.0-hunter-10.tar.gz"
    SHA1
    374e6dbe8619ab467c6b1a0b470a598407b172e9
)

hunter_add_version(
    PACKAGE_NAME
    GTest
    VERSION
    "1.7.0-hunter-11"
    URL
    "https://github.com/hunter-packages/gtest/archive/v1.7.0-hunter-11.tar.gz"
    SHA1
    c6ae948ca2bea1d734af01b1069491b00933ed31
)

hunter_add_version(
    PACKAGE_NAME
    GTest
    VERSION
    1.8.0-hunter-p2
    URL
    "https://github.com/hunter-packages/googletest/archive/1.8.0-hunter-p2.tar.gz"
    SHA1
    93148cb8850abe78b76ed87158fdb6b9c48e38c4
)

hunter_add_version(
    PACKAGE_NAME
    GTest
    VERSION
    1.8.0-hunter-p5
    URL https://github.com/hunter-packages/googletest/archive/1.8.0-hunter-p5.tar.gz
    SHA1 3325aa4fc8b30e665c9f73a60f19387b7db36f85
)

hunter_add_version(
    PACKAGE_NAME
    GTest
    VERSION
    1.8.0-hunter-p6
    URL
    "https://github.com/hunter-packages/googletest/archive/1.8.0-hunter-p6.tar.gz"
    SHA1
    f57096bd01c6f8cbef043b312d4d1e82f29648b6
)

hunter_add_version(
    PACKAGE_NAME
    GTest
    VERSION
    1.8.0-hunter-p7
    URL
    "https://github.com/hunter-packages/googletest/archive/1.8.0-hunter-p7.tar.gz"
    SHA1
    4fe083a96d7597f7dce6f453dca01e1d94a1e45b
)

hunter_add_version(
    PACKAGE_NAME
    GTest
    VERSION
    1.8.0-hunter-p8
    URL
    "https://github.com/hunter-packages/googletest/archive/1.8.0-hunter-p8.tar.gz"
    SHA1
    1cdd396b20c8d29f7ea08baaa49673b1c261f545
)

hunter_add_version(
    PACKAGE_NAME
    GTest
    VERSION
    1.8.0-hunter-p9
    URL
    "https://github.com/hunter-packages/googletest/archive/1.8.0-hunter-p9.tar.gz"
    SHA1
    a345f16cb610e0b5dfa7778dc2852b784cfede5b
)

hunter_add_version(
    PACKAGE_NAME
    GTest
    VERSION
    1.8.0-hunter-p10
    URL
    "https://github.com/hunter-packages/googletest/archive/1.8.0-hunter-p10.tar.gz"
    SHA1
    1d92c9f51af756410843b13f8c4e4df09e235394
)

hunter_add_version(
    PACKAGE_NAME
    GTest
    VERSION
    "1.8.0-hunter-p11"
    URL
    "https://github.com/hunter-packages/googletest/archive/1.8.0-hunter-p11.tar.gz"
    SHA1
    76c6aec038f7d7258bf5c4f45c4817b34039d285
)

hunter_add_version(
    PACKAGE_NAME
    GTest
    VERSION
    "1.8.1"
    URL
    "https://github.com/google/googletest/archive/release-1.8.1.tar.gz"
    SHA1
    152b849610d91a9dfa1401293f43230c2e0c33f8
)

hunter_add_version(
    PACKAGE_NAME
    GTest
    VERSION
    "1.10.0"
    URL
    "https://github.com/google/googletest/archive/release-1.10.0.tar.gz"
    SHA1
    9c89be7df9c5e8cb0bc20b3c4b39bf7e82686770
)

hunter_add_version(
    PACKAGE_NAME
    GTest
    VERSION
    "1.10.0-p0"
    URL
    "https://github.com/hunter-packages/googletest/archive/v1.10.0-p0.tar.gz"
    SHA1
    f7c72be12120e018f53cda0e0daa26fab5da7dfc
)

hunter_add_version(
    PACKAGE_NAME
    GTest
    VERSION
    "1.10.0-p1"
    URL
    "https://github.com/hunter-packages/googletest/archive/v1.10.0-p1.tar.gz"
    SHA1
    06a1f667f200ff94d38b608e44c3c8061c7b8f2f
)

hunter_add_version(
    PACKAGE_NAME
    GTest
    VERSION
    "1.11.0"
    URL
    "https://github.com/google/googletest/archive/release-1.11.0.tar.gz"
    SHA1
    7b100bb68db8df1060e178c495f3cbe941c9b058
)

hunter_add_version(
    PACKAGE_NAME
    GTest
    VERSION
    "1.12.1"
    URL
    "https://github.com/google/googletest/archive/release-1.12.1.tar.gz"
    SHA1
    cdddd449d4e3aa7bd421d4519c17139ea1890fe7
)

hunter_add_version(
    PACKAGE_NAME
    GTest
    VERSION
    "1.13.0"
    URL
    "https://github.com/google/googletest/archive/v1.13.0.tar.gz"
    SHA1
    bfa4b5131b6eaac06962c251742c96aab3f7aa78
)

hunter_add_version(
    PACKAGE_NAME
    GTest
    VERSION
    "1.14.0"
    URL
    "https://github.com/google/googletest/archive/v1.14.0.tar.gz"
    SHA1
    2b28c2a3a30d86b1759543ef61fac3c4d69f8c4c
)

hunter_add_version(
        PACKAGE_NAME
        GTest
        VERSION
        "1.15.2"
        URL
        "https://github.com/google/googletest/archive/v1.15.2.tar.gz"
        SHA1
        568d58e26bd4e838449ca7ab8ebc152b3cbd210d
)


if(HUNTER_GTest_VERSION VERSION_LESS 1.8.0 OR HUNTER_GTest_VERSION VERSION_GREATER_EQUAL 1.11.0)
  set(_gtest_license "LICENSE")
else()
  set(_gtest_license "googletest/LICENSE")
endif()

# gtest_force_shared_crt prevents GoogleTest from modifying options
# rather than forcing it to use shared libraries
hunter_cmake_args(
    GTest
    CMAKE_ARGS
    HUNTER_INSTALL_LICENSE_FILES=${_gtest_license}
    gtest_force_shared_crt=TRUE
)

hunter_pick_scheme(DEFAULT url_sha1_cmake)
hunter_cacheable(GTest)
hunter_download(PACKAGE_NAME GTest PACKAGE_INTERNAL_DEPS_ID 1)
ubuntu@Ubuntu-GUI:~/Dr0-ozdik777/workspace/projects/lab07$ mkdir cmake/Hunter
ubuntu@Ubuntu-GUI:~/Dr0-ozdik777/workspace/projects/lab07$ cat > cmake/Hunter/config.cmake <<EOF
hunter_config(GTest VERSION 1.7.0-hunter-9)
EOF
ubuntu@Ubuntu-GUI:~/Dr0-ozdik777/workspace/projects/lab07$ mkdir demo
ubuntu@Ubuntu-GUI:~/Dr0-ozdik777/workspace/projects/lab07$ cat > demo/main.cpp <<EOF
#include <print.hpp>

#include <cstdlib>

int main(int argc, char* argv[])
{
  const char* log_path = std::getenv("LOG_PATH");
  if (log_path == nullptr)
  {
    std::cerr << "undefined environment variable: LOG_PATH" << std::endl;
    return 1;
  }
  std::string text;
  while (std::cin >> text)
  {
    std::ofstream out{log_path, std::ios_base::app};
    print(text, out);
    out << std::endl;
  }
}
EOF
ubuntu@Ubuntu-GUI:~/Dr0-ozdik777/workspace/projects/lab07$ gsed -i '/endif()/a\
> add_executable(demo ${CMAKE_CURRENT_SOURCE_DIR}/demo/main.cpp)
target_link_libraries(demo print)
install(TARGETS demo RUNTIME DESTINATION bin)
' CMakeLists.txt
sed: -e expression #1, char 104: extra characters after command
ubuntu@Ubuntu-GUI:~/Dr0-ozdik777/workspace/projects/lab07$ sed -i '/endif()/a\
add_executable(demo ${CMAKE_CURRENT_SOURCE_DIR}/demo/main.cpp)\
target_link_libraries(demo print)\
install(TARGETS demo RUNTIME DESTINATION bin)' CMakeLists.txt
ubuntu@Ubuntu-GUI:~/Dr0-ozdik777/workspace/projects/lab07$ mkdir tools
ubuntu@Ubuntu-GUI:~/Dr0-ozdik777/workspace/projects/lab07$ git submodule add https://github.com/ruslo/polly tools/polly
Cloning into '/home/ubuntu/Dr0-ozdik777/workspace/projects/lab07/tools/polly'...
remote: Enumerating objects: 6578, done.
remote: Counting objects: 100% (32/32), done.
remote: Compressing objects: 100% (15/15), done.
remote: Total 6578 (delta 21), reused 20 (delta 17), pack-reused 6546 (from 1)
Receiving objects: 100% (6578/6578), 1.68 MiB | 2.91 MiB/s, done.
Resolving deltas: 100% (4551/4551), done.
ubuntu@Ubuntu-GUI:~/Dr0-ozdik777/workspace/projects/lab07$ tools/polly/bin/polly.py --test
Python version: 3.12
Build dir: /home/ubuntu/Dr0-ozdik777/workspace/projects/lab07/_builds/default
Execute command: [
  `which`
  `cmake`
]

[/home/ubuntu/Dr0-ozdik777/workspace/projects/lab07]> "which" "cmake"

/usr/bin/cmake
Execute command: [
  `cmake`
  `--version`
]

[/home/ubuntu/Dr0-ozdik777/workspace/projects/lab07]> "cmake" "--version"

cmake version 3.28.3

CMake suite maintained and supported by Kitware (kitware.com/cmake).
Execute command: [
  `cmake`
  `-H.`
  `-B/home/ubuntu/Dr0-ozdik777/workspace/projects/lab07/_builds/default`
  `-DCMAKE_TOOLCHAIN_FILE=/home/ubuntu/Dr0-ozdik777/workspace/projects/lab07/tools/polly/default.cmake`
]

[/home/ubuntu/Dr0-ozdik777/workspace/projects/lab07]> "cmake" "-H." "-B/home/ubuntu/Dr0-ozdik777/workspace/projects/lab07/_builds/default" "-DCMAKE_TOOLCHAIN_FILE=/home/ubuntu/Dr0-ozdik777/workspace/projects/lab07/tools/polly/default.cmake"

-- [polly] Used toolchain: Default
-- The CXX compiler identification is GNU 13.3.0
-- Detecting CXX compiler ABI info
-- Detecting CXX compiler ABI info - done
-- Check for working CXX compiler: /usr/bin/c++ - skipped
-- Detecting CXX compile features
-- Detecting CXX compile features - done
-- The C compiler identification is GNU 13.3.0
-- Detecting C compiler ABI info
-- Detecting C compiler ABI info - done
-- Check for working C compiler: /usr/bin/cc - skipped
-- Detecting C compile features
-- Detecting C compile features - done
-- Found Python: /usr/bin/python3 (found version "3.12.3") found components: Interpreter
-- Performing Test CMAKE_HAVE_LIBC_PTHREAD
-- Performing Test CMAKE_HAVE_LIBC_PTHREAD - Success
-- Found Threads: TRUE
-- Configuring done (5.1s)
-- Generating done (0.0s)
-- Build files have been written to: /home/ubuntu/Dr0-ozdik777/workspace/projects/lab07/_builds/default
Execute command: [
  `cmake`
  `--build`
  `/home/ubuntu/Dr0-ozdik777/workspace/projects/lab07/_builds/default`
  `--`
]

[/home/ubuntu/Dr0-ozdik777/workspace/projects/lab07]> "cmake" "--build" "/home/ubuntu/Dr0-ozdik777/workspace/projects/lab07/_builds/default" "--"

[  7%] Building CXX object CMakeFiles/print.dir/print.cpp.o
[ 14%] Linking CXX static library libprint.a
[ 14%] Built target print
[ 21%] Building CXX object _deps/googletest-build/googletest/CMakeFiles/gtest.dir/src/gtest-all.cc.o
[ 28%] Linking CXX static library ../../../lib/libgtest.a
[ 28%] Built target gtest
[ 35%] Building CXX object _deps/googletest-build/googletest/CMakeFiles/gtest_main.dir/src/gtest_main.cc.o
[ 42%] Linking CXX static library ../../../lib/libgtest_main.a
[ 42%] Built target gtest_main
[ 50%] Building CXX object CMakeFiles/check.dir/tests/test1.cpp.o
[ 57%] Linking CXX executable check
[ 57%] Built target check
[ 64%] Building CXX object CMakeFiles/demo.dir/demo/main.cpp.o
/home/ubuntu/Dr0-ozdik777/workspace/projects/lab07/demo/main.cpp: In function ‘int main(int, char**)’:
/home/ubuntu/Dr0-ozdik777/workspace/projects/lab07/demo/main.cpp:16:19: error: variable ‘std::ofstream out’ has initializer but incomplete type
   16 |     std::ofstream out{log_path, std::ios_base::app};
      |                   ^~~
gmake[2]: *** [CMakeFiles/demo.dir/build.make:76: CMakeFiles/demo.dir/demo/main.cpp.o] Error 1
gmake[1]: *** [CMakeFiles/Makefile2:194: CMakeFiles/demo.dir/all] Error 2
gmake: *** [Makefile:146: all] Error 2
Command exit with status "2": [/home/ubuntu/Dr0-ozdik777/workspace/projects/lab07]> "cmake" "--build" "/home/ubuntu/Dr0-ozdik777/workspace/projects/lab07/_builds/default" "--"

Log: /home/ubuntu/Dr0-ozdik777/workspace/projects/lab07/_logs/polly/default/log.txt
*** FAILED ***
ubuntu@Ubuntu-GUI:~/Dr0-ozdik777/workspace/projects/lab07$ tools/polly/bin/polly.py --install
Python version: 3.12
Build dir: /home/ubuntu/Dr0-ozdik777/workspace/projects/lab07/_builds/default
Execute command: [
  `which`
  `cmake`
]

[/home/ubuntu/Dr0-ozdik777/workspace/projects/lab07]> "which" "cmake"

/usr/bin/cmake
Execute command: [
  `cmake`
  `--version`
]

[/home/ubuntu/Dr0-ozdik777/workspace/projects/lab07]> "cmake" "--version"

cmake version 3.28.3

CMake suite maintained and supported by Kitware (kitware.com/cmake).

== WARNING ==

Looks like cmake arguments changed. You have two options to fix it:
  * Remove build directory completely by adding '--clear' (works 100%)
  * Run configure again by adding '--reconfig' (you must understand how CMake cache variables works/updated)

- "cmake" "-H." "-B/home/ubuntu/Dr0-ozdik777/workspace/projects/lab07/_builds/default" "-DCMAKE_TOOLCHAIN_FILE=/home/ubuntu/Dr0-ozdik777/workspace/projects/lab07/tools/polly/default.cmake"
+ "cmake" "-H." "-B/home/ubuntu/Dr0-ozdik777/workspace/projects/lab07/_builds/default" "-DCMAKE_TOOLCHAIN_FILE=/home/ubuntu/Dr0-ozdik777/workspace/projects/lab07/tools/polly/default.cmake" "-DCMAKE_INSTALL_PREFIX=/home/ubuntu/Dr0-ozdik777/workspace/projects/lab07/_install/default"
?                                                                                                                                                                                           +++++++++++++++++++++++++++++++++++++++++++++++++++++++++++++++++++++++++++++++++++++++++++++

ubuntu@Ubuntu-GUI:~/Dr0-ozdik777/workspace/projects/lab07$ tools/polly/bin/polly.py --toolchain clang-cxx14
Python version: 3.12
Build dir: /home/ubuntu/Dr0-ozdik777/workspace/projects/lab07/_builds/clang-cxx14
Execute command: [
  `which`
  `cmake`
]

[/home/ubuntu/Dr0-ozdik777/workspace/projects/lab07]> "which" "cmake"

/usr/bin/cmake
Execute command: [
  `cmake`
  `--version`
]

[/home/ubuntu/Dr0-ozdik777/workspace/projects/lab07]> "cmake" "--version"

cmake version 3.28.3

CMake suite maintained and supported by Kitware (kitware.com/cmake).
Execute command: [
  `cmake`
  `-H.`
  `-B/home/ubuntu/Dr0-ozdik777/workspace/projects/lab07/_builds/clang-cxx14`
  `-GUnix Makefiles`
  `-DCMAKE_TOOLCHAIN_FILE=/home/ubuntu/Dr0-ozdik777/workspace/projects/lab07/tools/polly/clang-cxx14.cmake`
]

[/home/ubuntu/Dr0-ozdik777/workspace/projects/lab07]> "cmake" "-H." "-B/home/ubuntu/Dr0-ozdik777/workspace/projects/lab07/_builds/clang-cxx14" "-GUnix Makefiles" "-DCMAKE_TOOLCHAIN_FILE=/home/ubuntu/Dr0-ozdik777/workspace/projects/lab07/tools/polly/clang-cxx14.cmake"

-- [polly] Used toolchain: clang / c++14 support

clang not found

CMake Error at tools/polly/utilities/polly_fatal_error.cmake:10 (message):
Call Stack (most recent call first):
  tools/polly/compiler/clang.cmake:23 (polly_fatal_error)
  tools/polly/clang-cxx14.cmake:20 (include)
  /usr/share/cmake-3.28/Modules/CMakeDetermineSystem.cmake:170 (include)
  CMakeLists.txt:2 (project)
-- Configuring incomplete, errors occurred!


CMake Error: CMake was unable to find a build program corresponding to "Unix Makefiles".  CMAKE_MAKE_PROGRAM is not set.  You probably need to select a different build tool.
Command exit with status "1": [/home/ubuntu/Dr0-ozdik777/workspace/projects/lab07]> "cmake" "-H." "-B/home/ubuntu/Dr0-ozdik777/workspace/projects/lab07/_builds/clang-cxx14" "-GUnix Makefiles" "-DCMAKE_TOOLCHAIN_FILE=/home/ubuntu/Dr0-ozdik777/workspace/projects/lab07/tools/polly/clang-cxx14.cmake"

Log: /home/ubuntu/Dr0-ozdik777/workspace/projects/lab07/_logs/polly/clang-cxx14/log.txt
*** FAILED ***
ubuntu@Ubuntu-GUI:~/Dr0-ozdik777/workspace/projects/lab07$ sudo apt-get update
Hit:1 http://ports.ubuntu.com/ubuntu-ports noble InRelease
Hit:2 http://ports.ubuntu.com/ubuntu-ports noble-updates InRelease
Hit:3 http://ports.ubuntu.com/ubuntu-ports noble-backports InRelease
Hit:4 http://ports.ubuntu.com/ubuntu-ports noble-security InRelease
Reading package lists... Done
ubuntu@Ubuntu-GUI:~/Dr0-ozdik777/workspace/projects/lab07$ sudo apt-get install -y clang make
Reading package lists... Done
Building dependency tree... Done
Reading state information... Done
make is already the newest version (4.3-4.1build2).
make set to manually installed.
The following additional packages will be installed:
  clang-18 icu-devtools libclang-common-18-dev libclang-rt-18-dev libgc1 libicu-dev libobjc-13-dev
  libobjc4 libpfm4 libxml2-dev libz3-4 libz3-dev llvm-18 llvm-18-dev llvm-18-linker-tools
  llvm-18-runtime llvm-18-tools
Suggested packages:
  clang-18-doc wasi-libc icu-doc pkg-config llvm-18-doc
The following NEW packages will be installed:
  clang clang-18 icu-devtools libclang-common-18-dev libclang-rt-18-dev libgc1 libicu-dev
  libobjc-13-dev libobjc4 libpfm4 libxml2-dev libz3-4 libz3-dev llvm-18 llvm-18-dev
  llvm-18-linker-tools llvm-18-runtime llvm-18-tools
0 upgraded, 18 newly installed, 0 to remove and 84 not upgraded.
Need to get 90.6 MB of archives.
After this operation, 562 MB of additional disk space will be used.
Get:1 http://ports.ubuntu.com/ubuntu-ports noble/main arm64 libgc1 arm64 1:8.2.6-1build1 [89.1 kB]
Get:2 http://ports.ubuntu.com/ubuntu-ports noble-updates/universe arm64 libobjc4 arm64 14.2.0-4ubuntu2~24.04 [45.3 kB]
Get:3 http://ports.ubuntu.com/ubuntu-ports noble-updates/universe arm64 libobjc-13-dev arm64 13.3.0-6ubuntu2~24.04 [190 kB]
Get:4 http://ports.ubuntu.com/ubuntu-ports noble-updates/universe arm64 libclang-common-18-dev arm64 1:18.1.3-1ubuntu1 [736 kB]
Get:5 http://ports.ubuntu.com/ubuntu-ports noble-updates/universe arm64 llvm-18-linker-tools arm64 1:18.1.3-1ubuntu1 [1234 kB]
Get:6 http://ports.ubuntu.com/ubuntu-ports noble-updates/universe arm64 clang-18 arm64 1:18.1.3-1ubuntu1 [78.4 kB]
Get:7 http://ports.ubuntu.com/ubuntu-ports noble/universe arm64 clang arm64 1:18.0-59~exp2 [5854 B]
Get:8 http://ports.ubuntu.com/ubuntu-ports noble-updates/main arm64 icu-devtools arm64 74.2-1ubuntu3.1 [209 kB]
Get:9 http://ports.ubuntu.com/ubuntu-ports noble-updates/universe arm64 libclang-rt-18-dev arm64 1:18.1.3-1ubuntu1 [2108 kB]
Get:10 http://ports.ubuntu.com/ubuntu-ports noble-updates/main arm64 libicu-dev arm64 74.2-1ubuntu3.1 [11.9 MB]
Get:11 http://ports.ubuntu.com/ubuntu-ports noble-updates/main arm64 libxml2-dev arm64 2.9.14+dfsg-1.3ubuntu3.3 [798 kB]
Get:12 http://ports.ubuntu.com/ubuntu-ports noble-updates/universe arm64 llvm-18-runtime arm64 1:18.1.3-1ubuntu1 [521 kB]
Get:13 http://ports.ubuntu.com/ubuntu-ports noble/universe arm64 libpfm4 arm64 4.13.0+git32-g0d4ed0e-1 [59.6 kB]
Get:14 http://ports.ubuntu.com/ubuntu-ports noble-updates/universe arm64 llvm-18 arm64 1:18.1.3-1ubuntu1 [24.3 MB]
Get:15 http://ports.ubuntu.com/ubuntu-ports noble-updates/universe arm64 llvm-18-tools arm64 1:18.1.3-1ubuntu1 [532 kB]
Get:16 http://ports.ubuntu.com/ubuntu-ports noble/universe arm64 libz3-4 arm64 4.8.12-3.1build1 [5492 kB]
Get:17 http://ports.ubuntu.com/ubuntu-ports noble/universe arm64 libz3-dev arm64 4.8.12-3.1build1 [72.2 kB]
Get:18 http://ports.ubuntu.com/ubuntu-ports noble-updates/universe arm64 llvm-18-dev arm64 1:18.1.3-1ubuntu1 [42.2 MB]
Fetched 90.6 MB in 30s (3020 kB/s)                                                                     
Selecting previously unselected package libgc1:arm64.
(Reading database ... 218041 files and directories currently installed.)
Preparing to unpack .../00-libgc1_1%3a8.2.6-1build1_arm64.deb ...
Unpacking libgc1:arm64 (1:8.2.6-1build1) ...
Selecting previously unselected package libobjc4:arm64.
Preparing to unpack .../01-libobjc4_14.2.0-4ubuntu2~24.04_arm64.deb ...
Unpacking libobjc4:arm64 (14.2.0-4ubuntu2~24.04) ...
Selecting previously unselected package libobjc-13-dev:arm64.
Preparing to unpack .../02-libobjc-13-dev_13.3.0-6ubuntu2~24.04_arm64.deb ...
Unpacking libobjc-13-dev:arm64 (13.3.0-6ubuntu2~24.04) ...
Selecting previously unselected package libclang-common-18-dev:arm64.
Preparing to unpack .../03-libclang-common-18-dev_1%3a18.1.3-1ubuntu1_arm64.deb ...
Unpacking libclang-common-18-dev:arm64 (1:18.1.3-1ubuntu1) ...
Selecting previously unselected package llvm-18-linker-tools.
Preparing to unpack .../04-llvm-18-linker-tools_1%3a18.1.3-1ubuntu1_arm64.deb ...
Unpacking llvm-18-linker-tools (1:18.1.3-1ubuntu1) ...
Selecting previously unselected package clang-18.
Preparing to unpack .../05-clang-18_1%3a18.1.3-1ubuntu1_arm64.deb ...
Unpacking clang-18 (1:18.1.3-1ubuntu1) ...
Selecting previously unselected package clang.
Preparing to unpack .../06-clang_1%3a18.0-59~exp2_arm64.deb ...
Unpacking clang (1:18.0-59~exp2) ...
Selecting previously unselected package icu-devtools.
Preparing to unpack .../07-icu-devtools_74.2-1ubuntu3.1_arm64.deb ...
Unpacking icu-devtools (74.2-1ubuntu3.1) ...
Selecting previously unselected package libclang-rt-18-dev:arm64.
Preparing to unpack .../08-libclang-rt-18-dev_1%3a18.1.3-1ubuntu1_arm64.deb ...
Unpacking libclang-rt-18-dev:arm64 (1:18.1.3-1ubuntu1) ...
Selecting previously unselected package libicu-dev:arm64.
Preparing to unpack .../09-libicu-dev_74.2-1ubuntu3.1_arm64.deb ...
Unpacking libicu-dev:arm64 (74.2-1ubuntu3.1) ...
Selecting previously unselected package libxml2-dev:arm64.
Preparing to unpack .../10-libxml2-dev_2.9.14+dfsg-1.3ubuntu3.3_arm64.deb ...
Unpacking libxml2-dev:arm64 (2.9.14+dfsg-1.3ubuntu3.3) ...
Selecting previously unselected package llvm-18-runtime.
Preparing to unpack .../11-llvm-18-runtime_1%3a18.1.3-1ubuntu1_arm64.deb ...
Unpacking llvm-18-runtime (1:18.1.3-1ubuntu1) ...
Selecting previously unselected package libpfm4:arm64.
Preparing to unpack .../12-libpfm4_4.13.0+git32-g0d4ed0e-1_arm64.deb ...
Unpacking libpfm4:arm64 (4.13.0+git32-g0d4ed0e-1) ...
Selecting previously unselected package llvm-18.
Preparing to unpack .../13-llvm-18_1%3a18.1.3-1ubuntu1_arm64.deb ...
Unpacking llvm-18 (1:18.1.3-1ubuntu1) ...
Selecting previously unselected package llvm-18-tools.
Preparing to unpack .../14-llvm-18-tools_1%3a18.1.3-1ubuntu1_arm64.deb ...
Unpacking llvm-18-tools (1:18.1.3-1ubuntu1) ...
Selecting previously unselected package libz3-4:arm64.
Preparing to unpack .../15-libz3-4_4.8.12-3.1build1_arm64.deb ...
Unpacking libz3-4:arm64 (4.8.12-3.1build1) ...
Selecting previously unselected package libz3-dev:arm64.
Preparing to unpack .../16-libz3-dev_4.8.12-3.1build1_arm64.deb ...
Unpacking libz3-dev:arm64 (4.8.12-3.1build1) ...
Selecting previously unselected package llvm-18-dev.
Preparing to unpack .../17-llvm-18-dev_1%3a18.1.3-1ubuntu1_arm64.deb ...
Unpacking llvm-18-dev (1:18.1.3-1ubuntu1) ...
Setting up llvm-18-tools (1:18.1.3-1ubuntu1) ...
Setting up libz3-4:arm64 (4.8.12-3.1build1) ...
Setting up libpfm4:arm64 (4.13.0+git32-g0d4ed0e-1) ...
Setting up icu-devtools (74.2-1ubuntu3.1) ...
Setting up libclang-common-18-dev:arm64 (1:18.1.3-1ubuntu1) ...
Setting up libgc1:arm64 (1:8.2.6-1build1) ...
Setting up llvm-18-linker-tools (1:18.1.3-1ubuntu1) ...
Setting up llvm-18-runtime (1:18.1.3-1ubuntu1) ...
Setting up libicu-dev:arm64 (74.2-1ubuntu3.1) ...
Setting up libclang-rt-18-dev:arm64 (1:18.1.3-1ubuntu1) ...
Setting up libz3-dev:arm64 (4.8.12-3.1build1) ...
Setting up libobjc4:arm64 (14.2.0-4ubuntu2~24.04) ...
Setting up libxml2-dev:arm64 (2.9.14+dfsg-1.3ubuntu3.3) ...
Setting up llvm-18 (1:18.1.3-1ubuntu1) ...
Setting up libobjc-13-dev:arm64 (13.3.0-6ubuntu2~24.04) ...
Setting up llvm-18-dev (1:18.1.3-1ubuntu1) ...
Setting up clang-18 (1:18.1.3-1ubuntu1) ...
Setting up clang (1:18.0-59~exp2) ...
Processing triggers for systemd (255.4-1ubuntu8.5) ...
Processing triggers for man-db (2.12.0-4build2) ...
Processing triggers for libc-bin (2.39-0ubuntu8.4) ...
Scanning processes...                                                                                   
Scanning linux images...                                                                                

Running kernel seems to be up-to-date.

No services need to be restarted.

No containers need to be restarted.

No user sessions are running outdated binaries.

No VM guests are running outdated hypervisor (qemu) binaries on this host.
ubuntu@Ubuntu-GUI:~/Dr0-ozdik777/workspace/projects/lab07$ clang --version
Ubuntu clang version 18.1.3 (1ubuntu1)
Target: aarch64-unknown-linux-gnu
Thread model: posix
InstalledDir: /usr/bin
ubuntu@Ubuntu-GUI:~/Dr0-ozdik777/workspace/projects/lab07$ make --version
GNU Make 4.3
Built for aarch64-unknown-linux-gnu
Copyright (C) 1988-2020 Free Software Foundation, Inc.
License GPLv3+: GNU GPL version 3 or later <http://gnu.org/licenses/gpl.html>
This is free software: you are free to change and redistribute it.
There is NO WARRANTY, to the extent permitted by law.
ubuntu@Ubuntu-GUI:~/Dr0-ozdik777/workspace/projects/lab07$ rm -rf _builds/clang-cxx14
ubuntu@Ubuntu-GUI:~/Dr0-ozdik777/workspace/projects/lab07$ tools/polly/bin/polly.py --toolchain clang-cxx14 --verbose
Python version: 3.12
Build dir: /home/ubuntu/Dr0-ozdik777/workspace/projects/lab07/_builds/clang-cxx14
Execute command: [
  `which`
  `cmake`
]

[/home/ubuntu/Dr0-ozdik777/workspace/projects/lab07]> "which" "cmake"

/usr/bin/cmake
Execute command: [
  `cmake`
  `--version`
]

[/home/ubuntu/Dr0-ozdik777/workspace/projects/lab07]> "cmake" "--version"

cmake version 3.28.3

CMake suite maintained and supported by Kitware (kitware.com/cmake).
Execute command: [
  `cmake`
  `-H.`
  `-B/home/ubuntu/Dr0-ozdik777/workspace/projects/lab07/_builds/clang-cxx14`
  `-GUnix Makefiles`
  `-DCMAKE_TOOLCHAIN_FILE=/home/ubuntu/Dr0-ozdik777/workspace/projects/lab07/tools/polly/clang-cxx14.cmake`
  `-DCMAKE_VERBOSE_MAKEFILE=ON`
  `-DPOLLY_STATUS_DEBUG=ON`
  `-DHUNTER_STATUS_DEBUG=ON`
]

[/home/ubuntu/Dr0-ozdik777/workspace/projects/lab07]> "cmake" "-H." "-B/home/ubuntu/Dr0-ozdik777/workspace/projects/lab07/_builds/clang-cxx14" "-GUnix Makefiles" "-DCMAKE_TOOLCHAIN_FILE=/home/ubuntu/Dr0-ozdik777/workspace/projects/lab07/tools/polly/clang-cxx14.cmake" "-DCMAKE_VERBOSE_MAKEFILE=ON" "-DPOLLY_STATUS_DEBUG=ON" "-DHUNTER_STATUS_DEBUG=ON"

-- [polly] Used toolchain: clang / c++14 support
-- [polly *** DEBUG ***] Used tag: clang-cxx14
-- [polly *** DEBUG ***] CMAKE_DEBUG_POSTFIX is empty
-- [polly *** DEBUG ***] CMAKE_DEBUG_POSTFIX set to 'd'
-- The CXX compiler identification is Clang 18.1.3
-- Detecting CXX compiler ABI info
-- Detecting CXX compiler ABI info - done
-- Check for working CXX compiler: /usr/bin/clang++ - skipped
-- Detecting CXX compile features
-- Detecting CXX compile features - done
-- The C compiler identification is Clang 18.1.3
-- Detecting C compiler ABI info
-- Detecting C compiler ABI info - done
-- Check for working C compiler: /usr/bin/clang - skipped
-- Detecting C compile features
-- Detecting C compile features - done
-- Found Python: /usr/bin/python3 (found version "3.12.3") found components: Interpreter
-- Performing Test CMAKE_HAVE_LIBC_PTHREAD
-- Performing Test CMAKE_HAVE_LIBC_PTHREAD - Success
-- Found Threads: TRUE
-- Configuring done (5.5s)
-- Generating done (0.0s)
CMake Warning:
  Manually-specified variables were not used by the project:

    HUNTER_STATUS_DEBUG


-- Build files have been written to: /home/ubuntu/Dr0-ozdik777/workspace/projects/lab07/_builds/clang-cxx14
Execute command: [
  `cmake`
  `--build`
  `/home/ubuntu/Dr0-ozdik777/workspace/projects/lab07/_builds/clang-cxx14`
  `--`
]

[/home/ubuntu/Dr0-ozdik777/workspace/projects/lab07]> "cmake" "--build" "/home/ubuntu/Dr0-ozdik777/workspace/projects/lab07/_builds/clang-cxx14" "--"

Change Dir: '/home/ubuntu/Dr0-ozdik777/workspace/projects/lab07/_builds/clang-cxx14'

Run Build Command(s): /usr/bin/cmake -E env VERBOSE=1 /usr/bin/gmake -f Makefile
/usr/bin/cmake -S/home/ubuntu/Dr0-ozdik777/workspace/projects/lab07 -B/home/ubuntu/Dr0-ozdik777/workspace/projects/lab07/_builds/clang-cxx14 --check-build-system CMakeFiles/Makefile.cmake 0
/usr/bin/cmake -E cmake_progress_start /home/ubuntu/Dr0-ozdik777/workspace/projects/lab07/_builds/clang-cxx14/CMakeFiles /home/ubuntu/Dr0-ozdik777/workspace/projects/lab07/_builds/clang-cxx14//CMakeFiles/progress.marks
/usr/bin/gmake  -f CMakeFiles/Makefile2 all
gmake[1]: Entering directory '/home/ubuntu/Dr0-ozdik777/workspace/projects/lab07/_builds/clang-cxx14'
/usr/bin/gmake  -f CMakeFiles/print.dir/build.make CMakeFiles/print.dir/depend
gmake[2]: Entering directory '/home/ubuntu/Dr0-ozdik777/workspace/projects/lab07/_builds/clang-cxx14'
cd /home/ubuntu/Dr0-ozdik777/workspace/projects/lab07/_builds/clang-cxx14 && /usr/bin/cmake -E cmake_depends "Unix Makefiles" /home/ubuntu/Dr0-ozdik777/workspace/projects/lab07 /home/ubuntu/Dr0-ozdik777/workspace/projects/lab07 /home/ubuntu/Dr0-ozdik777/workspace/projects/lab07/_builds/clang-cxx14 /home/ubuntu/Dr0-ozdik777/workspace/projects/lab07/_builds/clang-cxx14 /home/ubuntu/Dr0-ozdik777/workspace/projects/lab07/_builds/clang-cxx14/CMakeFiles/print.dir/DependInfo.cmake "--color="
gmake[2]: Leaving directory '/home/ubuntu/Dr0-ozdik777/workspace/projects/lab07/_builds/clang-cxx14'
/usr/bin/gmake  -f CMakeFiles/print.dir/build.make CMakeFiles/print.dir/build
gmake[2]: Entering directory '/home/ubuntu/Dr0-ozdik777/workspace/projects/lab07/_builds/clang-cxx14'
[  7%] Building CXX object CMakeFiles/print.dir/print.cpp.o
/usr/bin/clang++  -I/home/ubuntu/Dr0-ozdik777/workspace/projects/lab07 -std=c++14 -std=c++14 -MD -MT CMakeFiles/print.dir/print.cpp.o -MF CMakeFiles/print.dir/print.cpp.o.d -o CMakeFiles/print.dir/print.cpp.o -c /home/ubuntu/Dr0-ozdik777/workspace/projects/lab07/print.cpp
[ 14%] Linking CXX static library libprint.a
/usr/bin/cmake -P CMakeFiles/print.dir/cmake_clean_target.cmake
/usr/bin/cmake -E cmake_link_script CMakeFiles/print.dir/link.txt --verbose=1
/usr/bin/ar qc libprint.a CMakeFiles/print.dir/print.cpp.o
/usr/bin/ranlib libprint.a
gmake[2]: Leaving directory '/home/ubuntu/Dr0-ozdik777/workspace/projects/lab07/_builds/clang-cxx14'
[ 14%] Built target print
/usr/bin/gmake  -f _deps/googletest-build/googletest/CMakeFiles/gtest.dir/build.make _deps/googletest-build/googletest/CMakeFiles/gtest.dir/depend
gmake[2]: Entering directory '/home/ubuntu/Dr0-ozdik777/workspace/projects/lab07/_builds/clang-cxx14'
cd /home/ubuntu/Dr0-ozdik777/workspace/projects/lab07/_builds/clang-cxx14 && /usr/bin/cmake -E cmake_depends "Unix Makefiles" /home/ubuntu/Dr0-ozdik777/workspace/projects/lab07 /home/ubuntu/Dr0-ozdik777/workspace/projects/lab07/_builds/clang-cxx14/_deps/googletest-src/googletest /home/ubuntu/Dr0-ozdik777/workspace/projects/lab07/_builds/clang-cxx14 /home/ubuntu/Dr0-ozdik777/workspace/projects/lab07/_builds/clang-cxx14/_deps/googletest-build/googletest /home/ubuntu/Dr0-ozdik777/workspace/projects/lab07/_builds/clang-cxx14/_deps/googletest-build/googletest/CMakeFiles/gtest.dir/DependInfo.cmake "--color="
gmake[2]: Leaving directory '/home/ubuntu/Dr0-ozdik777/workspace/projects/lab07/_builds/clang-cxx14'
/usr/bin/gmake  -f _deps/googletest-build/googletest/CMakeFiles/gtest.dir/build.make _deps/googletest-build/googletest/CMakeFiles/gtest.dir/build
gmake[2]: Entering directory '/home/ubuntu/Dr0-ozdik777/workspace/projects/lab07/_builds/clang-cxx14'
[ 21%] Building CXX object _deps/googletest-build/googletest/CMakeFiles/gtest.dir/src/gtest-all.cc.o
cd /home/ubuntu/Dr0-ozdik777/workspace/projects/lab07/_builds/clang-cxx14/_deps/googletest-build/googletest && /usr/bin/clang++  -I/home/ubuntu/Dr0-ozdik777/workspace/projects/lab07/_builds/clang-cxx14/_deps/googletest-src/googletest/include -I/home/ubuntu/Dr0-ozdik777/workspace/projects/lab07/_builds/clang-cxx14/_deps/googletest-src/googletest -std=c++14 -std=c++14 -Wall -Wshadow -Wconversion -DGTEST_HAS_PTHREAD=1 -fexceptions -W -Wpointer-arith -Wreturn-type -Wcast-qual -Wwrite-strings -Wswitch -Wunused-parameter -Wcast-align -Wchar-subscripts -Winline -Wredundant-decls -MD -MT _deps/googletest-build/googletest/CMakeFiles/gtest.dir/src/gtest-all.cc.o -MF CMakeFiles/gtest.dir/src/gtest-all.cc.o.d -o CMakeFiles/gtest.dir/src/gtest-all.cc.o -c /home/ubuntu/Dr0-ozdik777/workspace/projects/lab07/_builds/clang-cxx14/_deps/googletest-src/googletest/src/gtest-all.cc
[ 28%] Linking CXX static library ../../../lib/libgtest.a
cd /home/ubuntu/Dr0-ozdik777/workspace/projects/lab07/_builds/clang-cxx14/_deps/googletest-build/googletest && /usr/bin/cmake -P CMakeFiles/gtest.dir/cmake_clean_target.cmake
cd /home/ubuntu/Dr0-ozdik777/workspace/projects/lab07/_builds/clang-cxx14/_deps/googletest-build/googletest && /usr/bin/cmake -E cmake_link_script CMakeFiles/gtest.dir/link.txt --verbose=1
/usr/bin/ar qc ../../../lib/libgtest.a "CMakeFiles/gtest.dir/src/gtest-all.cc.o"
/usr/bin/ranlib ../../../lib/libgtest.a
gmake[2]: Leaving directory '/home/ubuntu/Dr0-ozdik777/workspace/projects/lab07/_builds/clang-cxx14'
[ 28%] Built target gtest
/usr/bin/gmake  -f _deps/googletest-build/googletest/CMakeFiles/gtest_main.dir/build.make _deps/googletest-build/googletest/CMakeFiles/gtest_main.dir/depend
gmake[2]: Entering directory '/home/ubuntu/Dr0-ozdik777/workspace/projects/lab07/_builds/clang-cxx14'
cd /home/ubuntu/Dr0-ozdik777/workspace/projects/lab07/_builds/clang-cxx14 && /usr/bin/cmake -E cmake_depends "Unix Makefiles" /home/ubuntu/Dr0-ozdik777/workspace/projects/lab07 /home/ubuntu/Dr0-ozdik777/workspace/projects/lab07/_builds/clang-cxx14/_deps/googletest-src/googletest /home/ubuntu/Dr0-ozdik777/workspace/projects/lab07/_builds/clang-cxx14 /home/ubuntu/Dr0-ozdik777/workspace/projects/lab07/_builds/clang-cxx14/_deps/googletest-build/googletest /home/ubuntu/Dr0-ozdik777/workspace/projects/lab07/_builds/clang-cxx14/_deps/googletest-build/googletest/CMakeFiles/gtest_main.dir/DependInfo.cmake "--color="
gmake[2]: Leaving directory '/home/ubuntu/Dr0-ozdik777/workspace/projects/lab07/_builds/clang-cxx14'
/usr/bin/gmake  -f _deps/googletest-build/googletest/CMakeFiles/gtest_main.dir/build.make _deps/googletest-build/googletest/CMakeFiles/gtest_main.dir/build
gmake[2]: Entering directory '/home/ubuntu/Dr0-ozdik777/workspace/projects/lab07/_builds/clang-cxx14'
[ 35%] Building CXX object _deps/googletest-build/googletest/CMakeFiles/gtest_main.dir/src/gtest_main.cc.o
cd /home/ubuntu/Dr0-ozdik777/workspace/projects/lab07/_builds/clang-cxx14/_deps/googletest-build/googletest && /usr/bin/clang++  -isystem /home/ubuntu/Dr0-ozdik777/workspace/projects/lab07/_builds/clang-cxx14/_deps/googletest-src/googletest/include -isystem /home/ubuntu/Dr0-ozdik777/workspace/projects/lab07/_builds/clang-cxx14/_deps/googletest-src/googletest -std=c++14 -std=c++14 -Wall -Wshadow -Wconversion -DGTEST_HAS_PTHREAD=1 -fexceptions -W -Wpointer-arith -Wreturn-type -Wcast-qual -Wwrite-strings -Wswitch -Wunused-parameter -Wcast-align -Wchar-subscripts -Winline -Wredundant-decls -MD -MT _deps/googletest-build/googletest/CMakeFiles/gtest_main.dir/src/gtest_main.cc.o -MF CMakeFiles/gtest_main.dir/src/gtest_main.cc.o.d -o CMakeFiles/gtest_main.dir/src/gtest_main.cc.o -c /home/ubuntu/Dr0-ozdik777/workspace/projects/lab07/_builds/clang-cxx14/_deps/googletest-src/googletest/src/gtest_main.cc
[ 42%] Linking CXX static library ../../../lib/libgtest_main.a
cd /home/ubuntu/Dr0-ozdik777/workspace/projects/lab07/_builds/clang-cxx14/_deps/googletest-build/googletest && /usr/bin/cmake -P CMakeFiles/gtest_main.dir/cmake_clean_target.cmake
cd /home/ubuntu/Dr0-ozdik777/workspace/projects/lab07/_builds/clang-cxx14/_deps/googletest-build/googletest && /usr/bin/cmake -E cmake_link_script CMakeFiles/gtest_main.dir/link.txt --verbose=1
/usr/bin/ar qc ../../../lib/libgtest_main.a CMakeFiles/gtest_main.dir/src/gtest_main.cc.o
/usr/bin/ranlib ../../../lib/libgtest_main.a
gmake[2]: Leaving directory '/home/ubuntu/Dr0-ozdik777/workspace/projects/lab07/_builds/clang-cxx14'
[ 42%] Built target gtest_main
/usr/bin/gmake  -f CMakeFiles/check.dir/build.make CMakeFiles/check.dir/depend
gmake[2]: Entering directory '/home/ubuntu/Dr0-ozdik777/workspace/projects/lab07/_builds/clang-cxx14'
cd /home/ubuntu/Dr0-ozdik777/workspace/projects/lab07/_builds/clang-cxx14 && /usr/bin/cmake -E cmake_depends "Unix Makefiles" /home/ubuntu/Dr0-ozdik777/workspace/projects/lab07 /home/ubuntu/Dr0-ozdik777/workspace/projects/lab07 /home/ubuntu/Dr0-ozdik777/workspace/projects/lab07/_builds/clang-cxx14 /home/ubuntu/Dr0-ozdik777/workspace/projects/lab07/_builds/clang-cxx14 /home/ubuntu/Dr0-ozdik777/workspace/projects/lab07/_builds/clang-cxx14/CMakeFiles/check.dir/DependInfo.cmake "--color="
gmake[2]: Leaving directory '/home/ubuntu/Dr0-ozdik777/workspace/projects/lab07/_builds/clang-cxx14'
/usr/bin/gmake  -f CMakeFiles/check.dir/build.make CMakeFiles/check.dir/build
gmake[2]: Entering directory '/home/ubuntu/Dr0-ozdik777/workspace/projects/lab07/_builds/clang-cxx14'
[ 50%] Building CXX object CMakeFiles/check.dir/tests/test1.cpp.o
/usr/bin/clang++  -I/home/ubuntu/Dr0-ozdik777/workspace/projects/lab07 -isystem /home/ubuntu/Dr0-ozdik777/workspace/projects/lab07/_builds/clang-cxx14/_deps/googletest-src/googletest/include -isystem /home/ubuntu/Dr0-ozdik777/workspace/projects/lab07/_builds/clang-cxx14/_deps/googletest-src/googletest -std=c++14 -std=c++14 -MD -MT CMakeFiles/check.dir/tests/test1.cpp.o -MF CMakeFiles/check.dir/tests/test1.cpp.o.d -o CMakeFiles/check.dir/tests/test1.cpp.o -c /home/ubuntu/Dr0-ozdik777/workspace/projects/lab07/tests/test1.cpp
[ 57%] Linking CXX executable check
/usr/bin/cmake -E cmake_link_script CMakeFiles/check.dir/link.txt --verbose=1
/usr/bin/clang++ -std=c++14 CMakeFiles/check.dir/tests/test1.cpp.o -o check  libprint.a lib/libgtest_main.a lib/libgtest.a
/usr/bin/cmake -D TEST_TARGET=check -D TEST_EXECUTABLE=/home/ubuntu/Dr0-ozdik777/workspace/projects/lab07/_builds/clang-cxx14/check -D TEST_EXECUTOR= -D TEST_WORKING_DIR=/home/ubuntu/Dr0-ozdik777/workspace/projects/lab07/_builds/clang-cxx14 -D TEST_EXTRA_ARGS= -D TEST_PROPERTIES= -D TEST_PREFIX= -D TEST_SUFFIX= -D TEST_FILTER= -D NO_PRETTY_TYPES=FALSE -D NO_PRETTY_VALUES=FALSE -D TEST_LIST=check_TESTS -D CTEST_FILE=/home/ubuntu/Dr0-ozdik777/workspace/projects/lab07/_builds/clang-cxx14/check[1]_tests.cmake -D TEST_DISCOVERY_TIMEOUT=5 -D TEST_XML_OUTPUT_DIR= -P /usr/share/cmake-3.28/Modules/GoogleTestAddTests.cmake
gmake[2]: Leaving directory '/home/ubuntu/Dr0-ozdik777/workspace/projects/lab07/_builds/clang-cxx14'
[ 57%] Built target check
/usr/bin/gmake  -f CMakeFiles/demo.dir/build.make CMakeFiles/demo.dir/depend
gmake[2]: Entering directory '/home/ubuntu/Dr0-ozdik777/workspace/projects/lab07/_builds/clang-cxx14'
cd /home/ubuntu/Dr0-ozdik777/workspace/projects/lab07/_builds/clang-cxx14 && /usr/bin/cmake -E cmake_depends "Unix Makefiles" /home/ubuntu/Dr0-ozdik777/workspace/projects/lab07 /home/ubuntu/Dr0-ozdik777/workspace/projects/lab07 /home/ubuntu/Dr0-ozdik777/workspace/projects/lab07/_builds/clang-cxx14 /home/ubuntu/Dr0-ozdik777/workspace/projects/lab07/_builds/clang-cxx14 /home/ubuntu/Dr0-ozdik777/workspace/projects/lab07/_builds/clang-cxx14/CMakeFiles/demo.dir/DependInfo.cmake "--color="
gmake[2]: Leaving directory '/home/ubuntu/Dr0-ozdik777/workspace/projects/lab07/_builds/clang-cxx14'
/usr/bin/gmake  -f CMakeFiles/demo.dir/build.make CMakeFiles/demo.dir/build
gmake[2]: Entering directory '/home/ubuntu/Dr0-ozdik777/workspace/projects/lab07/_builds/clang-cxx14'
[ 64%] Building CXX object CMakeFiles/demo.dir/demo/main.cpp.o
/usr/bin/clang++  -I/home/ubuntu/Dr0-ozdik777/workspace/projects/lab07 -std=c++14 -std=c++14 -MD -MT CMakeFiles/demo.dir/demo/main.cpp.o -MF CMakeFiles/demo.dir/demo/main.cpp.o.d -o CMakeFiles/demo.dir/demo/main.cpp.o -c /home/ubuntu/Dr0-ozdik777/workspace/projects/lab07/demo/main.cpp
/home/ubuntu/Dr0-ozdik777/workspace/projects/lab07/demo/main.cpp:16:19: error: implicit instantiation of undefined template 'std::basic_ofstream<char>'
   16 |     std::ofstream out{log_path, std::ios_base::app};
      |                   ^
/usr/bin/../lib/gcc/aarch64-linux-gnu/13/../../../../include/c++/13/iosfwd:121:11: note: template is declared here
  121 |     class basic_ofstream;
      |           ^
1 error generated.
gmake[2]: Leaving directory '/home/ubuntu/Dr0-ozdik777/workspace/projects/lab07/_builds/clang-cxx14'
gmake[2]: *** [CMakeFiles/demo.dir/build.make:79: CMakeFiles/demo.dir/demo/main.cpp.o] Error 1
gmake[1]: Leaving directory '/home/ubuntu/Dr0-ozdik777/workspace/projects/lab07/_builds/clang-cxx14'
gmake[1]: *** [CMakeFiles/Makefile2:197: CMakeFiles/demo.dir/all] Error 2
gmake: *** [Makefile:149: all] Error 2

Command exit with status "2": [/home/ubuntu/Dr0-ozdik777/workspace/projects/lab07]> "cmake" "--build" "/home/ubuntu/Dr0-ozdik777/workspace/projects/lab07/_builds/clang-cxx14" "--"

Log: /home/ubuntu/Dr0-ozdik777/workspace/projects/lab07/_logs/polly/clang-cxx14/log.txt
*** FAILED ***
ubuntu@Ubuntu-GUI:~/Dr0-ozdik777/workspace/projects/lab07$ ls
]        ChangeLog.md    CPackConfig.cmake  LB_05.txt  print1.cpp  README.md    tools
_build   cmake           demo               LB06.txt   print.cpp   tests
_builds  CMakeLists.txt  DESCRIPTION        _logs      print.hpp   third-party
ubuntu@Ubuntu-GUI:~/Dr0-ozdik777/workspace/projects/lab07$ cd demo
ubuntu@Ubuntu-GUI:~/Dr0-ozdik777/workspace/projects/lab07/demo$ ls
main.cpp
ubuntu@Ubuntu-GUI:~/Dr0-ozdik777/workspace/projects/lab07/demo$ nano main.cpp
ubuntu@Ubuntu-GUI:~/Dr0-ozdik777/workspace/projects/lab07/demo$ cd ..
ubuntu@Ubuntu-GUI:~/Dr0-ozdik777/workspace/projects/lab07$ rm -rf _builds/clang-cxx14
ubuntu@Ubuntu-GUI:~/Dr0-ozdik777/workspace/projects/lab07$ tools/polly/bin/polly.py --toolchain clang-cxx14
Python version: 3.12
Build dir: /home/ubuntu/Dr0-ozdik777/workspace/projects/lab07/_builds/clang-cxx14
Execute command: [
  `which`
  `cmake`
]

[/home/ubuntu/Dr0-ozdik777/workspace/projects/lab07]> "which" "cmake"

/usr/bin/cmake
Execute command: [
  `cmake`
  `--version`
]

[/home/ubuntu/Dr0-ozdik777/workspace/projects/lab07]> "cmake" "--version"

cmake version 3.28.3

CMake suite maintained and supported by Kitware (kitware.com/cmake).
Execute command: [
  `cmake`
  `-H.`
  `-B/home/ubuntu/Dr0-ozdik777/workspace/projects/lab07/_builds/clang-cxx14`
  `-GUnix Makefiles`
  `-DCMAKE_TOOLCHAIN_FILE=/home/ubuntu/Dr0-ozdik777/workspace/projects/lab07/tools/polly/clang-cxx14.cmake`
]

[/home/ubuntu/Dr0-ozdik777/workspace/projects/lab07]> "cmake" "-H." "-B/home/ubuntu/Dr0-ozdik777/workspace/projects/lab07/_builds/clang-cxx14" "-GUnix Makefiles" "-DCMAKE_TOOLCHAIN_FILE=/home/ubuntu/Dr0-ozdik777/workspace/projects/lab07/tools/polly/clang-cxx14.cmake"

-- [polly] Used toolchain: clang / c++14 support
-- The CXX compiler identification is Clang 18.1.3
-- Detecting CXX compiler ABI info
-- Detecting CXX compiler ABI info - done
-- Check for working CXX compiler: /usr/bin/clang++ - skipped
-- Detecting CXX compile features
-- Detecting CXX compile features - done
-- The C compiler identification is Clang 18.1.3
-- Detecting C compiler ABI info
-- Detecting C compiler ABI info - done
-- Check for working C compiler: /usr/bin/clang - skipped
-- Detecting C compile features
-- Detecting C compile features - done
-- Found Python: /usr/bin/python3 (found version "3.12.3") found components: Interpreter
-- Performing Test CMAKE_HAVE_LIBC_PTHREAD
-- Performing Test CMAKE_HAVE_LIBC_PTHREAD - Success
-- Found Threads: TRUE
-- Configuring done (6.3s)
-- Generating done (0.0s)
-- Build files have been written to: /home/ubuntu/Dr0-ozdik777/workspace/projects/lab07/_builds/clang-cxx14
Execute command: [
  `cmake`
  `--build`
  `/home/ubuntu/Dr0-ozdik777/workspace/projects/lab07/_builds/clang-cxx14`
  `--`
]

[/home/ubuntu/Dr0-ozdik777/workspace/projects/lab07]> "cmake" "--build" "/home/ubuntu/Dr0-ozdik777/workspace/projects/lab07/_builds/clang-cxx14" "--"

[  7%] Building CXX object CMakeFiles/print.dir/print.cpp.o
[ 14%] Linking CXX static library libprint.a
[ 14%] Built target print
[ 21%] Building CXX object _deps/googletest-build/googletest/CMakeFiles/gtest.dir/src/gtest-all.cc.o
[ 28%] Linking CXX static library ../../../lib/libgtest.a
[ 28%] Built target gtest
[ 35%] Building CXX object _deps/googletest-build/googletest/CMakeFiles/gtest_main.dir/src/gtest_main.cc.o
[ 42%] Linking CXX static library ../../../lib/libgtest_main.a
[ 42%] Built target gtest_main
[ 50%] Building CXX object CMakeFiles/check.dir/tests/test1.cpp.o
[ 57%] Linking CXX executable check
[ 57%] Built target check
[ 64%] Building CXX object CMakeFiles/demo.dir/demo/main.cpp.o
[ 71%] Linking CXX executable demo
[ 71%] Built target demo
[ 78%] Building CXX object _deps/googletest-build/googlemock/CMakeFiles/gmock.dir/src/gmock-all.cc.o
[ 85%] Linking CXX static library ../../../lib/libgmock.a
[ 85%] Built target gmock
[ 92%] Building CXX object _deps/googletest-build/googlemock/CMakeFiles/gmock_main.dir/src/gmock_main.cc.o
[100%] Linking CXX static library ../../../lib/libgmock_main.a
[100%] Built target gmock_main
-
Log saved: /home/ubuntu/Dr0-ozdik777/workspace/projects/lab07/_logs/polly/clang-cxx14/log.txt
-
Generate: 0:00:07.334040s
Build: 0:00:03.961395s
-
Total: 0:00:11.295871s
-
SUCCESS
ubuntu@Ubuntu-GUI:~/Dr0-ozdik777/workspace/projects/lab07$ ls
]        ChangeLog.md    CPackConfig.cmake  LB_05.txt  print1.cpp  README.md    tools
_build   cmake           demo               LB06.txt   print.cpp   tests
_builds  CMakeLists.txt  DESCRIPTION        _logs      print.hpp   third-party
ubuntu@Ubuntu-GUI:~/Dr0-ozdik777/workspace/projects/lab07$ git add 
]               cmake/          demo/           print1.cpp      print.hpp       
_builds/        CMakeLists.txt  _logs/          print.cpp       tests/          
ubuntu@Ubuntu-GUI:~/Dr0-ozdik777/workspace/projects/lab07$ git add 
]               cmake/          demo/           print1.cpp      print.hpp       
_builds/        CMakeLists.txt  _logs/          print.cpp       tests/          
ubuntu@Ubuntu-GUI:~/Dr0-ozdik777/workspace/projects/lab07$ git add 
]               cmake/          demo/           print1.cpp      print.hpp       
_builds/        CMakeLists.txt  _logs/          print.cpp       tests/          
ubuntu@Ubuntu-GUI:~/Dr0-ozdik777/workspace/projects/lab07$ git add 
]               cmake/          demo/           print1.cpp      print.hpp       
_builds/        CMakeLists.txt  _logs/          print.cpp       tests/          
ubuntu@Ubuntu-GUI:~/Dr0-ozdik777/workspace/projects/lab07$ git add 
]               cmake/          demo/           print1.cpp      print.hpp       
_builds/        CMakeLists.txt  _logs/          print.cpp       tests/          
ubuntu@Ubuntu-GUI:~/Dr0-ozdik777/workspace/projects/lab07$ git add 
]               cmake/          demo/           print1.cpp      print.hpp       
_builds/        CMakeLists.txt  _logs/          print.cpp       tests/          
ubuntu@Ubuntu-GUI:~/Dr0-ozdik777/workspace/projects/lab07$ git add 
]               cmake/          demo/           print1.cpp      print.hpp       
_builds/        CMakeLists.txt  _logs/          print.cpp       tests/          
ubuntu@Ubuntu-GUI:~/Dr0-ozdik777/workspace/projects/lab07$ git add 
]               cmake/          demo/           print1.cpp      print.hpp       
_builds/        CMakeLists.txt  _logs/          print.cpp       tests/          
ubuntu@Ubuntu-GUI:~/Dr0-ozdik777/workspace/projects/lab07$ git add 
]               cmake/          demo/           print1.cpp      print.hpp       
_builds/        CMakeLists.txt  _logs/          print.cpp       tests/          
ubuntu@Ubuntu-GUI:~/Dr0-ozdik777/workspace/projects/lab07$ git add 
]               cmake/          demo/           print1.cpp      print.hpp       
_builds/        CMakeLists.txt  _logs/          print.cpp       tests/          
ubuntu@Ubuntu-GUI:~/Dr0-ozdik777/workspace/projects/lab07$ git add 
]               cmake/          demo/           print1.cpp      print.hpp       
_builds/        CMakeLists.txt  _logs/          print.cpp       tests/          
ubuntu@Ubuntu-GUI:~/Dr0-ozdik777/workspace/projects/lab07$ git add print
print1.cpp  print.cpp   print.hpp   
ubuntu@Ubuntu-GUI:~/Dr0-ozdik777/workspace/projects/lab07$ git add print
print1.cpp  print.cpp   print.hpp   
ubuntu@Ubuntu-GUI:~/Dr0-ozdik777/workspace/projects/lab07$ git add print
print1.cpp  print.cpp   print.hpp   
ubuntu@Ubuntu-GUI:~/Dr0-ozdik777/workspace/projects/lab07$ git status
On branch main
Changes to be committed:
  (use "git restore --staged <file>..." to unstage)
	modified:   .gitmodules
	deleted:    third-party/gtest
	new file:   tools/polly

Changes not staged for commit:
  (use "git add <file>..." to update what will be committed)
  (use "git restore <file>..." to discard changes in working directory)
	modified:   CMakeLists.txt
	modified:   tests/test1.cpp

Untracked files:
  (use "git add <file>..." to include in what will be committed)
	]
	_builds/
	_logs/
	cmake/
	demo/
	print.cpp
	print.hpp
	print1.cpp

ubuntu@Ubuntu-GUI:~/Dr0-ozdik777/workspace/projects/lab07$ git add -A
warning: adding embedded git repository: _builds/_deps/googletest-src
hint: You've added another git repository inside your current repository.
hint: Clones of the outer repository will not contain the contents of
hint: the embedded repository and will not know how to obtain it.
hint: If you meant to add a submodule, use:
hint: 
hint: 	git submodule add <url> _builds/_deps/googletest-src
hint: 
hint: If you added this path by mistake, you can remove it from the
hint: index with:
hint: 
hint: 	git rm --cached _builds/_deps/googletest-src
hint: 
hint: See "git help submodule" for more information.
warning: adding embedded git repository: _builds/clang-cxx14/_deps/googletest-src
warning: adding embedded git repository: _builds/default/_deps/googletest-src
ubuntu@Ubuntu-GUI:~/Dr0-ozdik777/workspace/projects/lab07$ git remote -v
origin	https://github.com/Dr0-ozdik777/lab07 (fetch)
origin	https://github.com/Dr0-ozdik777/lab07 (push)
ubuntu@Ubuntu-GUI:~/Dr0-ozdik777/workspace/projects/lab07$ ды
ды: command not found
ubuntu@Ubuntu-GUI:~/Dr0-ozdik777/workspace/projects/lab07$ ls
]        ChangeLog.md    CPackConfig.cmake  LB_05.txt  print1.cpp  README.md    tools
_build   cmake           demo               LB06.txt   print.cpp   tests
_builds  CMakeLists.txt  DESCRIPTION        _logs      print.hpp   third-party
ubuntu@Ubuntu-GUI:~/Dr0-ozdik777/workspace/projects/lab07$ echo "_builds/" >> .gitignore
ubuntu@Ubuntu-GUI:~/Dr0-ozdik777/workspace/projects/lab07$ echo "*.o" >> .gitignore
ubuntu@Ubuntu-GUI:~/Dr0-ozdik777/workspace/projects/lab07$ echo "*.a" >> .gitignore
ubuntu@Ubuntu-GUI:~/Dr0-ozdik777/workspace/projects/lab07$ git commit -m
error: switch `m' requires a value
ubuntu@Ubuntu-GUI:~/Dr0-ozdik777/workspace/projects/lab07$ git commit
Aborting commit due to empty commit message.
ubuntu@Ubuntu-GUI:~/Dr0-ozdik777/workspace/projects/lab07$ git commit -m
error: switch `m' requires a value
ubuntu@Ubuntu-GUI:~/Dr0-ozdik777/workspace/projects/lab07$ git commit -m "Добавлены все файлы проекта"
[main a2833d4] Добавлены все файлы проекта
 531 files changed, 29745 insertions(+), 25 deletions(-)
 create mode 100644 ]
 create mode 100644 _builds/CMakeCache.txt
 create mode 100644 _builds/CMakeFiles/3.28.3/CMakeCCompiler.cmake
 create mode 100644 _builds/CMakeFiles/3.28.3/CMakeCXXCompiler.cmake
 create mode 100755 _builds/CMakeFiles/3.28.3/CMakeDetermineCompilerABI_C.bin
 create mode 100755 _builds/CMakeFiles/3.28.3/CMakeDetermineCompilerABI_CXX.bin
 create mode 100644 _builds/CMakeFiles/3.28.3/CMakeSystem.cmake
 create mode 100644 _builds/CMakeFiles/3.28.3/CompilerIdC/CMakeCCompilerId.c
 create mode 100755 _builds/CMakeFiles/3.28.3/CompilerIdC/a.out
 create mode 100644 _builds/CMakeFiles/3.28.3/CompilerIdCXX/CMakeCXXCompilerId.cpp
 create mode 100755 _builds/CMakeFiles/3.28.3/CompilerIdCXX/a.out
 create mode 100644 _builds/CMakeFiles/CMakeConfigureLog.yaml
 create mode 100644 _builds/CMakeFiles/CMakeDirectoryInformation.cmake
 create mode 100644 _builds/CMakeFiles/Makefile.cmake
 create mode 100644 _builds/CMakeFiles/Makefile2
 create mode 100644 _builds/CMakeFiles/TargetDirectories.txt
 create mode 100644 _builds/CMakeFiles/check.dir/DependInfo.cmake
 create mode 100644 _builds/CMakeFiles/check.dir/build.make
 create mode 100644 _builds/CMakeFiles/check.dir/cmake_clean.cmake
 create mode 100644 _builds/CMakeFiles/check.dir/compiler_depend.make
 create mode 100644 _builds/CMakeFiles/check.dir/compiler_depend.ts
 create mode 100644 _builds/CMakeFiles/check.dir/depend.make
 create mode 100644 _builds/CMakeFiles/check.dir/flags.make
 create mode 100644 _builds/CMakeFiles/check.dir/link.txt
 create mode 100644 _builds/CMakeFiles/check.dir/progress.make
 create mode 100644 _builds/CMakeFiles/check.dir/tests/test1.cpp.o
 create mode 100644 _builds/CMakeFiles/check.dir/tests/test1.cpp.o.d
 create mode 100644 _builds/CMakeFiles/cmake.check_cache
 create mode 100644 _builds/CMakeFiles/print.dir/DependInfo.cmake
 create mode 100644 _builds/CMakeFiles/print.dir/build.make
 create mode 100644 _builds/CMakeFiles/print.dir/cmake_clean.cmake
 create mode 100644 _builds/CMakeFiles/print.dir/cmake_clean_target.cmake
 create mode 100644 _builds/CMakeFiles/print.dir/compiler_depend.make
 create mode 100644 _builds/CMakeFiles/print.dir/compiler_depend.ts
 create mode 100644 _builds/CMakeFiles/print.dir/depend.make
 create mode 100644 _builds/CMakeFiles/print.dir/flags.make
 create mode 100644 _builds/CMakeFiles/print.dir/link.txt
 create mode 100644 _builds/CMakeFiles/print.dir/print.cpp.o
 create mode 100644 _builds/CMakeFiles/print.dir/print.cpp.o.d
 create mode 100644 _builds/CMakeFiles/print.dir/progress.make
 create mode 100644 _builds/CMakeFiles/progress.marks
 create mode 100644 _builds/CTestTestfile.cmake
 create mode 100644 _builds/Makefile
 create mode 100644 _builds/Testing/Temporary/CTestCostData.txt
 create mode 100644 _builds/Testing/Temporary/LastTest.log
 create mode 100644 _builds/_deps/googletest-build/CMakeFiles/CMakeDirectoryInformation.cmake
 create mode 100644 _builds/_deps/googletest-build/CMakeFiles/progress.marks
 create mode 100644 _builds/_deps/googletest-build/CTestTestfile.cmake
 create mode 100644 _builds/_deps/googletest-build/Makefile
 create mode 100644 _builds/_deps/googletest-build/cmake_install.cmake
 create mode 100644 _builds/_deps/googletest-build/googlemock/CMakeFiles/CMakeDirectoryInformation.cmake
 create mode 100644 _builds/_deps/googletest-build/googlemock/CMakeFiles/gmock.dir/DependInfo.cmake
 create mode 100644 _builds/_deps/googletest-build/googlemock/CMakeFiles/gmock.dir/build.make
 create mode 100644 _builds/_deps/googletest-build/googlemock/CMakeFiles/gmock.dir/cmake_clean.cmake
 create mode 100644 _builds/_deps/googletest-build/googlemock/CMakeFiles/gmock.dir/cmake_clean_target.cmake
 create mode 100644 _builds/_deps/googletest-build/googlemock/CMakeFiles/gmock.dir/compiler_depend.make
 create mode 100644 _builds/_deps/googletest-build/googlemock/CMakeFiles/gmock.dir/compiler_depend.ts
 create mode 100644 _builds/_deps/googletest-build/googlemock/CMakeFiles/gmock.dir/depend.make
 create mode 100644 _builds/_deps/googletest-build/googlemock/CMakeFiles/gmock.dir/flags.make
 create mode 100644 _builds/_deps/googletest-build/googlemock/CMakeFiles/gmock.dir/link.txt
 create mode 100644 _builds/_deps/googletest-build/googlemock/CMakeFiles/gmock.dir/progress.make
 create mode 100644 _builds/_deps/googletest-build/googlemock/CMakeFiles/gmock.dir/src/gmock-all.cc.o
 create mode 100644 _builds/_deps/googletest-build/googlemock/CMakeFiles/gmock.dir/src/gmock-all.cc.o.d
 create mode 100644 _builds/_deps/googletest-build/googlemock/CMakeFiles/gmock_main.dir/DependInfo.cmake
 create mode 100644 _builds/_deps/googletest-build/googlemock/CMakeFiles/gmock_main.dir/build.make
 create mode 100644 _builds/_deps/googletest-build/googlemock/CMakeFiles/gmock_main.dir/cmake_clean.cmake
 create mode 100644 _builds/_deps/googletest-build/googlemock/CMakeFiles/gmock_main.dir/cmake_clean_target.cmake
 create mode 100644 _builds/_deps/googletest-build/googlemock/CMakeFiles/gmock_main.dir/compiler_depend.make
 create mode 100644 _builds/_deps/googletest-build/googlemock/CMakeFiles/gmock_main.dir/compiler_depend.ts
 create mode 100644 _builds/_deps/googletest-build/googlemock/CMakeFiles/gmock_main.dir/depend.make
 create mode 100644 _builds/_deps/googletest-build/googlemock/CMakeFiles/gmock_main.dir/flags.make
 create mode 100644 _builds/_deps/googletest-build/googlemock/CMakeFiles/gmock_main.dir/link.txt
 create mode 100644 _builds/_deps/googletest-build/googlemock/CMakeFiles/gmock_main.dir/progress.make
 create mode 100644 _builds/_deps/googletest-build/googlemock/CMakeFiles/gmock_main.dir/src/gmock_main.cc.o
 create mode 100644 _builds/_deps/googletest-build/googlemock/CMakeFiles/gmock_main.dir/src/gmock_main.cc.o.d
 create mode 100644 _builds/_deps/googletest-build/googlemock/CMakeFiles/progress.marks
 create mode 100644 _builds/_deps/googletest-build/googlemock/CTestTestfile.cmake
 create mode 100644 _builds/_deps/googletest-build/googlemock/Makefile
 create mode 100644 _builds/_deps/googletest-build/googlemock/cmake_install.cmake
 create mode 100644 _builds/_deps/googletest-build/googletest/CMakeFiles/CMakeDirectoryInformation.cmake
 create mode 100644 _builds/_deps/googletest-build/googletest/CMakeFiles/Export/0c08b8e77dd885bfe55a19a9659d9fc1/GTestTargets-noconfig.cmake
 create mode 100644 _builds/_deps/googletest-build/googletest/CMakeFiles/Export/0c08b8e77dd885bfe55a19a9659d9fc1/GTestTargets.cmake
 create mode 100644 _builds/_deps/googletest-build/googletest/CMakeFiles/gtest.dir/DependInfo.cmake
 create mode 100644 _builds/_deps/googletest-build/googletest/CMakeFiles/gtest.dir/build.make
 create mode 100644 _builds/_deps/googletest-build/googletest/CMakeFiles/gtest.dir/cmake_clean.cmake
 create mode 100644 _builds/_deps/googletest-build/googletest/CMakeFiles/gtest.dir/cmake_clean_target.cmake
 create mode 100644 _builds/_deps/googletest-build/googletest/CMakeFiles/gtest.dir/compiler_depend.make
 create mode 100644 _builds/_deps/googletest-build/googletest/CMakeFiles/gtest.dir/compiler_depend.ts
 create mode 100644 _builds/_deps/googletest-build/googletest/CMakeFiles/gtest.dir/depend.make
 create mode 100644 _builds/_deps/googletest-build/googletest/CMakeFiles/gtest.dir/flags.make
 create mode 100644 _builds/_deps/googletest-build/googletest/CMakeFiles/gtest.dir/link.txt
 create mode 100644 _builds/_deps/googletest-build/googletest/CMakeFiles/gtest.dir/progress.make
 create mode 100644 _builds/_deps/googletest-build/googletest/CMakeFiles/gtest.dir/src/gtest-all.cc.o
 create mode 100644 _builds/_deps/googletest-build/googletest/CMakeFiles/gtest.dir/src/gtest-all.cc.o.d
 create mode 100644 _builds/_deps/googletest-build/googletest/CMakeFiles/gtest_main.dir/DependInfo.cmake
 create mode 100644 _builds/_deps/googletest-build/googletest/CMakeFiles/gtest_main.dir/build.make
 create mode 100644 _builds/_deps/googletest-build/googletest/CMakeFiles/gtest_main.dir/cmake_clean.cmake
 create mode 100644 _builds/_deps/googletest-build/googletest/CMakeFiles/gtest_main.dir/cmake_clean_target.cmake
 create mode 100644 _builds/_deps/googletest-build/googletest/CMakeFiles/gtest_main.dir/compiler_depend.make
 create mode 100644 _builds/_deps/googletest-build/googletest/CMakeFiles/gtest_main.dir/compiler_depend.ts
 create mode 100644 _builds/_deps/googletest-build/googletest/CMakeFiles/gtest_main.dir/depend.make
 create mode 100644 _builds/_deps/googletest-build/googletest/CMakeFiles/gtest_main.dir/flags.make
 create mode 100644 _builds/_deps/googletest-build/googletest/CMakeFiles/gtest_main.dir/link.txt
 create mode 100644 _builds/_deps/googletest-build/googletest/CMakeFiles/gtest_main.dir/progress.make
 create mode 100644 _builds/_deps/googletest-build/googletest/CMakeFiles/gtest_main.dir/src/gtest_main.cc.o
 create mode 100644 _builds/_deps/googletest-build/googletest/CMakeFiles/gtest_main.dir/src/gtest_main.cc.o.d
 create mode 100644 _builds/_deps/googletest-build/googletest/CMakeFiles/progress.marks
 create mode 100644 _builds/_deps/googletest-build/googletest/CTestTestfile.cmake
 create mode 100644 _builds/_deps/googletest-build/googletest/Makefile
 create mode 100644 _builds/_deps/googletest-build/googletest/cmake_install.cmake
 create mode 100644 _builds/_deps/googletest-build/googletest/generated/GTestConfig.cmake
 create mode 100644 _builds/_deps/googletest-build/googletest/generated/GTestConfigVersion.cmake
 create mode 100644 _builds/_deps/googletest-build/googletest/generated/gmock.pc
 create mode 100644 _builds/_deps/googletest-build/googletest/generated/gmock_main.pc
 create mode 100644 _builds/_deps/googletest-build/googletest/generated/gtest.pc
 create mode 100644 _builds/_deps/googletest-build/googletest/generated/gtest_main.pc
 create mode 160000 _builds/_deps/googletest-src
 create mode 100644 _builds/_deps/googletest-subbuild/CMakeCache.txt
 create mode 100644 _builds/_deps/googletest-subbuild/CMakeFiles/3.28.3/CMakeSystem.cmake
 create mode 100644 _builds/_deps/googletest-subbuild/CMakeFiles/CMakeConfigureLog.yaml
 create mode 100644 _builds/_deps/googletest-subbuild/CMakeFiles/CMakeDirectoryInformation.cmake
 create mode 100644 _builds/_deps/googletest-subbuild/CMakeFiles/CMakeRuleHashes.txt
 create mode 100644 _builds/_deps/googletest-subbuild/CMakeFiles/Makefile.cmake
 create mode 100644 _builds/_deps/googletest-subbuild/CMakeFiles/Makefile2
 create mode 100644 _builds/_deps/googletest-subbuild/CMakeFiles/TargetDirectories.txt
 create mode 100644 _builds/_deps/googletest-subbuild/CMakeFiles/cmake.check_cache
 create mode 100644 _builds/_deps/googletest-subbuild/CMakeFiles/googletest-populate-complete
 create mode 100644 _builds/_deps/googletest-subbuild/CMakeFiles/googletest-populate.dir/DependInfo.cmake
 create mode 100644 _builds/_deps/googletest-subbuild/CMakeFiles/googletest-populate.dir/Labels.json
 create mode 100644 _builds/_deps/googletest-subbuild/CMakeFiles/googletest-populate.dir/Labels.txt
 create mode 100644 _builds/_deps/googletest-subbuild/CMakeFiles/googletest-populate.dir/build.make
 create mode 100644 _builds/_deps/googletest-subbuild/CMakeFiles/googletest-populate.dir/cmake_clean.cmake
 create mode 100644 _builds/_deps/googletest-subbuild/CMakeFiles/googletest-populate.dir/compiler_depend.make
 create mode 100644 _builds/_deps/googletest-subbuild/CMakeFiles/googletest-populate.dir/compiler_depend.ts
 create mode 100644 _builds/_deps/googletest-subbuild/CMakeFiles/googletest-populate.dir/progress.make
 create mode 100644 _builds/_deps/googletest-subbuild/CMakeFiles/progress.marks
 create mode 100644 _builds/_deps/googletest-subbuild/CMakeLists.txt
 create mode 100644 _builds/_deps/googletest-subbuild/Makefile
 create mode 100644 _builds/_deps/googletest-subbuild/cmake_install.cmake
 create mode 100644 _builds/_deps/googletest-subbuild/googletest-populate-prefix/src/googletest-populate-stamp/googletest-populate-build
 create mode 100644 _builds/_deps/googletest-subbuild/googletest-populate-prefix/src/googletest-populate-stamp/googletest-populate-configure
 create mode 100644 _builds/_deps/googletest-subbuild/googletest-populate-prefix/src/googletest-populate-stamp/googletest-populate-done
 create mode 100644 _builds/_deps/googletest-subbuild/googletest-populate-prefix/src/googletest-populate-stamp/googletest-populate-download
 create mode 100644 _builds/_deps/googletest-subbuild/googletest-populate-prefix/src/googletest-populate-stamp/googletest-populate-gitclone-lastrun.txt
 create mode 100644 _builds/_deps/googletest-subbuild/googletest-populate-prefix/src/googletest-populate-stamp/googletest-populate-gitinfo.txt
 create mode 100644 _builds/_deps/googletest-subbuild/googletest-populate-prefix/src/googletest-populate-stamp/googletest-populate-install
 create mode 100644 _builds/_deps/googletest-subbuild/googletest-populate-prefix/src/googletest-populate-stamp/googletest-populate-mkdir
 create mode 100644 _builds/_deps/googletest-subbuild/googletest-populate-prefix/src/googletest-populate-stamp/googletest-populate-patch
 create mode 100644 _builds/_deps/googletest-subbuild/googletest-populate-prefix/src/googletest-populate-stamp/googletest-populate-patch-info.txt
 create mode 100644 _builds/_deps/googletest-subbuild/googletest-populate-prefix/src/googletest-populate-stamp/googletest-populate-test
 create mode 100644 _builds/_deps/googletest-subbuild/googletest-populate-prefix/src/googletest-populate-stamp/googletest-populate-update-info.txt
 create mode 100644 _builds/_deps/googletest-subbuild/googletest-populate-prefix/tmp/googletest-populate-cfgcmd.txt
 create mode 100644 _builds/_deps/googletest-subbuild/googletest-populate-prefix/tmp/googletest-populate-gitclone.cmake
 create mode 100644 _builds/_deps/googletest-subbuild/googletest-populate-prefix/tmp/googletest-populate-gitupdate.cmake
 create mode 100644 _builds/_deps/googletest-subbuild/googletest-populate-prefix/tmp/googletest-populate-mkdirs.cmake
 create mode 100755 _builds/check
 create mode 100644 _builds/check[1]_include.cmake
 create mode 100644 _builds/check[1]_tests.cmake
 create mode 100644 _builds/clang-cxx14/CMakeCache.txt
 create mode 100644 _builds/clang-cxx14/CMakeFiles/3.28.3/CMakeCCompiler.cmake
 create mode 100644 _builds/clang-cxx14/CMakeFiles/3.28.3/CMakeCXXCompiler.cmake
 create mode 100755 _builds/clang-cxx14/CMakeFiles/3.28.3/CMakeDetermineCompilerABI_C.bin
 create mode 100755 _builds/clang-cxx14/CMakeFiles/3.28.3/CMakeDetermineCompilerABI_CXX.bin
 create mode 100644 _builds/clang-cxx14/CMakeFiles/3.28.3/CMakeSystem.cmake
 create mode 100644 _builds/clang-cxx14/CMakeFiles/3.28.3/CompilerIdC/CMakeCCompilerId.c
 create mode 100755 _builds/clang-cxx14/CMakeFiles/3.28.3/CompilerIdC/a.out
 create mode 100644 _builds/clang-cxx14/CMakeFiles/3.28.3/CompilerIdCXX/CMakeCXXCompilerId.cpp
 create mode 100755 _builds/clang-cxx14/CMakeFiles/3.28.3/CompilerIdCXX/a.out
 create mode 100644 _builds/clang-cxx14/CMakeFiles/CMakeConfigureLog.yaml
 create mode 100644 _builds/clang-cxx14/CMakeFiles/CMakeDirectoryInformation.cmake
 create mode 100644 _builds/clang-cxx14/CMakeFiles/Makefile.cmake
 create mode 100644 _builds/clang-cxx14/CMakeFiles/Makefile2
 create mode 100644 _builds/clang-cxx14/CMakeFiles/TargetDirectories.txt
 create mode 100644 _builds/clang-cxx14/CMakeFiles/check.dir/DependInfo.cmake
 create mode 100644 _builds/clang-cxx14/CMakeFiles/check.dir/build.make
 create mode 100644 _builds/clang-cxx14/CMakeFiles/check.dir/cmake_clean.cmake
 create mode 100644 _builds/clang-cxx14/CMakeFiles/check.dir/compiler_depend.make
 create mode 100644 _builds/clang-cxx14/CMakeFiles/check.dir/compiler_depend.ts
 create mode 100644 _builds/clang-cxx14/CMakeFiles/check.dir/depend.make
 create mode 100644 _builds/clang-cxx14/CMakeFiles/check.dir/flags.make
 create mode 100644 _builds/clang-cxx14/CMakeFiles/check.dir/link.txt
 create mode 100644 _builds/clang-cxx14/CMakeFiles/check.dir/progress.make
 create mode 100644 _builds/clang-cxx14/CMakeFiles/check.dir/tests/test1.cpp.o
 create mode 100644 _builds/clang-cxx14/CMakeFiles/check.dir/tests/test1.cpp.o.d
 create mode 100644 _builds/clang-cxx14/CMakeFiles/cmake.check_cache
 create mode 100644 _builds/clang-cxx14/CMakeFiles/demo.dir/DependInfo.cmake
 create mode 100644 _builds/clang-cxx14/CMakeFiles/demo.dir/build.make
 create mode 100644 _builds/clang-cxx14/CMakeFiles/demo.dir/cmake_clean.cmake
 create mode 100644 _builds/clang-cxx14/CMakeFiles/demo.dir/compiler_depend.make
 create mode 100644 _builds/clang-cxx14/CMakeFiles/demo.dir/compiler_depend.ts
 create mode 100644 _builds/clang-cxx14/CMakeFiles/demo.dir/demo/main.cpp.o
 create mode 100644 _builds/clang-cxx14/CMakeFiles/demo.dir/demo/main.cpp.o.d
 create mode 100644 _builds/clang-cxx14/CMakeFiles/demo.dir/depend.make
 create mode 100644 _builds/clang-cxx14/CMakeFiles/demo.dir/flags.make
 create mode 100644 _builds/clang-cxx14/CMakeFiles/demo.dir/link.txt
 create mode 100644 _builds/clang-cxx14/CMakeFiles/demo.dir/progress.make
 create mode 100644 _builds/clang-cxx14/CMakeFiles/print.dir/DependInfo.cmake
 create mode 100644 _builds/clang-cxx14/CMakeFiles/print.dir/build.make
 create mode 100644 _builds/clang-cxx14/CMakeFiles/print.dir/cmake_clean.cmake
 create mode 100644 _builds/clang-cxx14/CMakeFiles/print.dir/cmake_clean_target.cmake
 create mode 100644 _builds/clang-cxx14/CMakeFiles/print.dir/compiler_depend.make
 create mode 100644 _builds/clang-cxx14/CMakeFiles/print.dir/compiler_depend.ts
 create mode 100644 _builds/clang-cxx14/CMakeFiles/print.dir/depend.make
 create mode 100644 _builds/clang-cxx14/CMakeFiles/print.dir/flags.make
 create mode 100644 _builds/clang-cxx14/CMakeFiles/print.dir/link.txt
 create mode 100644 _builds/clang-cxx14/CMakeFiles/print.dir/print.cpp.o
 create mode 100644 _builds/clang-cxx14/CMakeFiles/print.dir/print.cpp.o.d
 create mode 100644 _builds/clang-cxx14/CMakeFiles/print.dir/progress.make
 create mode 100644 _builds/clang-cxx14/CMakeFiles/progress.marks
 create mode 100644 _builds/clang-cxx14/CTestTestfile.cmake
 create mode 100644 _builds/clang-cxx14/Makefile
 create mode 100644 _builds/clang-cxx14/_3rdParty/polly/saved-arguments
 create mode 100644 _builds/clang-cxx14/_deps/googletest-build/CMakeFiles/CMakeDirectoryInformation.cmake
 create mode 100644 _builds/clang-cxx14/_deps/googletest-build/CMakeFiles/progress.marks
 create mode 100644 _builds/clang-cxx14/_deps/googletest-build/CTestTestfile.cmake
 create mode 100644 _builds/clang-cxx14/_deps/googletest-build/Makefile
 create mode 100644 _builds/clang-cxx14/_deps/googletest-build/cmake_install.cmake
 create mode 100644 _builds/clang-cxx14/_deps/googletest-build/googlemock/CMakeFiles/CMakeDirectoryInformation.cmake
 create mode 100644 _builds/clang-cxx14/_deps/googletest-build/googlemock/CMakeFiles/gmock.dir/DependInfo.cmake
 create mode 100644 _builds/clang-cxx14/_deps/googletest-build/googlemock/CMakeFiles/gmock.dir/build.make
 create mode 100644 _builds/clang-cxx14/_deps/googletest-build/googlemock/CMakeFiles/gmock.dir/cmake_clean.cmake
 create mode 100644 _builds/clang-cxx14/_deps/googletest-build/googlemock/CMakeFiles/gmock.dir/cmake_clean_target.cmake
 create mode 100644 _builds/clang-cxx14/_deps/googletest-build/googlemock/CMakeFiles/gmock.dir/compiler_depend.make
 create mode 100644 _builds/clang-cxx14/_deps/googletest-build/googlemock/CMakeFiles/gmock.dir/compiler_depend.ts
 create mode 100644 _builds/clang-cxx14/_deps/googletest-build/googlemock/CMakeFiles/gmock.dir/depend.make
 create mode 100644 _builds/clang-cxx14/_deps/googletest-build/googlemock/CMakeFiles/gmock.dir/flags.make
 create mode 100644 _builds/clang-cxx14/_deps/googletest-build/googlemock/CMakeFiles/gmock.dir/link.txt
 create mode 100644 _builds/clang-cxx14/_deps/googletest-build/googlemock/CMakeFiles/gmock.dir/progress.make
 create mode 100644 _builds/clang-cxx14/_deps/googletest-build/googlemock/CMakeFiles/gmock.dir/src/gmock-all.cc.o
 create mode 100644 _builds/clang-cxx14/_deps/googletest-build/googlemock/CMakeFiles/gmock.dir/src/gmock-all.cc.o.d
 create mode 100644 _builds/clang-cxx14/_deps/googletest-build/googlemock/CMakeFiles/gmock_main.dir/DependInfo.cmake
 create mode 100644 _builds/clang-cxx14/_deps/googletest-build/googlemock/CMakeFiles/gmock_main.dir/build.make
 create mode 100644 _builds/clang-cxx14/_deps/googletest-build/googlemock/CMakeFiles/gmock_main.dir/cmake_clean.cmake
 create mode 100644 _builds/clang-cxx14/_deps/googletest-build/googlemock/CMakeFiles/gmock_main.dir/cmake_clean_target.cmake
 create mode 100644 _builds/clang-cxx14/_deps/googletest-build/googlemock/CMakeFiles/gmock_main.dir/compiler_depend.make
 create mode 100644 _builds/clang-cxx14/_deps/googletest-build/googlemock/CMakeFiles/gmock_main.dir/compiler_depend.ts
 create mode 100644 _builds/clang-cxx14/_deps/googletest-build/googlemock/CMakeFiles/gmock_main.dir/depend.make
 create mode 100644 _builds/clang-cxx14/_deps/googletest-build/googlemock/CMakeFiles/gmock_main.dir/flags.make
 create mode 100644 _builds/clang-cxx14/_deps/googletest-build/googlemock/CMakeFiles/gmock_main.dir/link.txt
 create mode 100644 _builds/clang-cxx14/_deps/googletest-build/googlemock/CMakeFiles/gmock_main.dir/progress.make
 create mode 100644 _builds/clang-cxx14/_deps/googletest-build/googlemock/CMakeFiles/gmock_main.dir/src/gmock_main.cc.o
 create mode 100644 _builds/clang-cxx14/_deps/googletest-build/googlemock/CMakeFiles/gmock_main.dir/src/gmock_main.cc.o.d
 create mode 100644 _builds/clang-cxx14/_deps/googletest-build/googlemock/CMakeFiles/progress.marks
 create mode 100644 _builds/clang-cxx14/_deps/googletest-build/googlemock/CTestTestfile.cmake
 create mode 100644 _builds/clang-cxx14/_deps/googletest-build/googlemock/Makefile
 create mode 100644 _builds/clang-cxx14/_deps/googletest-build/googlemock/cmake_install.cmake
 create mode 100644 _builds/clang-cxx14/_deps/googletest-build/googletest/CMakeFiles/CMakeDirectoryInformation.cmake
 create mode 100644 _builds/clang-cxx14/_deps/googletest-build/googletest/CMakeFiles/Export/0c08b8e77dd885bfe55a19a9659d9fc1/GTestTargets-noconfig.cmake
 create mode 100644 _builds/clang-cxx14/_deps/googletest-build/googletest/CMakeFiles/Export/0c08b8e77dd885bfe55a19a9659d9fc1/GTestTargets.cmake
 create mode 100644 _builds/clang-cxx14/_deps/googletest-build/googletest/CMakeFiles/gtest.dir/DependInfo.cmake
 create mode 100644 _builds/clang-cxx14/_deps/googletest-build/googletest/CMakeFiles/gtest.dir/build.make
 create mode 100644 _builds/clang-cxx14/_deps/googletest-build/googletest/CMakeFiles/gtest.dir/cmake_clean.cmake
 create mode 100644 _builds/clang-cxx14/_deps/googletest-build/googletest/CMakeFiles/gtest.dir/cmake_clean_target.cmake
 create mode 100644 _builds/clang-cxx14/_deps/googletest-build/googletest/CMakeFiles/gtest.dir/compiler_depend.make
 create mode 100644 _builds/clang-cxx14/_deps/googletest-build/googletest/CMakeFiles/gtest.dir/compiler_depend.ts
 create mode 100644 _builds/clang-cxx14/_deps/googletest-build/googletest/CMakeFiles/gtest.dir/depend.make
 create mode 100644 _builds/clang-cxx14/_deps/googletest-build/googletest/CMakeFiles/gtest.dir/flags.make
 create mode 100644 _builds/clang-cxx14/_deps/googletest-build/googletest/CMakeFiles/gtest.dir/link.txt
 create mode 100644 _builds/clang-cxx14/_deps/googletest-build/googletest/CMakeFiles/gtest.dir/progress.make
 create mode 100644 _builds/clang-cxx14/_deps/googletest-build/googletest/CMakeFiles/gtest.dir/src/gtest-all.cc.o
 create mode 100644 _builds/clang-cxx14/_deps/googletest-build/googletest/CMakeFiles/gtest.dir/src/gtest-all.cc.o.d
 create mode 100644 _builds/clang-cxx14/_deps/googletest-build/googletest/CMakeFiles/gtest_main.dir/DependInfo.cmake
 create mode 100644 _builds/clang-cxx14/_deps/googletest-build/googletest/CMakeFiles/gtest_main.dir/build.make
 create mode 100644 _builds/clang-cxx14/_deps/googletest-build/googletest/CMakeFiles/gtest_main.dir/cmake_clean.cmake
 create mode 100644 _builds/clang-cxx14/_deps/googletest-build/googletest/CMakeFiles/gtest_main.dir/cmake_clean_target.cmake
 create mode 100644 _builds/clang-cxx14/_deps/googletest-build/googletest/CMakeFiles/gtest_main.dir/compiler_depend.make
 create mode 100644 _builds/clang-cxx14/_deps/googletest-build/googletest/CMakeFiles/gtest_main.dir/compiler_depend.ts
 create mode 100644 _builds/clang-cxx14/_deps/googletest-build/googletest/CMakeFiles/gtest_main.dir/depend.make
 create mode 100644 _builds/clang-cxx14/_deps/googletest-build/googletest/CMakeFiles/gtest_main.dir/flags.make
 create mode 100644 _builds/clang-cxx14/_deps/googletest-build/googletest/CMakeFiles/gtest_main.dir/link.txt
 create mode 100644 _builds/clang-cxx14/_deps/googletest-build/googletest/CMakeFiles/gtest_main.dir/progress.make
 create mode 100644 _builds/clang-cxx14/_deps/googletest-build/googletest/CMakeFiles/gtest_main.dir/src/gtest_main.cc.o
 create mode 100644 _builds/clang-cxx14/_deps/googletest-build/googletest/CMakeFiles/gtest_main.dir/src/gtest_main.cc.o.d
 create mode 100644 _builds/clang-cxx14/_deps/googletest-build/googletest/CMakeFiles/progress.marks
 create mode 100644 _builds/clang-cxx14/_deps/googletest-build/googletest/CTestTestfile.cmake
 create mode 100644 _builds/clang-cxx14/_deps/googletest-build/googletest/Makefile
 create mode 100644 _builds/clang-cxx14/_deps/googletest-build/googletest/cmake_install.cmake
 create mode 100644 _builds/clang-cxx14/_deps/googletest-build/googletest/generated/GTestConfig.cmake
 create mode 100644 _builds/clang-cxx14/_deps/googletest-build/googletest/generated/GTestConfigVersion.cmake
 create mode 100644 _builds/clang-cxx14/_deps/googletest-build/googletest/generated/gmock.pc
 create mode 100644 _builds/clang-cxx14/_deps/googletest-build/googletest/generated/gmock_main.pc
 create mode 100644 _builds/clang-cxx14/_deps/googletest-build/googletest/generated/gtest.pc
 create mode 100644 _builds/clang-cxx14/_deps/googletest-build/googletest/generated/gtest_main.pc
 create mode 160000 _builds/clang-cxx14/_deps/googletest-src
 create mode 100644 _builds/clang-cxx14/_deps/googletest-subbuild/CMakeCache.txt
 create mode 100644 _builds/clang-cxx14/_deps/googletest-subbuild/CMakeFiles/3.28.3/CMakeSystem.cmake
 create mode 100644 _builds/clang-cxx14/_deps/googletest-subbuild/CMakeFiles/CMakeConfigureLog.yaml
 create mode 100644 _builds/clang-cxx14/_deps/googletest-subbuild/CMakeFiles/CMakeDirectoryInformation.cmake
 create mode 100644 _builds/clang-cxx14/_deps/googletest-subbuild/CMakeFiles/CMakeRuleHashes.txt
 create mode 100644 _builds/clang-cxx14/_deps/googletest-subbuild/CMakeFiles/Makefile.cmake
 create mode 100644 _builds/clang-cxx14/_deps/googletest-subbuild/CMakeFiles/Makefile2
 create mode 100644 _builds/clang-cxx14/_deps/googletest-subbuild/CMakeFiles/TargetDirectories.txt
 create mode 100644 _builds/clang-cxx14/_deps/googletest-subbuild/CMakeFiles/cmake.check_cache
 create mode 100644 _builds/clang-cxx14/_deps/googletest-subbuild/CMakeFiles/googletest-populate-complete
 create mode 100644 _builds/clang-cxx14/_deps/googletest-subbuild/CMakeFiles/googletest-populate.dir/DependInfo.cmake
 create mode 100644 _builds/clang-cxx14/_deps/googletest-subbuild/CMakeFiles/googletest-populate.dir/Labels.json
 create mode 100644 _builds/clang-cxx14/_deps/googletest-subbuild/CMakeFiles/googletest-populate.dir/Labels.txt
 create mode 100644 _builds/clang-cxx14/_deps/googletest-subbuild/CMakeFiles/googletest-populate.dir/build.make
 create mode 100644 _builds/clang-cxx14/_deps/googletest-subbuild/CMakeFiles/googletest-populate.dir/cmake_clean.cmake
 create mode 100644 _builds/clang-cxx14/_deps/googletest-subbuild/CMakeFiles/googletest-populate.dir/compiler_depend.make
 create mode 100644 _builds/clang-cxx14/_deps/googletest-subbuild/CMakeFiles/googletest-populate.dir/compiler_depend.ts
 create mode 100644 _builds/clang-cxx14/_deps/googletest-subbuild/CMakeFiles/googletest-populate.dir/progress.make
 create mode 100644 _builds/clang-cxx14/_deps/googletest-subbuild/CMakeFiles/progress.marks
 create mode 100644 _builds/clang-cxx14/_deps/googletest-subbuild/CMakeLists.txt
 create mode 100644 _builds/clang-cxx14/_deps/googletest-subbuild/Makefile
 create mode 100644 _builds/clang-cxx14/_deps/googletest-subbuild/cmake_install.cmake
 create mode 100644 _builds/clang-cxx14/_deps/googletest-subbuild/googletest-populate-prefix/src/googletest-populate-stamp/googletest-populate-build
 create mode 100644 _builds/clang-cxx14/_deps/googletest-subbuild/googletest-populate-prefix/src/googletest-populate-stamp/googletest-populate-configure
 create mode 100644 _builds/clang-cxx14/_deps/googletest-subbuild/googletest-populate-prefix/src/googletest-populate-stamp/googletest-populate-done
 create mode 100644 _builds/clang-cxx14/_deps/googletest-subbuild/googletest-populate-prefix/src/googletest-populate-stamp/googletest-populate-download
 create mode 100644 _builds/clang-cxx14/_deps/googletest-subbuild/googletest-populate-prefix/src/googletest-populate-stamp/googletest-populate-gitclone-lastrun.txt
 create mode 100644 _builds/clang-cxx14/_deps/googletest-subbuild/googletest-populate-prefix/src/googletest-populate-stamp/googletest-populate-gitinfo.txt
 create mode 100644 _builds/clang-cxx14/_deps/googletest-subbuild/googletest-populate-prefix/src/googletest-populate-stamp/googletest-populate-install
 create mode 100644 _builds/clang-cxx14/_deps/googletest-subbuild/googletest-populate-prefix/src/googletest-populate-stamp/googletest-populate-mkdir
 create mode 100644 _builds/clang-cxx14/_deps/googletest-subbuild/googletest-populate-prefix/src/googletest-populate-stamp/googletest-populate-patch
 create mode 100644 _builds/clang-cxx14/_deps/googletest-subbuild/googletest-populate-prefix/src/googletest-populate-stamp/googletest-populate-patch-info.txt
 create mode 100644 _builds/clang-cxx14/_deps/googletest-subbuild/googletest-populate-prefix/src/googletest-populate-stamp/googletest-populate-test
 create mode 100644 _builds/clang-cxx14/_deps/googletest-subbuild/googletest-populate-prefix/src/googletest-populate-stamp/googletest-populate-update-info.txt
 create mode 100644 _builds/clang-cxx14/_deps/googletest-subbuild/googletest-populate-prefix/tmp/googletest-populate-cfgcmd.txt
 create mode 100644 _builds/clang-cxx14/_deps/googletest-subbuild/googletest-populate-prefix/tmp/googletest-populate-gitclone.cmake
 create mode 100644 _builds/clang-cxx14/_deps/googletest-subbuild/googletest-populate-prefix/tmp/googletest-populate-gitupdate.cmake
 create mode 100644 _builds/clang-cxx14/_deps/googletest-subbuild/googletest-populate-prefix/tmp/googletest-populate-mkdirs.cmake
 create mode 100755 _builds/clang-cxx14/check
 create mode 100644 _builds/clang-cxx14/check[1]_include.cmake
 create mode 100644 _builds/clang-cxx14/check[1]_tests.cmake
 create mode 100644 _builds/clang-cxx14/cmake_install.cmake
 create mode 100755 _builds/clang-cxx14/demo
 create mode 100644 _builds/clang-cxx14/lib/libgmock.a
 create mode 100644 _builds/clang-cxx14/lib/libgmock_main.a
 create mode 100644 _builds/clang-cxx14/lib/libgtest.a
 create mode 100644 _builds/clang-cxx14/lib/libgtest_main.a
 create mode 100644 _builds/clang-cxx14/libprint.a
 create mode 100644 _builds/cmake_install.cmake
 create mode 100644 _builds/default/CMakeCache.txt
 create mode 100644 _builds/default/CMakeFiles/3.28.3/CMakeCCompiler.cmake
 create mode 100644 _builds/default/CMakeFiles/3.28.3/CMakeCXXCompiler.cmake
 create mode 100755 _builds/default/CMakeFiles/3.28.3/CMakeDetermineCompilerABI_C.bin
 create mode 100755 _builds/default/CMakeFiles/3.28.3/CMakeDetermineCompilerABI_CXX.bin
 create mode 100644 _builds/default/CMakeFiles/3.28.3/CMakeSystem.cmake
 create mode 100644 _builds/default/CMakeFiles/3.28.3/CompilerIdC/CMakeCCompilerId.c
 create mode 100755 _builds/default/CMakeFiles/3.28.3/CompilerIdC/a.out
 create mode 100644 _builds/default/CMakeFiles/3.28.3/CompilerIdCXX/CMakeCXXCompilerId.cpp
 create mode 100755 _builds/default/CMakeFiles/3.28.3/CompilerIdCXX/a.out
 create mode 100644 _builds/default/CMakeFiles/CMakeConfigureLog.yaml
 create mode 100644 _builds/default/CMakeFiles/CMakeDirectoryInformation.cmake
 create mode 100644 _builds/default/CMakeFiles/Makefile.cmake
 create mode 100644 _builds/default/CMakeFiles/Makefile2
 create mode 100644 _builds/default/CMakeFiles/Progress/1
 create mode 100644 _builds/default/CMakeFiles/Progress/10
 create mode 100644 _builds/default/CMakeFiles/Progress/11
 create mode 100644 _builds/default/CMakeFiles/Progress/12
 create mode 100644 _builds/default/CMakeFiles/Progress/13
 create mode 100644 _builds/default/CMakeFiles/Progress/14
 create mode 100644 _builds/default/CMakeFiles/Progress/2
 create mode 100644 _builds/default/CMakeFiles/Progress/3
 create mode 100644 _builds/default/CMakeFiles/Progress/9
 create mode 100644 _builds/default/CMakeFiles/Progress/count.txt
 create mode 100644 _builds/default/CMakeFiles/TargetDirectories.txt
 create mode 100644 _builds/default/CMakeFiles/check.dir/DependInfo.cmake
 create mode 100644 _builds/default/CMakeFiles/check.dir/build.make
 create mode 100644 _builds/default/CMakeFiles/check.dir/cmake_clean.cmake
 create mode 100644 _builds/default/CMakeFiles/check.dir/compiler_depend.make
 create mode 100644 _builds/default/CMakeFiles/check.dir/compiler_depend.ts
 create mode 100644 _builds/default/CMakeFiles/check.dir/depend.make
 create mode 100644 _builds/default/CMakeFiles/check.dir/flags.make
 create mode 100644 _builds/default/CMakeFiles/check.dir/link.txt
 create mode 100644 _builds/default/CMakeFiles/check.dir/progress.make
 create mode 100644 _builds/default/CMakeFiles/check.dir/tests/test1.cpp.o
 create mode 100644 _builds/default/CMakeFiles/check.dir/tests/test1.cpp.o.d
 create mode 100644 _builds/default/CMakeFiles/cmake.check_cache
 create mode 100644 _builds/default/CMakeFiles/demo.dir/DependInfo.cmake
 create mode 100644 _builds/default/CMakeFiles/demo.dir/build.make
 create mode 100644 _builds/default/CMakeFiles/demo.dir/cmake_clean.cmake
 create mode 100644 _builds/default/CMakeFiles/demo.dir/compiler_depend.make
 create mode 100644 _builds/default/CMakeFiles/demo.dir/compiler_depend.ts
 create mode 100644 _builds/default/CMakeFiles/demo.dir/demo/main.cpp.o.d
 create mode 100644 _builds/default/CMakeFiles/demo.dir/depend.make
 create mode 100644 _builds/default/CMakeFiles/demo.dir/flags.make
 create mode 100644 _builds/default/CMakeFiles/demo.dir/link.txt
 create mode 100644 _builds/default/CMakeFiles/demo.dir/progress.make
 create mode 100644 _builds/default/CMakeFiles/print.dir/DependInfo.cmake
 create mode 100644 _builds/default/CMakeFiles/print.dir/build.make
 create mode 100644 _builds/default/CMakeFiles/print.dir/cmake_clean.cmake
 create mode 100644 _builds/default/CMakeFiles/print.dir/cmake_clean_target.cmake
 create mode 100644 _builds/default/CMakeFiles/print.dir/compiler_depend.make
 create mode 100644 _builds/default/CMakeFiles/print.dir/compiler_depend.ts
 create mode 100644 _builds/default/CMakeFiles/print.dir/depend.make
 create mode 100644 _builds/default/CMakeFiles/print.dir/flags.make
 create mode 100644 _builds/default/CMakeFiles/print.dir/link.txt
 create mode 100644 _builds/default/CMakeFiles/print.dir/print.cpp.o
 create mode 100644 _builds/default/CMakeFiles/print.dir/print.cpp.o.d
 create mode 100644 _builds/default/CMakeFiles/print.dir/progress.make
 create mode 100644 _builds/default/CMakeFiles/progress.marks
 create mode 100644 _builds/default/CTestTestfile.cmake
 create mode 100644 _builds/default/Makefile
 create mode 100644 _builds/default/_3rdParty/polly/saved-arguments
 create mode 100644 _builds/default/_deps/googletest-build/CMakeFiles/CMakeDirectoryInformation.cmake
 create mode 100644 _builds/default/_deps/googletest-build/CMakeFiles/progress.marks
 create mode 100644 _builds/default/_deps/googletest-build/CTestTestfile.cmake
 create mode 100644 _builds/default/_deps/googletest-build/Makefile
 create mode 100644 _builds/default/_deps/googletest-build/cmake_install.cmake
 create mode 100644 _builds/default/_deps/googletest-build/googlemock/CMakeFiles/CMakeDirectoryInformation.cmake
 create mode 100644 _builds/default/_deps/googletest-build/googlemock/CMakeFiles/gmock.dir/DependInfo.cmake
 create mode 100644 _builds/default/_deps/googletest-build/googlemock/CMakeFiles/gmock.dir/build.make
 create mode 100644 _builds/default/_deps/googletest-build/googlemock/CMakeFiles/gmock.dir/cmake_clean.cmake
 create mode 100644 _builds/default/_deps/googletest-build/googlemock/CMakeFiles/gmock.dir/cmake_clean_target.cmake
 create mode 100644 _builds/default/_deps/googletest-build/googlemock/CMakeFiles/gmock.dir/compiler_depend.make
 create mode 100644 _builds/default/_deps/googletest-build/googlemock/CMakeFiles/gmock.dir/compiler_depend.ts
 create mode 100644 _builds/default/_deps/googletest-build/googlemock/CMakeFiles/gmock.dir/depend.make
 create mode 100644 _builds/default/_deps/googletest-build/googlemock/CMakeFiles/gmock.dir/flags.make
 create mode 100644 _builds/default/_deps/googletest-build/googlemock/CMakeFiles/gmock.dir/link.txt
 create mode 100644 _builds/default/_deps/googletest-build/googlemock/CMakeFiles/gmock.dir/progress.make
 create mode 100644 _builds/default/_deps/googletest-build/googlemock/CMakeFiles/gmock_main.dir/DependInfo.cmake
 create mode 100644 _builds/default/_deps/googletest-build/googlemock/CMakeFiles/gmock_main.dir/build.make
 create mode 100644 _builds/default/_deps/googletest-build/googlemock/CMakeFiles/gmock_main.dir/cmake_clean.cmake
 create mode 100644 _builds/default/_deps/googletest-build/googlemock/CMakeFiles/gmock_main.dir/cmake_clean_target.cmake
 create mode 100644 _builds/default/_deps/googletest-build/googlemock/CMakeFiles/gmock_main.dir/compiler_depend.make
 create mode 100644 _builds/default/_deps/googletest-build/googlemock/CMakeFiles/gmock_main.dir/compiler_depend.ts
 create mode 100644 _builds/default/_deps/googletest-build/googlemock/CMakeFiles/gmock_main.dir/depend.make
 create mode 100644 _builds/default/_deps/googletest-build/googlemock/CMakeFiles/gmock_main.dir/flags.make
 create mode 100644 _builds/default/_deps/googletest-build/googlemock/CMakeFiles/gmock_main.dir/link.txt
 create mode 100644 _builds/default/_deps/googletest-build/googlemock/CMakeFiles/gmock_main.dir/progress.make
 create mode 100644 _builds/default/_deps/googletest-build/googlemock/CMakeFiles/progress.marks
 create mode 100644 _builds/default/_deps/googletest-build/googlemock/CTestTestfile.cmake
 create mode 100644 _builds/default/_deps/googletest-build/googlemock/Makefile
 create mode 100644 _builds/default/_deps/googletest-build/googlemock/cmake_install.cmake
 create mode 100644 _builds/default/_deps/googletest-build/googletest/CMakeFiles/CMakeDirectoryInformation.cmake
 create mode 100644 _builds/default/_deps/googletest-build/googletest/CMakeFiles/Export/0c08b8e77dd885bfe55a19a9659d9fc1/GTestTargets-noconfig.cmake
 create mode 100644 _builds/default/_deps/googletest-build/googletest/CMakeFiles/Export/0c08b8e77dd885bfe55a19a9659d9fc1/GTestTargets.cmake
 create mode 100644 _builds/default/_deps/googletest-build/googletest/CMakeFiles/gtest.dir/DependInfo.cmake
 create mode 100644 _builds/default/_deps/googletest-build/googletest/CMakeFiles/gtest.dir/build.make
 create mode 100644 _builds/default/_deps/googletest-build/googletest/CMakeFiles/gtest.dir/cmake_clean.cmake
 create mode 100644 _builds/default/_deps/googletest-build/googletest/CMakeFiles/gtest.dir/cmake_clean_target.cmake
 create mode 100644 _builds/default/_deps/googletest-build/googletest/CMakeFiles/gtest.dir/compiler_depend.make
 create mode 100644 _builds/default/_deps/googletest-build/googletest/CMakeFiles/gtest.dir/compiler_depend.ts
 create mode 100644 _builds/default/_deps/googletest-build/googletest/CMakeFiles/gtest.dir/depend.make
 create mode 100644 _builds/default/_deps/googletest-build/googletest/CMakeFiles/gtest.dir/flags.make
 create mode 100644 _builds/default/_deps/googletest-build/googletest/CMakeFiles/gtest.dir/link.txt
 create mode 100644 _builds/default/_deps/googletest-build/googletest/CMakeFiles/gtest.dir/progress.make
 create mode 100644 _builds/default/_deps/googletest-build/googletest/CMakeFiles/gtest.dir/src/gtest-all.cc.o
 create mode 100644 _builds/default/_deps/googletest-build/googletest/CMakeFiles/gtest.dir/src/gtest-all.cc.o.d
 create mode 100644 _builds/default/_deps/googletest-build/googletest/CMakeFiles/gtest_main.dir/DependInfo.cmake
 create mode 100644 _builds/default/_deps/googletest-build/googletest/CMakeFiles/gtest_main.dir/build.make
 create mode 100644 _builds/default/_deps/googletest-build/googletest/CMakeFiles/gtest_main.dir/cmake_clean.cmake
 create mode 100644 _builds/default/_deps/googletest-build/googletest/CMakeFiles/gtest_main.dir/cmake_clean_target.cmake
 create mode 100644 _builds/default/_deps/googletest-build/googletest/CMakeFiles/gtest_main.dir/compiler_depend.make
 create mode 100644 _builds/default/_deps/googletest-build/googletest/CMakeFiles/gtest_main.dir/compiler_depend.ts
 create mode 100644 _builds/default/_deps/googletest-build/googletest/CMakeFiles/gtest_main.dir/depend.make
 create mode 100644 _builds/default/_deps/googletest-build/googletest/CMakeFiles/gtest_main.dir/flags.make
 create mode 100644 _builds/default/_deps/googletest-build/googletest/CMakeFiles/gtest_main.dir/link.txt
 create mode 100644 _builds/default/_deps/googletest-build/googletest/CMakeFiles/gtest_main.dir/progress.make
 create mode 100644 _builds/default/_deps/googletest-build/googletest/CMakeFiles/gtest_main.dir/src/gtest_main.cc.o
 create mode 100644 _builds/default/_deps/googletest-build/googletest/CMakeFiles/gtest_main.dir/src/gtest_main.cc.o.d
 create mode 100644 _builds/default/_deps/googletest-build/googletest/CMakeFiles/progress.marks
 create mode 100644 _builds/default/_deps/googletest-build/googletest/CTestTestfile.cmake
 create mode 100644 _builds/default/_deps/googletest-build/googletest/Makefile
 create mode 100644 _builds/default/_deps/googletest-build/googletest/cmake_install.cmake
 create mode 100644 _builds/default/_deps/googletest-build/googletest/generated/GTestConfig.cmake
 create mode 100644 _builds/default/_deps/googletest-build/googletest/generated/GTestConfigVersion.cmake
 create mode 100644 _builds/default/_deps/googletest-build/googletest/generated/gmock.pc
 create mode 100644 _builds/default/_deps/googletest-build/googletest/generated/gmock_main.pc
 create mode 100644 _builds/default/_deps/googletest-build/googletest/generated/gtest.pc
 create mode 100644 _builds/default/_deps/googletest-build/googletest/generated/gtest_main.pc
 create mode 160000 _builds/default/_deps/googletest-src
 create mode 100644 _builds/default/_deps/googletest-subbuild/CMakeCache.txt
 create mode 100644 _builds/default/_deps/googletest-subbuild/CMakeFiles/3.28.3/CMakeSystem.cmake
 create mode 100644 _builds/default/_deps/googletest-subbuild/CMakeFiles/CMakeConfigureLog.yaml
 create mode 100644 _builds/default/_deps/googletest-subbuild/CMakeFiles/CMakeDirectoryInformation.cmake
 create mode 100644 _builds/default/_deps/googletest-subbuild/CMakeFiles/CMakeRuleHashes.txt
 create mode 100644 _builds/default/_deps/googletest-subbuild/CMakeFiles/Makefile.cmake
 create mode 100644 _builds/default/_deps/googletest-subbuild/CMakeFiles/Makefile2
 create mode 100644 _builds/default/_deps/googletest-subbuild/CMakeFiles/TargetDirectories.txt
 create mode 100644 _builds/default/_deps/googletest-subbuild/CMakeFiles/cmake.check_cache
 create mode 100644 _builds/default/_deps/googletest-subbuild/CMakeFiles/googletest-populate-complete
 create mode 100644 _builds/default/_deps/googletest-subbuild/CMakeFiles/googletest-populate.dir/DependInfo.cmake
 create mode 100644 _builds/default/_deps/googletest-subbuild/CMakeFiles/googletest-populate.dir/Labels.json
 create mode 100644 _builds/default/_deps/googletest-subbuild/CMakeFiles/googletest-populate.dir/Labels.txt
 create mode 100644 _builds/default/_deps/googletest-subbuild/CMakeFiles/googletest-populate.dir/build.make
 create mode 100644 _builds/default/_deps/googletest-subbuild/CMakeFiles/googletest-populate.dir/cmake_clean.cmake
 create mode 100644 _builds/default/_deps/googletest-subbuild/CMakeFiles/googletest-populate.dir/compiler_depend.make
 create mode 100644 _builds/default/_deps/googletest-subbuild/CMakeFiles/googletest-populate.dir/compiler_depend.ts
 create mode 100644 _builds/default/_deps/googletest-subbuild/CMakeFiles/googletest-populate.dir/progress.make
 create mode 100644 _builds/default/_deps/googletest-subbuild/CMakeFiles/progress.marks
 create mode 100644 _builds/default/_deps/googletest-subbuild/CMakeLists.txt
 create mode 100644 _builds/default/_deps/googletest-subbuild/Makefile
 create mode 100644 _builds/default/_deps/googletest-subbuild/cmake_install.cmake
 create mode 100644 _builds/default/_deps/googletest-subbuild/googletest-populate-prefix/src/googletest-populate-stamp/googletest-populate-build
 create mode 100644 _builds/default/_deps/googletest-subbuild/googletest-populate-prefix/src/googletest-populate-stamp/googletest-populate-configure
 create mode 100644 _builds/default/_deps/googletest-subbuild/googletest-populate-prefix/src/googletest-populate-stamp/googletest-populate-done
 create mode 100644 _builds/default/_deps/googletest-subbuild/googletest-populate-prefix/src/googletest-populate-stamp/googletest-populate-download
 create mode 100644 _builds/default/_deps/googletest-subbuild/googletest-populate-prefix/src/googletest-populate-stamp/googletest-populate-gitclone-lastrun.txt
 create mode 100644 _builds/default/_deps/googletest-subbuild/googletest-populate-prefix/src/googletest-populate-stamp/googletest-populate-gitinfo.txt
 create mode 100644 _builds/default/_deps/googletest-subbuild/googletest-populate-prefix/src/googletest-populate-stamp/googletest-populate-install
 create mode 100644 _builds/default/_deps/googletest-subbuild/googletest-populate-prefix/src/googletest-populate-stamp/googletest-populate-mkdir
 create mode 100644 _builds/default/_deps/googletest-subbuild/googletest-populate-prefix/src/googletest-populate-stamp/googletest-populate-patch
 create mode 100644 _builds/default/_deps/googletest-subbuild/googletest-populate-prefix/src/googletest-populate-stamp/googletest-populate-patch-info.txt
 create mode 100644 _builds/default/_deps/googletest-subbuild/googletest-populate-prefix/src/googletest-populate-stamp/googletest-populate-test
 create mode 100644 _builds/default/_deps/googletest-subbuild/googletest-populate-prefix/src/googletest-populate-stamp/googletest-populate-update-info.txt
 create mode 100644 _builds/default/_deps/googletest-subbuild/googletest-populate-prefix/tmp/googletest-populate-cfgcmd.txt
 create mode 100644 _builds/default/_deps/googletest-subbuild/googletest-populate-prefix/tmp/googletest-populate-gitclone.cmake
 create mode 100644 _builds/default/_deps/googletest-subbuild/googletest-populate-prefix/tmp/googletest-populate-gitupdate.cmake
 create mode 100644 _builds/default/_deps/googletest-subbuild/googletest-populate-prefix/tmp/googletest-populate-mkdirs.cmake
 create mode 100755 _builds/default/check
 create mode 100644 _builds/default/check[1]_include.cmake
 create mode 100644 _builds/default/check[1]_tests.cmake
 create mode 100644 _builds/default/cmake_install.cmake
 create mode 100644 _builds/default/lib/libgtest.a
 create mode 100644 _builds/default/lib/libgtest_main.a
 create mode 100644 _builds/default/libprint.a
 create mode 100644 _builds/file.txt
 create mode 100644 _builds/lib/libgmock.a
 create mode 100644 _builds/lib/libgmock_main.a
 create mode 100644 _builds/lib/libgtest.a
 create mode 100644 _builds/lib/libgtest_main.a
 create mode 100644 _builds/libprint.a
 create mode 100644 _logs/polly/clang-cxx14/log-0.txt
 create mode 100644 _logs/polly/clang-cxx14/log-1.txt
 create mode 100644 _logs/polly/clang-cxx14/log.txt
 create mode 100644 _logs/polly/default/log-0.txt
 create mode 100644 _logs/polly/default/log.txt
 create mode 100644 cmake/Hunter/config.cmake
 create mode 100644 cmake/HunterGate.cmake
 create mode 100644 demo/main.cpp
 create mode 100644 print.cpp
 create mode 100644 print.hpp
 create mode 100644 print1.cpp
 delete mode 160000 third-party/gtest
 create mode 160000 tools/polly
ubuntu@Ubuntu-GUI:~/Dr0-ozdik777/workspace/projects/lab07$ git push origin main
Username for 'https://github.com': Dr0-ozdik777
Password for 'https://Dr0-ozdik777@github.com': 
Enumerating objects: 469, done.
Counting objects: 100% (469/469), done.
Delta compression using up to 4 threads
Compressing objects: 100% (425/425), done.
Writing objects: 100% (469/469), 2.66 MiB | 1.04 MiB/s, done.
Total 469 (delta 238), reused 33 (delta 8), pack-reused 0
remote: Resolving deltas: 100% (238/238), done.
To https://github.com/Dr0-ozdik777/lab07
 * [new branch]      main -> main
ubuntu@Ubuntu-GUI:~/Dr0-ozdik777/workspace/projects/lab07$ 
