Execute command: [
  `which`
  `cmake`
]
[/home/ubuntu/Dr0-ozdik777/workspace/projects/lab07]> "which" "cmake"
/usr/bin/cmake
Execute command: [
  `cmake`
  `--version`
]
[/home/ubuntu/Dr0-ozdik777/workspace/projects/lab07]> "cmake" "--version"
cmake version 3.28.3

CMake suite maintained and supported by Kitware (kitware.com/cmake).
Execute command: [
  `cmake`
  `-H.`
  `-B/home/ubuntu/Dr0-ozdik777/workspace/projects/lab07/_builds/clang-cxx14`
  `-GUnix Makefiles`
  `-DCMAKE_TOOLCHAIN_FILE=/home/ubuntu/Dr0-ozdik777/workspace/projects/lab07/tools/polly/clang-cxx14.cmake`
  `-DCMAKE_VERBOSE_MAKEFILE=ON`
  `-DPOLLY_STATUS_DEBUG=ON`
  `-DHUNTER_STATUS_DEBUG=ON`
]
[/home/ubuntu/Dr0-ozdik777/workspace/projects/lab07]> "cmake" "-H." "-B/home/ubuntu/Dr0-ozdik777/workspace/projects/lab07/_builds/clang-cxx14" "-GUnix Makefiles" "-DCMAKE_TOOLCHAIN_FILE=/home/ubuntu/Dr0-ozdik777/workspace/projects/lab07/tools/polly/clang-cxx14.cmake" "-DCMAKE_VERBOSE_MAKEFILE=ON" "-DPOLLY_STATUS_DEBUG=ON" "-DHUNTER_STATUS_DEBUG=ON"
-- [polly] Used toolchain: clang / c++14 support
-- [polly *** DEBUG ***] Used tag: clang-cxx14
-- [polly *** DEBUG ***] CMAKE_DEBUG_POSTFIX is empty
-- [polly *** DEBUG ***] CMAKE_DEBUG_POSTFIX set to 'd'
-- The CXX compiler identification is Clang 18.1.3
-- Detecting CXX compiler ABI info
-- Detecting CXX compiler ABI info - done
-- Check for working CXX compiler: /usr/bin/clang++ - skipped
-- Detecting CXX compile features
-- Detecting CXX compile features - done
-- The C compiler identification is Clang 18.1.3
-- Detecting C compiler ABI info
-- Detecting C compiler ABI info - done
-- Check for working C compiler: /usr/bin/clang - skipped
-- Detecting C compile features
-- Detecting C compile features - done
-- Found Python: /usr/bin/python3 (found version "3.12.3") found components: Interpreter
-- Performing Test CMAKE_HAVE_LIBC_PTHREAD
-- Performing Test CMAKE_HAVE_LIBC_PTHREAD - Success
-- Found Threads: TRUE
-- Configuring done (5.5s)
-- Generating done (0.0s)
CMake Warning:
  Manually-specified variables were not used by the project:

    HUNTER_STATUS_DEBUG


-- Build files have been written to: /home/ubuntu/Dr0-ozdik777/workspace/projects/lab07/_builds/clang-cxx14
Execute command: [
  `cmake`
  `--build`
  `/home/ubuntu/Dr0-ozdik777/workspace/projects/lab07/_builds/clang-cxx14`
  `--`
]
[/home/ubuntu/Dr0-ozdik777/workspace/projects/lab07]> "cmake" "--build" "/home/ubuntu/Dr0-ozdik777/workspace/projects/lab07/_builds/clang-cxx14" "--"
Change Dir: '/home/ubuntu/Dr0-ozdik777/workspace/projects/lab07/_builds/clang-cxx14'

Run Build Command(s): /usr/bin/cmake -E env VERBOSE=1 /usr/bin/gmake -f Makefile
/usr/bin/cmake -S/home/ubuntu/Dr0-ozdik777/workspace/projects/lab07 -B/home/ubuntu/Dr0-ozdik777/workspace/projects/lab07/_builds/clang-cxx14 --check-build-system CMakeFiles/Makefile.cmake 0
/usr/bin/cmake -E cmake_progress_start /home/ubuntu/Dr0-ozdik777/workspace/projects/lab07/_builds/clang-cxx14/CMakeFiles /home/ubuntu/Dr0-ozdik777/workspace/projects/lab07/_builds/clang-cxx14//CMakeFiles/progress.marks
/usr/bin/gmake  -f CMakeFiles/Makefile2 all
gmake[1]: Entering directory '/home/ubuntu/Dr0-ozdik777/workspace/projects/lab07/_builds/clang-cxx14'
/usr/bin/gmake  -f CMakeFiles/print.dir/build.make CMakeFiles/print.dir/depend
gmake[2]: Entering directory '/home/ubuntu/Dr0-ozdik777/workspace/projects/lab07/_builds/clang-cxx14'
cd /home/ubuntu/Dr0-ozdik777/workspace/projects/lab07/_builds/clang-cxx14 && /usr/bin/cmake -E cmake_depends "Unix Makefiles" /home/ubuntu/Dr0-ozdik777/workspace/projects/lab07 /home/ubuntu/Dr0-ozdik777/workspace/projects/lab07 /home/ubuntu/Dr0-ozdik777/workspace/projects/lab07/_builds/clang-cxx14 /home/ubuntu/Dr0-ozdik777/workspace/projects/lab07/_builds/clang-cxx14 /home/ubuntu/Dr0-ozdik777/workspace/projects/lab07/_builds/clang-cxx14/CMakeFiles/print.dir/DependInfo.cmake "--color="
gmake[2]: Leaving directory '/home/ubuntu/Dr0-ozdik777/workspace/projects/lab07/_builds/clang-cxx14'
/usr/bin/gmake  -f CMakeFiles/print.dir/build.make CMakeFiles/print.dir/build
gmake[2]: Entering directory '/home/ubuntu/Dr0-ozdik777/workspace/projects/lab07/_builds/clang-cxx14'
[  7%] Building CXX object CMakeFiles/print.dir/print.cpp.o
/usr/bin/clang++  -I/home/ubuntu/Dr0-ozdik777/workspace/projects/lab07 -std=c++14 -std=c++14 -MD -MT CMakeFiles/print.dir/print.cpp.o -MF CMakeFiles/print.dir/print.cpp.o.d -o CMakeFiles/print.dir/print.cpp.o -c /home/ubuntu/Dr0-ozdik777/workspace/projects/lab07/print.cpp
[ 14%] Linking CXX static library libprint.a
/usr/bin/cmake -P CMakeFiles/print.dir/cmake_clean_target.cmake
/usr/bin/cmake -E cmake_link_script CMakeFiles/print.dir/link.txt --verbose=1
/usr/bin/ar qc libprint.a CMakeFiles/print.dir/print.cpp.o
/usr/bin/ranlib libprint.a
gmake[2]: Leaving directory '/home/ubuntu/Dr0-ozdik777/workspace/projects/lab07/_builds/clang-cxx14'
[ 14%] Built target print
/usr/bin/gmake  -f _deps/googletest-build/googletest/CMakeFiles/gtest.dir/build.make _deps/googletest-build/googletest/CMakeFiles/gtest.dir/depend
gmake[2]: Entering directory '/home/ubuntu/Dr0-ozdik777/workspace/projects/lab07/_builds/clang-cxx14'
cd /home/ubuntu/Dr0-ozdik777/workspace/projects/lab07/_builds/clang-cxx14 && /usr/bin/cmake -E cmake_depends "Unix Makefiles" /home/ubuntu/Dr0-ozdik777/workspace/projects/lab07 /home/ubuntu/Dr0-ozdik777/workspace/projects/lab07/_builds/clang-cxx14/_deps/googletest-src/googletest /home/ubuntu/Dr0-ozdik777/workspace/projects/lab07/_builds/clang-cxx14 /home/ubuntu/Dr0-ozdik777/workspace/projects/lab07/_builds/clang-cxx14/_deps/googletest-build/googletest /home/ubuntu/Dr0-ozdik777/workspace/projects/lab07/_builds/clang-cxx14/_deps/googletest-build/googletest/CMakeFiles/gtest.dir/DependInfo.cmake "--color="
gmake[2]: Leaving directory '/home/ubuntu/Dr0-ozdik777/workspace/projects/lab07/_builds/clang-cxx14'
/usr/bin/gmake  -f _deps/googletest-build/googletest/CMakeFiles/gtest.dir/build.make _deps/googletest-build/googletest/CMakeFiles/gtest.dir/build
gmake[2]: Entering directory '/home/ubuntu/Dr0-ozdik777/workspace/projects/lab07/_builds/clang-cxx14'
[ 21%] Building CXX object _deps/googletest-build/googletest/CMakeFiles/gtest.dir/src/gtest-all.cc.o
cd /home/ubuntu/Dr0-ozdik777/workspace/projects/lab07/_builds/clang-cxx14/_deps/googletest-build/googletest && /usr/bin/clang++  -I/home/ubuntu/Dr0-ozdik777/workspace/projects/lab07/_builds/clang-cxx14/_deps/googletest-src/googletest/include -I/home/ubuntu/Dr0-ozdik777/workspace/projects/lab07/_builds/clang-cxx14/_deps/googletest-src/googletest -std=c++14 -std=c++14 -Wall -Wshadow -Wconversion -DGTEST_HAS_PTHREAD=1 -fexceptions -W -Wpointer-arith -Wreturn-type -Wcast-qual -Wwrite-strings -Wswitch -Wunused-parameter -Wcast-align -Wchar-subscripts -Winline -Wredundant-decls -MD -MT _deps/googletest-build/googletest/CMakeFiles/gtest.dir/src/gtest-all.cc.o -MF CMakeFiles/gtest.dir/src/gtest-all.cc.o.d -o CMakeFiles/gtest.dir/src/gtest-all.cc.o -c /home/ubuntu/Dr0-ozdik777/workspace/projects/lab07/_builds/clang-cxx14/_deps/googletest-src/googletest/src/gtest-all.cc
[ 28%] Linking CXX static library ../../../lib/libgtest.a
cd /home/ubuntu/Dr0-ozdik777/workspace/projects/lab07/_builds/clang-cxx14/_deps/googletest-build/googletest && /usr/bin/cmake -P CMakeFiles/gtest.dir/cmake_clean_target.cmake
cd /home/ubuntu/Dr0-ozdik777/workspace/projects/lab07/_builds/clang-cxx14/_deps/googletest-build/googletest && /usr/bin/cmake -E cmake_link_script CMakeFiles/gtest.dir/link.txt --verbose=1
/usr/bin/ar qc ../../../lib/libgtest.a "CMakeFiles/gtest.dir/src/gtest-all.cc.o"
/usr/bin/ranlib ../../../lib/libgtest.a
gmake[2]: Leaving directory '/home/ubuntu/Dr0-ozdik777/workspace/projects/lab07/_builds/clang-cxx14'
[ 28%] Built target gtest
/usr/bin/gmake  -f _deps/googletest-build/googletest/CMakeFiles/gtest_main.dir/build.make _deps/googletest-build/googletest/CMakeFiles/gtest_main.dir/depend
gmake[2]: Entering directory '/home/ubuntu/Dr0-ozdik777/workspace/projects/lab07/_builds/clang-cxx14'
cd /home/ubuntu/Dr0-ozdik777/workspace/projects/lab07/_builds/clang-cxx14 && /usr/bin/cmake -E cmake_depends "Unix Makefiles" /home/ubuntu/Dr0-ozdik777/workspace/projects/lab07 /home/ubuntu/Dr0-ozdik777/workspace/projects/lab07/_builds/clang-cxx14/_deps/googletest-src/googletest /home/ubuntu/Dr0-ozdik777/workspace/projects/lab07/_builds/clang-cxx14 /home/ubuntu/Dr0-ozdik777/workspace/projects/lab07/_builds/clang-cxx14/_deps/googletest-build/googletest /home/ubuntu/Dr0-ozdik777/workspace/projects/lab07/_builds/clang-cxx14/_deps/googletest-build/googletest/CMakeFiles/gtest_main.dir/DependInfo.cmake "--color="
gmake[2]: Leaving directory '/home/ubuntu/Dr0-ozdik777/workspace/projects/lab07/_builds/clang-cxx14'
/usr/bin/gmake  -f _deps/googletest-build/googletest/CMakeFiles/gtest_main.dir/build.make _deps/googletest-build/googletest/CMakeFiles/gtest_main.dir/build
gmake[2]: Entering directory '/home/ubuntu/Dr0-ozdik777/workspace/projects/lab07/_builds/clang-cxx14'
[ 35%] Building CXX object _deps/googletest-build/googletest/CMakeFiles/gtest_main.dir/src/gtest_main.cc.o
cd /home/ubuntu/Dr0-ozdik777/workspace/projects/lab07/_builds/clang-cxx14/_deps/googletest-build/googletest && /usr/bin/clang++  -isystem /home/ubuntu/Dr0-ozdik777/workspace/projects/lab07/_builds/clang-cxx14/_deps/googletest-src/googletest/include -isystem /home/ubuntu/Dr0-ozdik777/workspace/projects/lab07/_builds/clang-cxx14/_deps/googletest-src/googletest -std=c++14 -std=c++14 -Wall -Wshadow -Wconversion -DGTEST_HAS_PTHREAD=1 -fexceptions -W -Wpointer-arith -Wreturn-type -Wcast-qual -Wwrite-strings -Wswitch -Wunused-parameter -Wcast-align -Wchar-subscripts -Winline -Wredundant-decls -MD -MT _deps/googletest-build/googletest/CMakeFiles/gtest_main.dir/src/gtest_main.cc.o -MF CMakeFiles/gtest_main.dir/src/gtest_main.cc.o.d -o CMakeFiles/gtest_main.dir/src/gtest_main.cc.o -c /home/ubuntu/Dr0-ozdik777/workspace/projects/lab07/_builds/clang-cxx14/_deps/googletest-src/googletest/src/gtest_main.cc
[ 42%] Linking CXX static library ../../../lib/libgtest_main.a
cd /home/ubuntu/Dr0-ozdik777/workspace/projects/lab07/_builds/clang-cxx14/_deps/googletest-build/googletest && /usr/bin/cmake -P CMakeFiles/gtest_main.dir/cmake_clean_target.cmake
cd /home/ubuntu/Dr0-ozdik777/workspace/projects/lab07/_builds/clang-cxx14/_deps/googletest-build/googletest && /usr/bin/cmake -E cmake_link_script CMakeFiles/gtest_main.dir/link.txt --verbose=1
/usr/bin/ar qc ../../../lib/libgtest_main.a CMakeFiles/gtest_main.dir/src/gtest_main.cc.o
/usr/bin/ranlib ../../../lib/libgtest_main.a
gmake[2]: Leaving directory '/home/ubuntu/Dr0-ozdik777/workspace/projects/lab07/_builds/clang-cxx14'
[ 42%] Built target gtest_main
/usr/bin/gmake  -f CMakeFiles/check.dir/build.make CMakeFiles/check.dir/depend
gmake[2]: Entering directory '/home/ubuntu/Dr0-ozdik777/workspace/projects/lab07/_builds/clang-cxx14'
cd /home/ubuntu/Dr0-ozdik777/workspace/projects/lab07/_builds/clang-cxx14 && /usr/bin/cmake -E cmake_depends "Unix Makefiles" /home/ubuntu/Dr0-ozdik777/workspace/projects/lab07 /home/ubuntu/Dr0-ozdik777/workspace/projects/lab07 /home/ubuntu/Dr0-ozdik777/workspace/projects/lab07/_builds/clang-cxx14 /home/ubuntu/Dr0-ozdik777/workspace/projects/lab07/_builds/clang-cxx14 /home/ubuntu/Dr0-ozdik777/workspace/projects/lab07/_builds/clang-cxx14/CMakeFiles/check.dir/DependInfo.cmake "--color="
gmake[2]: Leaving directory '/home/ubuntu/Dr0-ozdik777/workspace/projects/lab07/_builds/clang-cxx14'
/usr/bin/gmake  -f CMakeFiles/check.dir/build.make CMakeFiles/check.dir/build
gmake[2]: Entering directory '/home/ubuntu/Dr0-ozdik777/workspace/projects/lab07/_builds/clang-cxx14'
[ 50%] Building CXX object CMakeFiles/check.dir/tests/test1.cpp.o
/usr/bin/clang++  -I/home/ubuntu/Dr0-ozdik777/workspace/projects/lab07 -isystem /home/ubuntu/Dr0-ozdik777/workspace/projects/lab07/_builds/clang-cxx14/_deps/googletest-src/googletest/include -isystem /home/ubuntu/Dr0-ozdik777/workspace/projects/lab07/_builds/clang-cxx14/_deps/googletest-src/googletest -std=c++14 -std=c++14 -MD -MT CMakeFiles/check.dir/tests/test1.cpp.o -MF CMakeFiles/check.dir/tests/test1.cpp.o.d -o CMakeFiles/check.dir/tests/test1.cpp.o -c /home/ubuntu/Dr0-ozdik777/workspace/projects/lab07/tests/test1.cpp
[ 57%] Linking CXX executable check
/usr/bin/cmake -E cmake_link_script CMakeFiles/check.dir/link.txt --verbose=1
/usr/bin/clang++ -std=c++14 CMakeFiles/check.dir/tests/test1.cpp.o -o check  libprint.a lib/libgtest_main.a lib/libgtest.a
/usr/bin/cmake -D TEST_TARGET=check -D TEST_EXECUTABLE=/home/ubuntu/Dr0-ozdik777/workspace/projects/lab07/_builds/clang-cxx14/check -D TEST_EXECUTOR= -D TEST_WORKING_DIR=/home/ubuntu/Dr0-ozdik777/workspace/projects/lab07/_builds/clang-cxx14 -D TEST_EXTRA_ARGS= -D TEST_PROPERTIES= -D TEST_PREFIX= -D TEST_SUFFIX= -D TEST_FILTER= -D NO_PRETTY_TYPES=FALSE -D NO_PRETTY_VALUES=FALSE -D TEST_LIST=check_TESTS -D CTEST_FILE=/home/ubuntu/Dr0-ozdik777/workspace/projects/lab07/_builds/clang-cxx14/check[1]_tests.cmake -D TEST_DISCOVERY_TIMEOUT=5 -D TEST_XML_OUTPUT_DIR= -P /usr/share/cmake-3.28/Modules/GoogleTestAddTests.cmake
gmake[2]: Leaving directory '/home/ubuntu/Dr0-ozdik777/workspace/projects/lab07/_builds/clang-cxx14'
[ 57%] Built target check
/usr/bin/gmake  -f CMakeFiles/demo.dir/build.make CMakeFiles/demo.dir/depend
gmake[2]: Entering directory '/home/ubuntu/Dr0-ozdik777/workspace/projects/lab07/_builds/clang-cxx14'
cd /home/ubuntu/Dr0-ozdik777/workspace/projects/lab07/_builds/clang-cxx14 && /usr/bin/cmake -E cmake_depends "Unix Makefiles" /home/ubuntu/Dr0-ozdik777/workspace/projects/lab07 /home/ubuntu/Dr0-ozdik777/workspace/projects/lab07 /home/ubuntu/Dr0-ozdik777/workspace/projects/lab07/_builds/clang-cxx14 /home/ubuntu/Dr0-ozdik777/workspace/projects/lab07/_builds/clang-cxx14 /home/ubuntu/Dr0-ozdik777/workspace/projects/lab07/_builds/clang-cxx14/CMakeFiles/demo.dir/DependInfo.cmake "--color="
gmake[2]: Leaving directory '/home/ubuntu/Dr0-ozdik777/workspace/projects/lab07/_builds/clang-cxx14'
/usr/bin/gmake  -f CMakeFiles/demo.dir/build.make CMakeFiles/demo.dir/build
gmake[2]: Entering directory '/home/ubuntu/Dr0-ozdik777/workspace/projects/lab07/_builds/clang-cxx14'
[ 64%] Building CXX object CMakeFiles/demo.dir/demo/main.cpp.o
/usr/bin/clang++  -I/home/ubuntu/Dr0-ozdik777/workspace/projects/lab07 -std=c++14 -std=c++14 -MD -MT CMakeFiles/demo.dir/demo/main.cpp.o -MF CMakeFiles/demo.dir/demo/main.cpp.o.d -o CMakeFiles/demo.dir/demo/main.cpp.o -c /home/ubuntu/Dr0-ozdik777/workspace/projects/lab07/demo/main.cpp
/home/ubuntu/Dr0-ozdik777/workspace/projects/lab07/demo/main.cpp:16:19: error: implicit instantiation of undefined template 'std::basic_ofstream<char>'
   16 |     std::ofstream out{log_path, std::ios_base::app};
      |                   ^
/usr/bin/../lib/gcc/aarch64-linux-gnu/13/../../../../include/c++/13/iosfwd:121:11: note: template is declared here
  121 |     class basic_ofstream;
      |           ^
1 error generated.
gmake[2]: Leaving directory '/home/ubuntu/Dr0-ozdik777/workspace/projects/lab07/_builds/clang-cxx14'
gmake[2]: *** [CMakeFiles/demo.dir/build.make:79: CMakeFiles/demo.dir/demo/main.cpp.o] Error 1
gmake[1]: Leaving directory '/home/ubuntu/Dr0-ozdik777/workspace/projects/lab07/_builds/clang-cxx14'
gmake[1]: *** [CMakeFiles/Makefile2:197: CMakeFiles/demo.dir/all] Error 2
gmake: *** [Makefile:149: all] Error 2

